[0.013s] Invoking command in '/home/haechan/Repo_2025/machine_AI/vertiport_detect/detecting_vertiport_ws/build/realsense2_camera_msgs': CMAKE_PREFIX_PATH=${CMAKE_PREFIX_PATH}:/home/haechan/Repo_2025/machine_AI/vertiport_detect/detecting_vertiport_ws/install/cv_control_for_landing:/opt/ros/humble /usr/local/bin/cmake --build /home/haechan/Repo_2025/machine_AI/vertiport_detect/detecting_vertiport_ws/build/realsense2_camera_msgs -- -j16 -l16
[0.039s] [  1%] Built target realsense2_camera_msgs__cpp
[0.039s] [ 12%] Built target realsense2_camera_msgs__rosidl_generator_c
[0.043s] [ 12%] Built target ament_cmake_python_copy_realsense2_camera_msgs
[0.052s] [ 46%] Built target realsense2_camera_msgs__rosidl_typesupport_introspection_cpp
[0.052s] [ 46%] Built target realsense2_camera_msgs__rosidl_typesupport_cpp
[0.052s] [ 46%] Built target realsense2_camera_msgs__rosidl_typesupport_fastrtps_cpp
[0.054s] [ 68%] Built target realsense2_camera_msgs__rosidl_typesupport_introspection_c
[0.054s] [ 68%] Built target realsense2_camera_msgs__rosidl_typesupport_c
[0.055s] [ 79%] Built target realsense2_camera_msgs__rosidl_typesupport_fastrtps_c
[0.066s] [ 79%] Built target realsense2_camera_msgs
[0.078s] [ 80%] Built target realsense2_camera_msgs__py
[0.092s] [ 90%] Built target realsense2_camera_msgs__rosidl_generator_py
[0.103s] [ 96%] Built target realsense2_camera_msgs__rosidl_typesupport_fastrtps_c__pyext
[0.104s] [ 96%] Built target realsense2_camera_msgs__rosidl_typesupport_c__pyext
[0.104s] [100%] Built target realsense2_camera_msgs__rosidl_typesupport_introspection_c__pyext
[0.181s] running egg_info
[0.193s] writing realsense2_camera_msgs.egg-info/PKG-INFO
[0.193s] writing dependency_links to realsense2_camera_msgs.egg-info/dependency_links.txt
[0.193s] writing top-level names to realsense2_camera_msgs.egg-info/top_level.txt
[0.232s] reading manifest file 'realsense2_camera_msgs.egg-info/SOURCES.txt'
[0.233s] writing manifest file 'realsense2_camera_msgs.egg-info/SOURCES.txt'
[0.256s] [100%] Built target ament_cmake_python_build_realsense2_camera_msgs_egg
