[0.009s] Invoking command in '/home/haechan/Repo_2025/machine_AI/vertiport_detect/detecting_vertiport_ws/build/realsense2_camera_msgs': CMAKE_PREFIX_PATH=${CMAKE_PREFIX_PATH}:/home/haechan/Repo_2025/machine_AI/vertiport_detect/detecting_vertiport_ws/install/cv_control_for_landing:/opt/ros/humble /usr/local/bin/cmake /home/haechan/Repo_2025/machine_AI/vertiport_detect/detecting_vertiport_ws/src/realsense-ros/realsense2_camera_msgs -DCMAKE_INSTALL_PREFIX=/home/haechan/Repo_2025/machine_AI/vertiport_detect/detecting_vertiport_ws/install/realsense2_camera_msgs
[0.013s] [0mCMake Deprecation Warning at CMakeLists.txt:15 (cmake_minimum_required):
[0.013s]   Compatibility with CMake < 3.10 will be removed from a future version of
[0.013s]   CMake.
[0.013s] 
[0.013s]   Update the VERSION argument <min> value.  Or, use the <min>...<max> syntax
[0.013s]   to tell CMake that the project requires at least <min> but has been updated
[0.013s]   to work with policies introduced by <max> or earlier.
[0.013s] 
[0.013s] [0m
[0.060s] -- The C compiler identification is GNU 13.1.0
[0.106s] -- The CXX compiler identification is GNU 13.1.0
[0.116s] -- Detecting C compiler ABI info
[0.171s] -- Detecting C compiler ABI info - done
[0.182s] -- Check for working C compiler: /usr/bin/cc - skipped
[0.183s] -- Detecting C compile features
[0.183s] -- Detecting C compile features - done
[0.193s] -- Detecting CXX compiler ABI info
[0.252s] -- Detecting CXX compiler ABI info - done
[0.262s] -- Check for working CXX compiler: /usr/bin/c++ - skipped
[0.263s] -- Detecting CXX compile features
[0.263s] -- Detecting CXX compile features - done
[0.273s] -- Found ament_cmake: 1.3.11 (/opt/ros/humble/share/ament_cmake/cmake)
[0.377s] -- Found Python3: /usr/bin/python3 (found version "3.10.12") found components: Interpreter
[0.450s] -- Found rosidl_default_generators: 1.2.0 (/opt/ros/humble/share/rosidl_default_generators/cmake)
[0.453s] -- Using all available rosidl_typesupport_c: rosidl_typesupport_fastrtps_c;rosidl_typesupport_introspection_c
[0.460s] -- Found rosidl_adapter: 3.1.6 (/opt/ros/humble/share/rosidl_adapter/cmake)
[0.501s] -- Using all available rosidl_typesupport_cpp: rosidl_typesupport_fastrtps_cpp;rosidl_typesupport_introspection_cpp
[0.532s] -- Found builtin_interfaces: 1.2.1 (/opt/ros/humble/share/builtin_interfaces/cmake)
[0.543s] -- Found std_msgs: 4.8.0 (/opt/ros/humble/share/std_msgs/cmake)
[0.555s] -- Found sensor_msgs: 4.8.0 (/opt/ros/humble/share/sensor_msgs/cmake)
[0.913s] -- Found ament_cmake_cppcheck: 0.12.12 (/opt/ros/humble/share/ament_cmake_cppcheck/cmake)
[0.914s] -- Found ament_cmake_cpplint: 0.12.12 (/opt/ros/humble/share/ament_cmake_cpplint/cmake)
[0.916s] -- Found ament_cmake_uncrustify: 0.12.12 (/opt/ros/humble/share/ament_cmake_uncrustify/cmake)
[0.918s] -- Found ament_cmake_ros: 0.10.0 (/opt/ros/humble/share/ament_cmake_ros/cmake)
[1.296s] -- Using all available rosidl_typesupport_c: rosidl_typesupport_fastrtps_c;rosidl_typesupport_introspection_c
[1.786s] -- Using all available rosidl_typesupport_cpp: rosidl_typesupport_fastrtps_cpp;rosidl_typesupport_introspection_cpp
[1.790s] [33mCMake Warning (dev) at /opt/ros/humble/share/rosidl_generator_py/cmake/rosidl_generator_py_generate_interfaces.cmake:20 (find_package):
[1.790s]   Policy CMP0148 is not set: The FindPythonInterp and FindPythonLibs modules
[1.790s]   are removed.  Run "cmake --help-policy CMP0148" for policy details.  Use
[1.791s]   the cmake_policy command to set the policy and suppress this warning.
[1.791s] 
[1.791s] Call Stack (most recent call first):
[1.791s]   /opt/ros/humble/share/ament_cmake_core/cmake/core/ament_execute_extensions.cmake:48 (include)
[1.791s]   /opt/ros/humble/share/rosidl_cmake/cmake/rosidl_generate_interfaces.cmake:286 (ament_execute_extensions)
[1.791s]   CMakeLists.txt:39 (rosidl_generate_interfaces)
[1.791s] This warning is for project developers.  Use -Wno-dev to suppress it.
[1.791s] [0m
[1.809s] -- Found PythonInterp: /usr/bin/python3 (found suitable version "3.10.12", minimum required is "3.6")
[1.810s] -- Found python_cmake_module: 0.10.0 (/opt/ros/humble/share/python_cmake_module/cmake)
[1.811s] [33mCMake Warning (dev) at /opt/ros/humble/share/python_cmake_module/cmake/Modules/FindPythonExtra.cmake:52 (find_package):
[1.811s]   Policy CMP0148 is not set: The FindPythonInterp and FindPythonLibs modules
[1.811s]   are removed.  Run "cmake --help-policy CMP0148" for policy details.  Use
[1.811s]   the cmake_policy command to set the policy and suppress this warning.
[1.811s] 
[1.811s] Call Stack (most recent call first):
[1.811s]   /opt/ros/humble/share/rosidl_generator_py/cmake/rosidl_generator_py_generate_interfaces.cmake:23 (find_package)
[1.812s]   /opt/ros/humble/share/ament_cmake_core/cmake/core/ament_execute_extensions.cmake:48 (include)
[1.812s]   /opt/ros/humble/share/rosidl_cmake/cmake/rosidl_generate_interfaces.cmake:286 (ament_execute_extensions)
[1.812s]   CMakeLists.txt:39 (rosidl_generate_interfaces)
[1.812s] This warning is for project developers.  Use -Wno-dev to suppress it.
[1.813s] [0m
[1.829s] [33mCMake Warning (dev) at /opt/ros/humble/share/python_cmake_module/cmake/Modules/FindPythonExtra.cmake:140 (find_package):
[1.829s]   Policy CMP0148 is not set: The FindPythonInterp and FindPythonLibs modules
[1.829s]   are removed.  Run "cmake --help-policy CMP0148" for policy details.  Use
[1.829s]   the cmake_policy command to set the policy and suppress this warning.
[1.829s] 
[1.829s] Call Stack (most recent call first):
[1.829s]   /opt/ros/humble/share/rosidl_generator_py/cmake/rosidl_generator_py_generate_interfaces.cmake:23 (find_package)
[1.829s]   /opt/ros/humble/share/ament_cmake_core/cmake/core/ament_execute_extensions.cmake:48 (include)
[1.829s]   /opt/ros/humble/share/rosidl_cmake/cmake/rosidl_generate_interfaces.cmake:286 (ament_execute_extensions)
[1.830s]   CMakeLists.txt:39 (rosidl_generate_interfaces)
[1.830s] This warning is for project developers.  Use -Wno-dev to suppress it.
[1.830s] [0m
[1.835s] -- Found PythonLibs: /usr/lib/x86_64-linux-gnu/libpython3.10.so (found suitable version "3.10.12", minimum required is "3.5")
[1.835s] -- Using PYTHON_EXECUTABLE: /usr/bin/python3
[1.835s] -- Using PYTHON_INCLUDE_DIRS: /usr/include/python3.10
[1.835s] -- Using PYTHON_LIBRARIES: /usr/lib/x86_64-linux-gnu/libpython3.10.so
[1.850s] -- Found PythonExtra: .so
[1.902s] -- Found ament_cmake_flake8: 0.12.12 (/opt/ros/humble/share/ament_cmake_flake8/cmake)
[1.905s] -- Found ament_cmake_pep257: 0.12.12 (/opt/ros/humble/share/ament_cmake_pep257/cmake)
[1.915s] -- Configuring done (1.9s)
[1.950s] -- Generating done (0.0s)
[1.956s] -- Build files have been written to: /home/haechan/Repo_2025/machine_AI/vertiport_detect/detecting_vertiport_ws/build/realsense2_camera_msgs
[1.972s] Invoked command in '/home/haechan/Repo_2025/machine_AI/vertiport_detect/detecting_vertiport_ws/build/realsense2_camera_msgs' returned '0': CMAKE_PREFIX_PATH=${CMAKE_PREFIX_PATH}:/home/haechan/Repo_2025/machine_AI/vertiport_detect/detecting_vertiport_ws/install/cv_control_for_landing:/opt/ros/humble /usr/local/bin/cmake /home/haechan/Repo_2025/machine_AI/vertiport_detect/detecting_vertiport_ws/src/realsense-ros/realsense2_camera_msgs -DCMAKE_INSTALL_PREFIX=/home/haechan/Repo_2025/machine_AI/vertiport_detect/detecting_vertiport_ws/install/realsense2_camera_msgs
[1.973s] Invoking command in '/home/haechan/Repo_2025/machine_AI/vertiport_detect/detecting_vertiport_ws/build/realsense2_camera_msgs': CMAKE_PREFIX_PATH=${CMAKE_PREFIX_PATH}:/home/haechan/Repo_2025/machine_AI/vertiport_detect/detecting_vertiport_ws/install/cv_control_for_landing:/opt/ros/humble /usr/local/bin/cmake --build /home/haechan/Repo_2025/machine_AI/vertiport_detect/detecting_vertiport_ws/build/realsense2_camera_msgs -- -j16 -l16
[1.993s] [  1%] [34m[1mGenerating C code for ROS interfaces[0m
[1.998s] [  3%] [34m[1mGenerating C++ code for ROS interfaces[0m
[2.001s] [  3%] Built target ament_cmake_python_copy_realsense2_camera_msgs
[2.160s] running egg_info
[2.173s] creating realsense2_camera_msgs.egg-info
[2.173s] writing realsense2_camera_msgs.egg-info/PKG-INFO
[2.173s] writing dependency_links to realsense2_camera_msgs.egg-info/dependency_links.txt
[2.173s] writing top-level names to realsense2_camera_msgs.egg-info/top_level.txt
[2.173s] writing manifest file 'realsense2_camera_msgs.egg-info/SOURCES.txt'
[2.209s] reading manifest file 'realsense2_camera_msgs.egg-info/SOURCES.txt'
[2.210s] writing manifest file 'realsense2_camera_msgs.egg-info/SOURCES.txt'
[2.236s] [  3%] Built target ament_cmake_python_build_realsense2_camera_msgs_egg
[2.330s] [  3%] Built target realsense2_camera_msgs__cpp
[2.335s] [  7%] [34m[1mGenerating C++ type support for eProsima Fast-RTPS[0m
[2.335s] [  7%] [34m[1mGenerating C++ introspection for ROS interfaces[0m
[2.335s] [  7%] [34m[1mGenerating C++ type support dispatch for ROS interfaces[0m
[2.344s] [  9%] [32mBuilding C object CMakeFiles/realsense2_camera_msgs__rosidl_generator_c.dir/rosidl_generator_c/realsense2_camera_msgs/msg/detail/imu_info__functions.c.o[0m
[2.344s] [ 11%] [32mBuilding C object CMakeFiles/realsense2_camera_msgs__rosidl_generator_c.dir/rosidl_generator_c/realsense2_camera_msgs/msg/detail/rgbd__functions.c.o[0m
[2.344s] [ 12%] [32mBuilding C object CMakeFiles/realsense2_camera_msgs__rosidl_generator_c.dir/rosidl_generator_c/realsense2_camera_msgs/msg/detail/extrinsics__functions.c.o[0m
[2.344s] [ 14%] [32mBuilding C object CMakeFiles/realsense2_camera_msgs__rosidl_generator_c.dir/rosidl_generator_c/realsense2_camera_msgs/msg/detail/metadata__functions.c.o[0m
[2.345s] [ 15%] [32mBuilding C object CMakeFiles/realsense2_camera_msgs__rosidl_generator_c.dir/rosidl_generator_c/realsense2_camera_msgs/srv/detail/device_info__functions.c.o[0m
[2.398s] [ 17%] [32m[1mLinking C shared library librealsense2_camera_msgs__rosidl_generator_c.so[0m
[2.435s] [ 17%] Built target realsense2_camera_msgs__rosidl_generator_c
[2.442s] [ 22%] [34m[1mGenerating C type support dispatch for ROS interfaces[0m
[2.442s] [ 22%] [34m[1mGenerating C introspection for ROS interfaces[0m
[2.442s] [ 22%] [34m[1mGenerating C type support for eProsima Fast-RTPS[0m
[2.646s] [ 25%] [32mBuilding CXX object CMakeFiles/realsense2_camera_msgs__rosidl_typesupport_cpp.dir/rosidl_typesupport_cpp/realsense2_camera_msgs/msg/imu_info__type_support.cpp.o[0m
[2.646s] [ 25%] [32mBuilding CXX object CMakeFiles/realsense2_camera_msgs__rosidl_typesupport_cpp.dir/rosidl_typesupport_cpp/realsense2_camera_msgs/msg/metadata__type_support.cpp.o[0m
[2.646s] [ 26%] [32mBuilding CXX object CMakeFiles/realsense2_camera_msgs__rosidl_typesupport_cpp.dir/rosidl_typesupport_cpp/realsense2_camera_msgs/msg/extrinsics__type_support.cpp.o[0m
[2.646s] [ 28%] [32mBuilding CXX object CMakeFiles/realsense2_camera_msgs__rosidl_typesupport_cpp.dir/rosidl_typesupport_cpp/realsense2_camera_msgs/msg/rgbd__type_support.cpp.o[0m
[2.647s] [ 30%] [32mBuilding CXX object CMakeFiles/realsense2_camera_msgs__rosidl_typesupport_cpp.dir/rosidl_typesupport_cpp/realsense2_camera_msgs/srv/device_info__type_support.cpp.o[0m
[2.686s] [ 38%] [32mBuilding CXX object CMakeFiles/realsense2_camera_msgs__rosidl_typesupport_introspection_cpp.dir/rosidl_typesupport_introspection_cpp/realsense2_camera_msgs/msg/detail/rgbd__type_support.cpp.o[0m
[2.686s] [ 38%] [32mBuilding CXX object CMakeFiles/realsense2_camera_msgs__rosidl_typesupport_introspection_cpp.dir/rosidl_typesupport_introspection_cpp/realsense2_camera_msgs/msg/detail/extrinsics__type_support.cpp.o[0m
[2.686s] [ 38%] [32mBuilding CXX object CMakeFiles/realsense2_camera_msgs__rosidl_typesupport_introspection_cpp.dir/rosidl_typesupport_introspection_cpp/realsense2_camera_msgs/srv/detail/device_info__type_support.cpp.o[0m
[2.686s] [ 38%] [32mBuilding CXX object CMakeFiles/realsense2_camera_msgs__rosidl_typesupport_introspection_cpp.dir/rosidl_typesupport_introspection_cpp/realsense2_camera_msgs/msg/detail/metadata__type_support.cpp.o[0m
[2.686s] [ 38%] [32mBuilding CXX object CMakeFiles/realsense2_camera_msgs__rosidl_typesupport_introspection_cpp.dir/rosidl_typesupport_introspection_cpp/realsense2_camera_msgs/msg/detail/imu_info__type_support.cpp.o[0m
[2.731s] [ 42%] [32mBuilding CXX object CMakeFiles/realsense2_camera_msgs__rosidl_typesupport_fastrtps_cpp.dir/rosidl_typesupport_fastrtps_cpp/realsense2_camera_msgs/msg/detail/dds_fastrtps/extrinsics__type_support.cpp.o[0m
[2.731s] [ 42%] [32mBuilding CXX object CMakeFiles/realsense2_camera_msgs__rosidl_typesupport_fastrtps_cpp.dir/rosidl_typesupport_fastrtps_cpp/realsense2_camera_msgs/msg/detail/dds_fastrtps/metadata__type_support.cpp.o[0m
[2.731s] [ 42%] [32mBuilding CXX object CMakeFiles/realsense2_camera_msgs__rosidl_typesupport_fastrtps_cpp.dir/rosidl_typesupport_fastrtps_cpp/realsense2_camera_msgs/msg/detail/dds_fastrtps/imu_info__type_support.cpp.o[0m
[2.798s] [ 44%] [32mBuilding CXX object CMakeFiles/realsense2_camera_msgs__rosidl_typesupport_c.dir/rosidl_typesupport_c/realsense2_camera_msgs/msg/imu_info__type_support.cpp.o[0m
[2.849s] [ 46%] [32mBuilding CXX object CMakeFiles/realsense2_camera_msgs__rosidl_typesupport_c.dir/rosidl_typesupport_c/realsense2_camera_msgs/msg/extrinsics__type_support.cpp.o[0m
[2.882s] [ 47%] [32mBuilding CXX object CMakeFiles/realsense2_camera_msgs__rosidl_typesupport_c.dir/rosidl_typesupport_c/realsense2_camera_msgs/msg/metadata__type_support.cpp.o[0m
[2.906s] [ 49%] [32mBuilding C object CMakeFiles/realsense2_camera_msgs__rosidl_typesupport_introspection_c.dir/rosidl_typesupport_introspection_c/realsense2_camera_msgs/msg/detail/imu_info__type_support.c.o[0m
[2.923s] [ 50%] [32mBuilding CXX object CMakeFiles/realsense2_camera_msgs__rosidl_typesupport_c.dir/rosidl_typesupport_c/realsense2_camera_msgs/msg/rgbd__type_support.cpp.o[0m
[2.924s] [ 52%] [32mBuilding CXX object CMakeFiles/realsense2_camera_msgs__rosidl_typesupport_fastrtps_c.dir/rosidl_typesupport_fastrtps_c/realsense2_camera_msgs/msg/detail/imu_info__type_support_c.cpp.o[0m
[2.960s] [ 53%] [32mBuilding C object CMakeFiles/realsense2_camera_msgs__rosidl_typesupport_introspection_c.dir/rosidl_typesupport_introspection_c/realsense2_camera_msgs/msg/detail/metadata__type_support.c.o[0m
[2.961s] [ 55%] [32mBuilding C object CMakeFiles/realsense2_camera_msgs__rosidl_typesupport_introspection_c.dir/rosidl_typesupport_introspection_c/realsense2_camera_msgs/msg/detail/extrinsics__type_support.c.o[0m
[2.962s] [ 57%] [32mBuilding CXX object CMakeFiles/realsense2_camera_msgs__rosidl_typesupport_fastrtps_cpp.dir/rosidl_typesupport_fastrtps_cpp/realsense2_camera_msgs/msg/detail/dds_fastrtps/rgbd__type_support.cpp.o[0m
[2.964s] [ 58%] [32mBuilding CXX object CMakeFiles/realsense2_camera_msgs__rosidl_typesupport_c.dir/rosidl_typesupport_c/realsense2_camera_msgs/srv/device_info__type_support.cpp.o[0m
[2.964s] [ 60%] [32mBuilding CXX object CMakeFiles/realsense2_camera_msgs__rosidl_typesupport_fastrtps_cpp.dir/rosidl_typesupport_fastrtps_cpp/realsense2_camera_msgs/srv/detail/dds_fastrtps/device_info__type_support.cpp.o[0m
[2.967s] [ 61%] [32m[1mLinking CXX shared library librealsense2_camera_msgs__rosidl_typesupport_cpp.so[0m
[2.969s] [ 63%] [32mBuilding CXX object CMakeFiles/realsense2_camera_msgs__rosidl_typesupport_fastrtps_c.dir/rosidl_typesupport_fastrtps_c/realsense2_camera_msgs/msg/detail/extrinsics__type_support_c.cpp.o[0m
[2.999s] [ 65%] [32mBuilding CXX object CMakeFiles/realsense2_camera_msgs__rosidl_typesupport_fastrtps_c.dir/rosidl_typesupport_fastrtps_c/realsense2_camera_msgs/msg/detail/metadata__type_support_c.cpp.o[0m
[3.002s] [ 66%] [32m[1mLinking CXX shared library librealsense2_camera_msgs__rosidl_typesupport_c.so[0m
[3.003s] [ 68%] [32mBuilding C object CMakeFiles/realsense2_camera_msgs__rosidl_typesupport_introspection_c.dir/rosidl_typesupport_introspection_c/realsense2_camera_msgs/msg/detail/rgbd__type_support.c.o[0m
[3.031s] [ 68%] Built target realsense2_camera_msgs__rosidl_typesupport_cpp
[3.048s] [ 69%] [32mBuilding C object CMakeFiles/realsense2_camera_msgs__rosidl_typesupport_introspection_c.dir/rosidl_typesupport_introspection_c/realsense2_camera_msgs/srv/detail/device_info__type_support.c.o[0m
[3.057s] [ 71%] [32mBuilding CXX object CMakeFiles/realsense2_camera_msgs__rosidl_typesupport_fastrtps_c.dir/rosidl_typesupport_fastrtps_c/realsense2_camera_msgs/msg/detail/rgbd__type_support_c.cpp.o[0m
[3.057s] [ 73%] [32mBuilding CXX object CMakeFiles/realsense2_camera_msgs__rosidl_typesupport_fastrtps_c.dir/rosidl_typesupport_fastrtps_c/realsense2_camera_msgs/srv/detail/device_info__type_support_c.cpp.o[0m
[3.078s] [ 73%] Built target realsense2_camera_msgs__rosidl_typesupport_c
[3.091s] [ 74%] [32m[1mLinking CXX shared library librealsense2_camera_msgs__rosidl_typesupport_introspection_cpp.so[0m
[3.091s] [ 76%] [32m[1mLinking C shared library librealsense2_camera_msgs__rosidl_typesupport_introspection_c.so[0m
[3.133s] [ 76%] Built target realsense2_camera_msgs__rosidl_typesupport_introspection_c
[3.202s] [ 76%] Built target realsense2_camera_msgs__rosidl_typesupport_introspection_cpp
[3.346s] [ 77%] [32m[1mLinking CXX shared library librealsense2_camera_msgs__rosidl_typesupport_fastrtps_cpp.so[0m
[3.362s] [ 79%] [32m[1mLinking CXX shared library librealsense2_camera_msgs__rosidl_typesupport_fastrtps_c.so[0m
[3.395s] [ 79%] Built target realsense2_camera_msgs__rosidl_typesupport_fastrtps_cpp
[3.413s] [ 79%] Built target realsense2_camera_msgs__rosidl_typesupport_fastrtps_c
[3.425s] [ 79%] Built target realsense2_camera_msgs
[3.437s] [ 80%] [34m[1mGenerating Python code for ROS interfaces[0m
[3.921s] [ 80%] Built target realsense2_camera_msgs__py
[3.933s] [ 87%] [32mBuilding C object CMakeFiles/realsense2_camera_msgs__rosidl_generator_py.dir/rosidl_generator_py/realsense2_camera_msgs/msg/_rgbd_s.c.o[0m
[3.933s] [ 87%] [32mBuilding C object CMakeFiles/realsense2_camera_msgs__rosidl_generator_py.dir/rosidl_generator_py/realsense2_camera_msgs/msg/_metadata_s.c.o[0m
[3.934s] [ 87%] [32mBuilding C object CMakeFiles/realsense2_camera_msgs__rosidl_generator_py.dir/rosidl_generator_py/realsense2_camera_msgs/msg/_extrinsics_s.c.o[0m
[3.934s] [ 87%] [32mBuilding C object CMakeFiles/realsense2_camera_msgs__rosidl_generator_py.dir/rosidl_generator_py/realsense2_camera_msgs/msg/_imu_info_s.c.o[0m
[3.934s] [ 88%] [32mBuilding C object CMakeFiles/realsense2_camera_msgs__rosidl_generator_py.dir/rosidl_generator_py/realsense2_camera_msgs/srv/_device_info_s.c.o[0m
[4.020s] [ 90%] [32m[1mLinking C shared library rosidl_generator_py/realsense2_camera_msgs/librealsense2_camera_msgs__rosidl_generator_py.so[0m
[4.048s] [ 90%] Built target realsense2_camera_msgs__rosidl_generator_py
[4.057s] [ 93%] [32mBuilding C object CMakeFiles/realsense2_camera_msgs__rosidl_typesupport_introspection_c__pyext.dir/rosidl_generator_py/realsense2_camera_msgs/_realsense2_camera_msgs_s.ep.rosidl_typesupport_introspection_c.c.o[0m
[4.057s] [ 93%] [32mBuilding C object CMakeFiles/realsense2_camera_msgs__rosidl_typesupport_fastrtps_c__pyext.dir/rosidl_generator_py/realsense2_camera_msgs/_realsense2_camera_msgs_s.ep.rosidl_typesupport_fastrtps_c.c.o[0m
[4.058s] [ 95%] [32mBuilding C object CMakeFiles/realsense2_camera_msgs__rosidl_typesupport_c__pyext.dir/rosidl_generator_py/realsense2_camera_msgs/_realsense2_camera_msgs_s.ep.rosidl_typesupport_c.c.o[0m
[4.130s] [ 98%] [32m[1mLinking C shared library rosidl_generator_py/realsense2_camera_msgs/realsense2_camera_msgs_s__rosidl_typesupport_introspection_c.cpython-310-x86_64-linux-gnu.so[0m
[4.130s] [ 98%] [32m[1mLinking C shared library rosidl_generator_py/realsense2_camera_msgs/realsense2_camera_msgs_s__rosidl_typesupport_fastrtps_c.cpython-310-x86_64-linux-gnu.so[0m
[4.130s] [100%] [32m[1mLinking C shared library rosidl_generator_py/realsense2_camera_msgs/realsense2_camera_msgs_s__rosidl_typesupport_c.cpython-310-x86_64-linux-gnu.so[0m
[4.153s] [100%] Built target realsense2_camera_msgs__rosidl_typesupport_c__pyext
[4.153s] [100%] Built target realsense2_camera_msgs__rosidl_typesupport_introspection_c__pyext
[4.154s] [100%] Built target realsense2_camera_msgs__rosidl_typesupport_fastrtps_c__pyext
[4.161s] Invoked command in '/home/haechan/Repo_2025/machine_AI/vertiport_detect/detecting_vertiport_ws/build/realsense2_camera_msgs' returned '0': CMAKE_PREFIX_PATH=${CMAKE_PREFIX_PATH}:/home/haechan/Repo_2025/machine_AI/vertiport_detect/detecting_vertiport_ws/install/cv_control_for_landing:/opt/ros/humble /usr/local/bin/cmake --build /home/haechan/Repo_2025/machine_AI/vertiport_detect/detecting_vertiport_ws/build/realsense2_camera_msgs -- -j16 -l16
[4.166s] Invoking command in '/home/haechan/Repo_2025/machine_AI/vertiport_detect/detecting_vertiport_ws/build/realsense2_camera_msgs': CMAKE_PREFIX_PATH=${CMAKE_PREFIX_PATH}:/home/haechan/Repo_2025/machine_AI/vertiport_detect/detecting_vertiport_ws/install/cv_control_for_landing:/opt/ros/humble /usr/local/bin/cmake --install /home/haechan/Repo_2025/machine_AI/vertiport_detect/detecting_vertiport_ws/build/realsense2_camera_msgs
[4.170s] -- Install configuration: ""
[4.170s] -- Installing: /home/haechan/Repo_2025/machine_AI/vertiport_detect/detecting_vertiport_ws/install/realsense2_camera_msgs/share/ament_index/resource_index/rosidl_interfaces/realsense2_camera_msgs
[4.171s] -- Installing: /home/haechan/Repo_2025/machine_AI/vertiport_detect/detecting_vertiport_ws/install/realsense2_camera_msgs/include/realsense2_camera_msgs/realsense2_camera_msgs
[4.171s] -- Installing: /home/haechan/Repo_2025/machine_AI/vertiport_detect/detecting_vertiport_ws/install/realsense2_camera_msgs/include/realsense2_camera_msgs/realsense2_camera_msgs/srv
[4.171s] -- Installing: /home/haechan/Repo_2025/machine_AI/vertiport_detect/detecting_vertiport_ws/install/realsense2_camera_msgs/include/realsense2_camera_msgs/realsense2_camera_msgs/srv/device_info.h
[4.171s] -- Installing: /home/haechan/Repo_2025/machine_AI/vertiport_detect/detecting_vertiport_ws/install/realsense2_camera_msgs/include/realsense2_camera_msgs/realsense2_camera_msgs/srv/detail
[4.171s] -- Installing: /home/haechan/Repo_2025/machine_AI/vertiport_detect/detecting_vertiport_ws/install/realsense2_camera_msgs/include/realsense2_camera_msgs/realsense2_camera_msgs/srv/detail/device_info__functions.h
[4.171s] -- Installing: /home/haechan/Repo_2025/machine_AI/vertiport_detect/detecting_vertiport_ws/install/realsense2_camera_msgs/include/realsense2_camera_msgs/realsense2_camera_msgs/srv/detail/device_info__struct.h
[4.171s] -- Installing: /home/haechan/Repo_2025/machine_AI/vertiport_detect/detecting_vertiport_ws/install/realsense2_camera_msgs/include/realsense2_camera_msgs/realsense2_camera_msgs/srv/detail/device_info__functions.c
[4.171s] -- Installing: /home/haechan/Repo_2025/machine_AI/vertiport_detect/detecting_vertiport_ws/install/realsense2_camera_msgs/include/realsense2_camera_msgs/realsense2_camera_msgs/srv/detail/device_info__type_support.h
[4.171s] -- Installing: /home/haechan/Repo_2025/machine_AI/vertiport_detect/detecting_vertiport_ws/install/realsense2_camera_msgs/include/realsense2_camera_msgs/realsense2_camera_msgs/msg
[4.171s] -- Installing: /home/haechan/Repo_2025/machine_AI/vertiport_detect/detecting_vertiport_ws/install/realsense2_camera_msgs/include/realsense2_camera_msgs/realsense2_camera_msgs/msg/metadata.h
[4.172s] -- Installing: /home/haechan/Repo_2025/machine_AI/vertiport_detect/detecting_vertiport_ws/install/realsense2_camera_msgs/include/realsense2_camera_msgs/realsense2_camera_msgs/msg/rosidl_generator_c__visibility_control.h
[4.172s] -- Installing: /home/haechan/Repo_2025/machine_AI/vertiport_detect/detecting_vertiport_ws/install/realsense2_camera_msgs/include/realsense2_camera_msgs/realsense2_camera_msgs/msg/imu_info.h
[4.172s] -- Installing: /home/haechan/Repo_2025/machine_AI/vertiport_detect/detecting_vertiport_ws/install/realsense2_camera_msgs/include/realsense2_camera_msgs/realsense2_camera_msgs/msg/extrinsics.h
[4.172s] -- Installing: /home/haechan/Repo_2025/machine_AI/vertiport_detect/detecting_vertiport_ws/install/realsense2_camera_msgs/include/realsense2_camera_msgs/realsense2_camera_msgs/msg/rgbd.h
[4.172s] -- Installing: /home/haechan/Repo_2025/machine_AI/vertiport_detect/detecting_vertiport_ws/install/realsense2_camera_msgs/include/realsense2_camera_msgs/realsense2_camera_msgs/msg/detail
[4.172s] -- Installing: /home/haechan/Repo_2025/machine_AI/vertiport_detect/detecting_vertiport_ws/install/realsense2_camera_msgs/include/realsense2_camera_msgs/realsense2_camera_msgs/msg/detail/imu_info__functions.h
[4.172s] -- Installing: /home/haechan/Repo_2025/machine_AI/vertiport_detect/detecting_vertiport_ws/install/realsense2_camera_msgs/include/realsense2_camera_msgs/realsense2_camera_msgs/msg/detail/extrinsics__functions.c
[4.172s] -- Installing: /home/haechan/Repo_2025/machine_AI/vertiport_detect/detecting_vertiport_ws/install/realsense2_camera_msgs/include/realsense2_camera_msgs/realsense2_camera_msgs/msg/detail/rgbd__struct.h
[4.172s] -- Installing: /home/haechan/Repo_2025/machine_AI/vertiport_detect/detecting_vertiport_ws/install/realsense2_camera_msgs/include/realsense2_camera_msgs/realsense2_camera_msgs/msg/detail/rgbd__functions.c
[4.173s] -- Installing: /home/haechan/Repo_2025/machine_AI/vertiport_detect/detecting_vertiport_ws/install/realsense2_camera_msgs/include/realsense2_camera_msgs/realsense2_camera_msgs/msg/detail/metadata__struct.h
[4.173s] -- Installing: /home/haechan/Repo_2025/machine_AI/vertiport_detect/detecting_vertiport_ws/install/realsense2_camera_msgs/include/realsense2_camera_msgs/realsense2_camera_msgs/msg/detail/metadata__type_support.h
[4.173s] -- Installing: /home/haechan/Repo_2025/machine_AI/vertiport_detect/detecting_vertiport_ws/install/realsense2_camera_msgs/include/realsense2_camera_msgs/realsense2_camera_msgs/msg/detail/extrinsics__functions.h
[4.173s] -- Installing: /home/haechan/Repo_2025/machine_AI/vertiport_detect/detecting_vertiport_ws/install/realsense2_camera_msgs/include/realsense2_camera_msgs/realsense2_camera_msgs/msg/detail/metadata__functions.h
[4.173s] -- Installing: /home/haechan/Repo_2025/machine_AI/vertiport_detect/detecting_vertiport_ws/install/realsense2_camera_msgs/include/realsense2_camera_msgs/realsense2_camera_msgs/msg/detail/extrinsics__struct.h
[4.173s] -- Installing: /home/haechan/Repo_2025/machine_AI/vertiport_detect/detecting_vertiport_ws/install/realsense2_camera_msgs/include/realsense2_camera_msgs/realsense2_camera_msgs/msg/detail/rgbd__type_support.h
[4.173s] -- Installing: /home/haechan/Repo_2025/machine_AI/vertiport_detect/detecting_vertiport_ws/install/realsense2_camera_msgs/include/realsense2_camera_msgs/realsense2_camera_msgs/msg/detail/imu_info__type_support.h
[4.173s] -- Installing: /home/haechan/Repo_2025/machine_AI/vertiport_detect/detecting_vertiport_ws/install/realsense2_camera_msgs/include/realsense2_camera_msgs/realsense2_camera_msgs/msg/detail/extrinsics__type_support.h
[4.173s] -- Installing: /home/haechan/Repo_2025/machine_AI/vertiport_detect/detecting_vertiport_ws/install/realsense2_camera_msgs/include/realsense2_camera_msgs/realsense2_camera_msgs/msg/detail/metadata__functions.c
[4.173s] -- Installing: /home/haechan/Repo_2025/machine_AI/vertiport_detect/detecting_vertiport_ws/install/realsense2_camera_msgs/include/realsense2_camera_msgs/realsense2_camera_msgs/msg/detail/imu_info__functions.c
[4.174s] -- Installing: /home/haechan/Repo_2025/machine_AI/vertiport_detect/detecting_vertiport_ws/install/realsense2_camera_msgs/include/realsense2_camera_msgs/realsense2_camera_msgs/msg/detail/rgbd__functions.h
[4.174s] -- Installing: /home/haechan/Repo_2025/machine_AI/vertiport_detect/detecting_vertiport_ws/install/realsense2_camera_msgs/include/realsense2_camera_msgs/realsense2_camera_msgs/msg/detail/imu_info__struct.h
[4.174s] -- Installing: /home/haechan/Repo_2025/machine_AI/vertiport_detect/detecting_vertiport_ws/install/realsense2_camera_msgs/share/realsense2_camera_msgs/environment/library_path.sh
[4.174s] -- Installing: /home/haechan/Repo_2025/machine_AI/vertiport_detect/detecting_vertiport_ws/install/realsense2_camera_msgs/share/realsense2_camera_msgs/environment/library_path.dsv
[4.174s] -- Installing: /home/haechan/Repo_2025/machine_AI/vertiport_detect/detecting_vertiport_ws/install/realsense2_camera_msgs/lib/librealsense2_camera_msgs__rosidl_generator_c.so
[4.174s] -- Set non-toolchain portion of runtime path of "/home/haechan/Repo_2025/machine_AI/vertiport_detect/detecting_vertiport_ws/install/realsense2_camera_msgs/lib/librealsense2_camera_msgs__rosidl_generator_c.so" to ""
[4.175s] -- Up-to-date: /home/haechan/Repo_2025/machine_AI/vertiport_detect/detecting_vertiport_ws/install/realsense2_camera_msgs/include/realsense2_camera_msgs/realsense2_camera_msgs
[4.175s] -- Up-to-date: /home/haechan/Repo_2025/machine_AI/vertiport_detect/detecting_vertiport_ws/install/realsense2_camera_msgs/include/realsense2_camera_msgs/realsense2_camera_msgs/srv
[4.175s] -- Up-to-date: /home/haechan/Repo_2025/machine_AI/vertiport_detect/detecting_vertiport_ws/install/realsense2_camera_msgs/include/realsense2_camera_msgs/realsense2_camera_msgs/srv/detail
[4.175s] -- Installing: /home/haechan/Repo_2025/machine_AI/vertiport_detect/detecting_vertiport_ws/install/realsense2_camera_msgs/include/realsense2_camera_msgs/realsense2_camera_msgs/srv/detail/device_info__rosidl_typesupport_fastrtps_c.h
[4.175s] -- Up-to-date: /home/haechan/Repo_2025/machine_AI/vertiport_detect/detecting_vertiport_ws/install/realsense2_camera_msgs/include/realsense2_camera_msgs/realsense2_camera_msgs/msg
[4.175s] -- Installing: /home/haechan/Repo_2025/machine_AI/vertiport_detect/detecting_vertiport_ws/install/realsense2_camera_msgs/include/realsense2_camera_msgs/realsense2_camera_msgs/msg/rosidl_typesupport_fastrtps_c__visibility_control.h
[4.175s] -- Up-to-date: /home/haechan/Repo_2025/machine_AI/vertiport_detect/detecting_vertiport_ws/install/realsense2_camera_msgs/include/realsense2_camera_msgs/realsense2_camera_msgs/msg/detail
[4.175s] -- Installing: /home/haechan/Repo_2025/machine_AI/vertiport_detect/detecting_vertiport_ws/install/realsense2_camera_msgs/include/realsense2_camera_msgs/realsense2_camera_msgs/msg/detail/extrinsics__rosidl_typesupport_fastrtps_c.h
[4.175s] -- Installing: /home/haechan/Repo_2025/machine_AI/vertiport_detect/detecting_vertiport_ws/install/realsense2_camera_msgs/include/realsense2_camera_msgs/realsense2_camera_msgs/msg/detail/rgbd__rosidl_typesupport_fastrtps_c.h
[4.175s] -- Installing: /home/haechan/Repo_2025/machine_AI/vertiport_detect/detecting_vertiport_ws/install/realsense2_camera_msgs/include/realsense2_camera_msgs/realsense2_camera_msgs/msg/detail/metadata__rosidl_typesupport_fastrtps_c.h
[4.175s] -- Installing: /home/haechan/Repo_2025/machine_AI/vertiport_detect/detecting_vertiport_ws/install/realsense2_camera_msgs/include/realsense2_camera_msgs/realsense2_camera_msgs/msg/detail/imu_info__rosidl_typesupport_fastrtps_c.h
[4.175s] -- Installing: /home/haechan/Repo_2025/machine_AI/vertiport_detect/detecting_vertiport_ws/install/realsense2_camera_msgs/lib/librealsense2_camera_msgs__rosidl_typesupport_fastrtps_c.so
[4.176s] -- Set non-toolchain portion of runtime path of "/home/haechan/Repo_2025/machine_AI/vertiport_detect/detecting_vertiport_ws/install/realsense2_camera_msgs/lib/librealsense2_camera_msgs__rosidl_typesupport_fastrtps_c.so" to ""
[4.176s] -- Up-to-date: /home/haechan/Repo_2025/machine_AI/vertiport_detect/detecting_vertiport_ws/install/realsense2_camera_msgs/include/realsense2_camera_msgs/realsense2_camera_msgs
[4.176s] -- Up-to-date: /home/haechan/Repo_2025/machine_AI/vertiport_detect/detecting_vertiport_ws/install/realsense2_camera_msgs/include/realsense2_camera_msgs/realsense2_camera_msgs/srv
[4.176s] -- Up-to-date: /home/haechan/Repo_2025/machine_AI/vertiport_detect/detecting_vertiport_ws/install/realsense2_camera_msgs/include/realsense2_camera_msgs/realsense2_camera_msgs/srv/detail
[4.176s] -- Installing: /home/haechan/Repo_2025/machine_AI/vertiport_detect/detecting_vertiport_ws/install/realsense2_camera_msgs/include/realsense2_camera_msgs/realsense2_camera_msgs/srv/detail/device_info__rosidl_typesupport_introspection_c.h
[4.176s] -- Installing: /home/haechan/Repo_2025/machine_AI/vertiport_detect/detecting_vertiport_ws/install/realsense2_camera_msgs/include/realsense2_camera_msgs/realsense2_camera_msgs/srv/detail/device_info__type_support.c
[4.176s] -- Up-to-date: /home/haechan/Repo_2025/machine_AI/vertiport_detect/detecting_vertiport_ws/install/realsense2_camera_msgs/include/realsense2_camera_msgs/realsense2_camera_msgs/msg
[4.176s] -- Installing: /home/haechan/Repo_2025/machine_AI/vertiport_detect/detecting_vertiport_ws/install/realsense2_camera_msgs/include/realsense2_camera_msgs/realsense2_camera_msgs/msg/rosidl_typesupport_introspection_c__visibility_control.h
[4.176s] -- Up-to-date: /home/haechan/Repo_2025/machine_AI/vertiport_detect/detecting_vertiport_ws/install/realsense2_camera_msgs/include/realsense2_camera_msgs/realsense2_camera_msgs/msg/detail
[4.176s] -- Installing: /home/haechan/Repo_2025/machine_AI/vertiport_detect/detecting_vertiport_ws/install/realsense2_camera_msgs/include/realsense2_camera_msgs/realsense2_camera_msgs/msg/detail/extrinsics__rosidl_typesupport_introspection_c.h
[4.176s] -- Installing: /home/haechan/Repo_2025/machine_AI/vertiport_detect/detecting_vertiport_ws/install/realsense2_camera_msgs/include/realsense2_camera_msgs/realsense2_camera_msgs/msg/detail/metadata__type_support.c
[4.177s] -- Installing: /home/haechan/Repo_2025/machine_AI/vertiport_detect/detecting_vertiport_ws/install/realsense2_camera_msgs/include/realsense2_camera_msgs/realsense2_camera_msgs/msg/detail/imu_info__type_support.c
[4.177s] -- Installing: /home/haechan/Repo_2025/machine_AI/vertiport_detect/detecting_vertiport_ws/install/realsense2_camera_msgs/include/realsense2_camera_msgs/realsense2_camera_msgs/msg/detail/rgbd__type_support.c
[4.177s] -- Installing: /home/haechan/Repo_2025/machine_AI/vertiport_detect/detecting_vertiport_ws/install/realsense2_camera_msgs/include/realsense2_camera_msgs/realsense2_camera_msgs/msg/detail/rgbd__rosidl_typesupport_introspection_c.h
[4.177s] -- Installing: /home/haechan/Repo_2025/machine_AI/vertiport_detect/detecting_vertiport_ws/install/realsense2_camera_msgs/include/realsense2_camera_msgs/realsense2_camera_msgs/msg/detail/extrinsics__type_support.c
[4.177s] -- Installing: /home/haechan/Repo_2025/machine_AI/vertiport_detect/detecting_vertiport_ws/install/realsense2_camera_msgs/include/realsense2_camera_msgs/realsense2_camera_msgs/msg/detail/metadata__rosidl_typesupport_introspection_c.h
[4.177s] -- Installing: /home/haechan/Repo_2025/machine_AI/vertiport_detect/detecting_vertiport_ws/install/realsense2_camera_msgs/include/realsense2_camera_msgs/realsense2_camera_msgs/msg/detail/imu_info__rosidl_typesupport_introspection_c.h
[4.177s] -- Installing: /home/haechan/Repo_2025/machine_AI/vertiport_detect/detecting_vertiport_ws/install/realsense2_camera_msgs/lib/librealsense2_camera_msgs__rosidl_typesupport_introspection_c.so
[4.178s] -- Set non-toolchain portion of runtime path of "/home/haechan/Repo_2025/machine_AI/vertiport_detect/detecting_vertiport_ws/install/realsense2_camera_msgs/lib/librealsense2_camera_msgs__rosidl_typesupport_introspection_c.so" to ""
[4.178s] -- Installing: /home/haechan/Repo_2025/machine_AI/vertiport_detect/detecting_vertiport_ws/install/realsense2_camera_msgs/lib/librealsense2_camera_msgs__rosidl_typesupport_c.so
[4.178s] -- Set non-toolchain portion of runtime path of "/home/haechan/Repo_2025/machine_AI/vertiport_detect/detecting_vertiport_ws/install/realsense2_camera_msgs/lib/librealsense2_camera_msgs__rosidl_typesupport_c.so" to ""
[4.178s] -- Up-to-date: /home/haechan/Repo_2025/machine_AI/vertiport_detect/detecting_vertiport_ws/install/realsense2_camera_msgs/include/realsense2_camera_msgs/realsense2_camera_msgs
[4.178s] -- Up-to-date: /home/haechan/Repo_2025/machine_AI/vertiport_detect/detecting_vertiport_ws/install/realsense2_camera_msgs/include/realsense2_camera_msgs/realsense2_camera_msgs/srv
[4.178s] -- Installing: /home/haechan/Repo_2025/machine_AI/vertiport_detect/detecting_vertiport_ws/install/realsense2_camera_msgs/include/realsense2_camera_msgs/realsense2_camera_msgs/srv/device_info.hpp
[4.178s] -- Up-to-date: /home/haechan/Repo_2025/machine_AI/vertiport_detect/detecting_vertiport_ws/install/realsense2_camera_msgs/include/realsense2_camera_msgs/realsense2_camera_msgs/srv/detail
[4.178s] -- Installing: /home/haechan/Repo_2025/machine_AI/vertiport_detect/detecting_vertiport_ws/install/realsense2_camera_msgs/include/realsense2_camera_msgs/realsense2_camera_msgs/srv/detail/device_info__builder.hpp
[4.178s] -- Installing: /home/haechan/Repo_2025/machine_AI/vertiport_detect/detecting_vertiport_ws/install/realsense2_camera_msgs/include/realsense2_camera_msgs/realsense2_camera_msgs/srv/detail/device_info__struct.hpp
[4.178s] -- Installing: /home/haechan/Repo_2025/machine_AI/vertiport_detect/detecting_vertiport_ws/install/realsense2_camera_msgs/include/realsense2_camera_msgs/realsense2_camera_msgs/srv/detail/device_info__traits.hpp
[4.178s] -- Installing: /home/haechan/Repo_2025/machine_AI/vertiport_detect/detecting_vertiport_ws/install/realsense2_camera_msgs/include/realsense2_camera_msgs/realsense2_camera_msgs/srv/detail/device_info__type_support.hpp
[4.179s] -- Up-to-date: /home/haechan/Repo_2025/machine_AI/vertiport_detect/detecting_vertiport_ws/install/realsense2_camera_msgs/include/realsense2_camera_msgs/realsense2_camera_msgs/msg
[4.179s] -- Installing: /home/haechan/Repo_2025/machine_AI/vertiport_detect/detecting_vertiport_ws/install/realsense2_camera_msgs/include/realsense2_camera_msgs/realsense2_camera_msgs/msg/rosidl_generator_cpp__visibility_control.hpp
[4.179s] -- Installing: /home/haechan/Repo_2025/machine_AI/vertiport_detect/detecting_vertiport_ws/install/realsense2_camera_msgs/include/realsense2_camera_msgs/realsense2_camera_msgs/msg/metadata.hpp
[4.179s] -- Installing: /home/haechan/Repo_2025/machine_AI/vertiport_detect/detecting_vertiport_ws/install/realsense2_camera_msgs/include/realsense2_camera_msgs/realsense2_camera_msgs/msg/imu_info.hpp
[4.179s] -- Installing: /home/haechan/Repo_2025/machine_AI/vertiport_detect/detecting_vertiport_ws/install/realsense2_camera_msgs/include/realsense2_camera_msgs/realsense2_camera_msgs/msg/rgbd.hpp
[4.179s] -- Up-to-date: /home/haechan/Repo_2025/machine_AI/vertiport_detect/detecting_vertiport_ws/install/realsense2_camera_msgs/include/realsense2_camera_msgs/realsense2_camera_msgs/msg/detail
[4.179s] -- Installing: /home/haechan/Repo_2025/machine_AI/vertiport_detect/detecting_vertiport_ws/install/realsense2_camera_msgs/include/realsense2_camera_msgs/realsense2_camera_msgs/msg/detail/imu_info__struct.hpp
[4.179s] -- Installing: /home/haechan/Repo_2025/machine_AI/vertiport_detect/detecting_vertiport_ws/install/realsense2_camera_msgs/include/realsense2_camera_msgs/realsense2_camera_msgs/msg/detail/rgbd__struct.hpp
[4.179s] -- Installing: /home/haechan/Repo_2025/machine_AI/vertiport_detect/detecting_vertiport_ws/install/realsense2_camera_msgs/include/realsense2_camera_msgs/realsense2_camera_msgs/msg/detail/extrinsics__struct.hpp
[4.179s] -- Installing: /home/haechan/Repo_2025/machine_AI/vertiport_detect/detecting_vertiport_ws/install/realsense2_camera_msgs/include/realsense2_camera_msgs/realsense2_camera_msgs/msg/detail/rgbd__type_support.hpp
[4.179s] -- Installing: /home/haechan/Repo_2025/machine_AI/vertiport_detect/detecting_vertiport_ws/install/realsense2_camera_msgs/include/realsense2_camera_msgs/realsense2_camera_msgs/msg/detail/imu_info__builder.hpp
[4.180s] -- Installing: /home/haechan/Repo_2025/machine_AI/vertiport_detect/detecting_vertiport_ws/install/realsense2_camera_msgs/include/realsense2_camera_msgs/realsense2_camera_msgs/msg/detail/extrinsics__traits.hpp
[4.180s] -- Installing: /home/haechan/Repo_2025/machine_AI/vertiport_detect/detecting_vertiport_ws/install/realsense2_camera_msgs/include/realsense2_camera_msgs/realsense2_camera_msgs/msg/detail/imu_info__traits.hpp
[4.180s] -- Installing: /home/haechan/Repo_2025/machine_AI/vertiport_detect/detecting_vertiport_ws/install/realsense2_camera_msgs/include/realsense2_camera_msgs/realsense2_camera_msgs/msg/detail/rgbd__traits.hpp
[4.180s] -- Installing: /home/haechan/Repo_2025/machine_AI/vertiport_detect/detecting_vertiport_ws/install/realsense2_camera_msgs/include/realsense2_camera_msgs/realsense2_camera_msgs/msg/detail/imu_info__type_support.hpp
[4.180s] -- Installing: /home/haechan/Repo_2025/machine_AI/vertiport_detect/detecting_vertiport_ws/install/realsense2_camera_msgs/include/realsense2_camera_msgs/realsense2_camera_msgs/msg/detail/metadata__builder.hpp
[4.180s] -- Installing: /home/haechan/Repo_2025/machine_AI/vertiport_detect/detecting_vertiport_ws/install/realsense2_camera_msgs/include/realsense2_camera_msgs/realsense2_camera_msgs/msg/detail/rgbd__builder.hpp
[4.180s] -- Installing: /home/haechan/Repo_2025/machine_AI/vertiport_detect/detecting_vertiport_ws/install/realsense2_camera_msgs/include/realsense2_camera_msgs/realsense2_camera_msgs/msg/detail/extrinsics__builder.hpp
[4.180s] -- Installing: /home/haechan/Repo_2025/machine_AI/vertiport_detect/detecting_vertiport_ws/install/realsense2_camera_msgs/include/realsense2_camera_msgs/realsense2_camera_msgs/msg/detail/metadata__type_support.hpp
[4.180s] -- Installing: /home/haechan/Repo_2025/machine_AI/vertiport_detect/detecting_vertiport_ws/install/realsense2_camera_msgs/include/realsense2_camera_msgs/realsense2_camera_msgs/msg/detail/metadata__traits.hpp
[4.181s] -- Installing: /home/haechan/Repo_2025/machine_AI/vertiport_detect/detecting_vertiport_ws/install/realsense2_camera_msgs/include/realsense2_camera_msgs/realsense2_camera_msgs/msg/detail/extrinsics__type_support.hpp
[4.181s] -- Installing: /home/haechan/Repo_2025/machine_AI/vertiport_detect/detecting_vertiport_ws/install/realsense2_camera_msgs/include/realsense2_camera_msgs/realsense2_camera_msgs/msg/detail/metadata__struct.hpp
[4.181s] -- Installing: /home/haechan/Repo_2025/machine_AI/vertiport_detect/detecting_vertiport_ws/install/realsense2_camera_msgs/include/realsense2_camera_msgs/realsense2_camera_msgs/msg/extrinsics.hpp
[4.181s] -- Up-to-date: /home/haechan/Repo_2025/machine_AI/vertiport_detect/detecting_vertiport_ws/install/realsense2_camera_msgs/include/realsense2_camera_msgs/realsense2_camera_msgs
[4.181s] -- Up-to-date: /home/haechan/Repo_2025/machine_AI/vertiport_detect/detecting_vertiport_ws/install/realsense2_camera_msgs/include/realsense2_camera_msgs/realsense2_camera_msgs/srv
[4.181s] -- Up-to-date: /home/haechan/Repo_2025/machine_AI/vertiport_detect/detecting_vertiport_ws/install/realsense2_camera_msgs/include/realsense2_camera_msgs/realsense2_camera_msgs/srv/detail
[4.181s] -- Installing: /home/haechan/Repo_2025/machine_AI/vertiport_detect/detecting_vertiport_ws/install/realsense2_camera_msgs/include/realsense2_camera_msgs/realsense2_camera_msgs/srv/detail/dds_fastrtps
[4.181s] -- Installing: /home/haechan/Repo_2025/machine_AI/vertiport_detect/detecting_vertiport_ws/install/realsense2_camera_msgs/include/realsense2_camera_msgs/realsense2_camera_msgs/srv/detail/device_info__rosidl_typesupport_fastrtps_cpp.hpp
[4.181s] -- Up-to-date: /home/haechan/Repo_2025/machine_AI/vertiport_detect/detecting_vertiport_ws/install/realsense2_camera_msgs/include/realsense2_camera_msgs/realsense2_camera_msgs/msg
[4.181s] -- Installing: /home/haechan/Repo_2025/machine_AI/vertiport_detect/detecting_vertiport_ws/install/realsense2_camera_msgs/include/realsense2_camera_msgs/realsense2_camera_msgs/msg/rosidl_typesupport_fastrtps_cpp__visibility_control.h
[4.181s] -- Up-to-date: /home/haechan/Repo_2025/machine_AI/vertiport_detect/detecting_vertiport_ws/install/realsense2_camera_msgs/include/realsense2_camera_msgs/realsense2_camera_msgs/msg/detail
[4.181s] -- Installing: /home/haechan/Repo_2025/machine_AI/vertiport_detect/detecting_vertiport_ws/install/realsense2_camera_msgs/include/realsense2_camera_msgs/realsense2_camera_msgs/msg/detail/dds_fastrtps
[4.181s] -- Installing: /home/haechan/Repo_2025/machine_AI/vertiport_detect/detecting_vertiport_ws/install/realsense2_camera_msgs/include/realsense2_camera_msgs/realsense2_camera_msgs/msg/detail/rgbd__rosidl_typesupport_fastrtps_cpp.hpp
[4.181s] -- Installing: /home/haechan/Repo_2025/machine_AI/vertiport_detect/detecting_vertiport_ws/install/realsense2_camera_msgs/include/realsense2_camera_msgs/realsense2_camera_msgs/msg/detail/extrinsics__rosidl_typesupport_fastrtps_cpp.hpp
[4.181s] -- Installing: /home/haechan/Repo_2025/machine_AI/vertiport_detect/detecting_vertiport_ws/install/realsense2_camera_msgs/include/realsense2_camera_msgs/realsense2_camera_msgs/msg/detail/metadata__rosidl_typesupport_fastrtps_cpp.hpp
[4.181s] -- Installing: /home/haechan/Repo_2025/machine_AI/vertiport_detect/detecting_vertiport_ws/install/realsense2_camera_msgs/include/realsense2_camera_msgs/realsense2_camera_msgs/msg/detail/imu_info__rosidl_typesupport_fastrtps_cpp.hpp
[4.182s] -- Installing: /home/haechan/Repo_2025/machine_AI/vertiport_detect/detecting_vertiport_ws/install/realsense2_camera_msgs/lib/librealsense2_camera_msgs__rosidl_typesupport_fastrtps_cpp.so
[4.182s] -- Set non-toolchain portion of runtime path of "/home/haechan/Repo_2025/machine_AI/vertiport_detect/detecting_vertiport_ws/install/realsense2_camera_msgs/lib/librealsense2_camera_msgs__rosidl_typesupport_fastrtps_cpp.so" to ""
[4.182s] -- Up-to-date: /home/haechan/Repo_2025/machine_AI/vertiport_detect/detecting_vertiport_ws/install/realsense2_camera_msgs/include/realsense2_camera_msgs/realsense2_camera_msgs
[4.182s] -- Up-to-date: /home/haechan/Repo_2025/machine_AI/vertiport_detect/detecting_vertiport_ws/install/realsense2_camera_msgs/include/realsense2_camera_msgs/realsense2_camera_msgs/srv
[4.182s] -- Up-to-date: /home/haechan/Repo_2025/machine_AI/vertiport_detect/detecting_vertiport_ws/install/realsense2_camera_msgs/include/realsense2_camera_msgs/realsense2_camera_msgs/srv/detail
[4.182s] -- Installing: /home/haechan/Repo_2025/machine_AI/vertiport_detect/detecting_vertiport_ws/install/realsense2_camera_msgs/include/realsense2_camera_msgs/realsense2_camera_msgs/srv/detail/device_info__type_support.cpp
[4.182s] -- Installing: /home/haechan/Repo_2025/machine_AI/vertiport_detect/detecting_vertiport_ws/install/realsense2_camera_msgs/include/realsense2_camera_msgs/realsense2_camera_msgs/srv/detail/device_info__rosidl_typesupport_introspection_cpp.hpp
[4.182s] -- Up-to-date: /home/haechan/Repo_2025/machine_AI/vertiport_detect/detecting_vertiport_ws/install/realsense2_camera_msgs/include/realsense2_camera_msgs/realsense2_camera_msgs/msg
[4.182s] -- Up-to-date: /home/haechan/Repo_2025/machine_AI/vertiport_detect/detecting_vertiport_ws/install/realsense2_camera_msgs/include/realsense2_camera_msgs/realsense2_camera_msgs/msg/detail
[4.182s] -- Installing: /home/haechan/Repo_2025/machine_AI/vertiport_detect/detecting_vertiport_ws/install/realsense2_camera_msgs/include/realsense2_camera_msgs/realsense2_camera_msgs/msg/detail/extrinsics__type_support.cpp
[4.182s] -- Installing: /home/haechan/Repo_2025/machine_AI/vertiport_detect/detecting_vertiport_ws/install/realsense2_camera_msgs/include/realsense2_camera_msgs/realsense2_camera_msgs/msg/detail/rgbd__type_support.cpp
[4.182s] -- Installing: /home/haechan/Repo_2025/machine_AI/vertiport_detect/detecting_vertiport_ws/install/realsense2_camera_msgs/include/realsense2_camera_msgs/realsense2_camera_msgs/msg/detail/metadata__type_support.cpp
[4.182s] -- Installing: /home/haechan/Repo_2025/machine_AI/vertiport_detect/detecting_vertiport_ws/install/realsense2_camera_msgs/include/realsense2_camera_msgs/realsense2_camera_msgs/msg/detail/imu_info__type_support.cpp
[4.183s] -- Installing: /home/haechan/Repo_2025/machine_AI/vertiport_detect/detecting_vertiport_ws/install/realsense2_camera_msgs/include/realsense2_camera_msgs/realsense2_camera_msgs/msg/detail/extrinsics__rosidl_typesupport_introspection_cpp.hpp
[4.183s] -- Installing: /home/haechan/Repo_2025/machine_AI/vertiport_detect/detecting_vertiport_ws/install/realsense2_camera_msgs/include/realsense2_camera_msgs/realsense2_camera_msgs/msg/detail/metadata__rosidl_typesupport_introspection_cpp.hpp
[4.183s] -- Installing: /home/haechan/Repo_2025/machine_AI/vertiport_detect/detecting_vertiport_ws/install/realsense2_camera_msgs/include/realsense2_camera_msgs/realsense2_camera_msgs/msg/detail/rgbd__rosidl_typesupport_introspection_cpp.hpp
[4.183s] -- Installing: /home/haechan/Repo_2025/machine_AI/vertiport_detect/detecting_vertiport_ws/install/realsense2_camera_msgs/include/realsense2_camera_msgs/realsense2_camera_msgs/msg/detail/imu_info__rosidl_typesupport_introspection_cpp.hpp
[4.183s] -- Installing: /home/haechan/Repo_2025/machine_AI/vertiport_detect/detecting_vertiport_ws/install/realsense2_camera_msgs/lib/librealsense2_camera_msgs__rosidl_typesupport_introspection_cpp.so
[4.183s] -- Set non-toolchain portion of runtime path of "/home/haechan/Repo_2025/machine_AI/vertiport_detect/detecting_vertiport_ws/install/realsense2_camera_msgs/lib/librealsense2_camera_msgs__rosidl_typesupport_introspection_cpp.so" to ""
[4.184s] -- Installing: /home/haechan/Repo_2025/machine_AI/vertiport_detect/detecting_vertiport_ws/install/realsense2_camera_msgs/lib/librealsense2_camera_msgs__rosidl_typesupport_cpp.so
[4.184s] -- Set non-toolchain portion of runtime path of "/home/haechan/Repo_2025/machine_AI/vertiport_detect/detecting_vertiport_ws/install/realsense2_camera_msgs/lib/librealsense2_camera_msgs__rosidl_typesupport_cpp.so" to ""
[4.184s] -- Installing: /home/haechan/Repo_2025/machine_AI/vertiport_detect/detecting_vertiport_ws/install/realsense2_camera_msgs/share/realsense2_camera_msgs/environment/pythonpath.sh
[4.184s] -- Installing: /home/haechan/Repo_2025/machine_AI/vertiport_detect/detecting_vertiport_ws/install/realsense2_camera_msgs/share/realsense2_camera_msgs/environment/pythonpath.dsv
[4.184s] -- Installing: /home/haechan/Repo_2025/machine_AI/vertiport_detect/detecting_vertiport_ws/install/realsense2_camera_msgs/local/lib/python3.10/dist-packages/realsense2_camera_msgs-4.55.1-py3.10.egg-info
[4.184s] -- Installing: /home/haechan/Repo_2025/machine_AI/vertiport_detect/detecting_vertiport_ws/install/realsense2_camera_msgs/local/lib/python3.10/dist-packages/realsense2_camera_msgs-4.55.1-py3.10.egg-info/dependency_links.txt
[4.184s] -- Installing: /home/haechan/Repo_2025/machine_AI/vertiport_detect/detecting_vertiport_ws/install/realsense2_camera_msgs/local/lib/python3.10/dist-packages/realsense2_camera_msgs-4.55.1-py3.10.egg-info/top_level.txt
[4.184s] -- Installing: /home/haechan/Repo_2025/machine_AI/vertiport_detect/detecting_vertiport_ws/install/realsense2_camera_msgs/local/lib/python3.10/dist-packages/realsense2_camera_msgs-4.55.1-py3.10.egg-info/SOURCES.txt
[4.184s] -- Installing: /home/haechan/Repo_2025/machine_AI/vertiport_detect/detecting_vertiport_ws/install/realsense2_camera_msgs/local/lib/python3.10/dist-packages/realsense2_camera_msgs-4.55.1-py3.10.egg-info/PKG-INFO
[4.185s] -- Installing: /home/haechan/Repo_2025/machine_AI/vertiport_detect/detecting_vertiport_ws/install/realsense2_camera_msgs/local/lib/python3.10/dist-packages/realsense2_camera_msgs
[4.185s] -- Installing: /home/haechan/Repo_2025/machine_AI/vertiport_detect/detecting_vertiport_ws/install/realsense2_camera_msgs/local/lib/python3.10/dist-packages/realsense2_camera_msgs/_realsense2_camera_msgs_s.ep.rosidl_typesupport_fastrtps_c.c
[4.185s] -- Installing: /home/haechan/Repo_2025/machine_AI/vertiport_detect/detecting_vertiport_ws/install/realsense2_camera_msgs/local/lib/python3.10/dist-packages/realsense2_camera_msgs/srv
[4.185s] -- Installing: /home/haechan/Repo_2025/machine_AI/vertiport_detect/detecting_vertiport_ws/install/realsense2_camera_msgs/local/lib/python3.10/dist-packages/realsense2_camera_msgs/srv/_device_info_s.c
[4.185s] -- Installing: /home/haechan/Repo_2025/machine_AI/vertiport_detect/detecting_vertiport_ws/install/realsense2_camera_msgs/local/lib/python3.10/dist-packages/realsense2_camera_msgs/srv/__init__.py
[4.185s] -- Installing: /home/haechan/Repo_2025/machine_AI/vertiport_detect/detecting_vertiport_ws/install/realsense2_camera_msgs/local/lib/python3.10/dist-packages/realsense2_camera_msgs/srv/_device_info.py
[4.185s] -- Installing: /home/haechan/Repo_2025/machine_AI/vertiport_detect/detecting_vertiport_ws/install/realsense2_camera_msgs/local/lib/python3.10/dist-packages/realsense2_camera_msgs/msg
[4.185s] -- Installing: /home/haechan/Repo_2025/machine_AI/vertiport_detect/detecting_vertiport_ws/install/realsense2_camera_msgs/local/lib/python3.10/dist-packages/realsense2_camera_msgs/msg/_extrinsics_s.c
[4.185s] -- Installing: /home/haechan/Repo_2025/machine_AI/vertiport_detect/detecting_vertiport_ws/install/realsense2_camera_msgs/local/lib/python3.10/dist-packages/realsense2_camera_msgs/msg/_metadata.py
[4.185s] -- Installing: /home/haechan/Repo_2025/machine_AI/vertiport_detect/detecting_vertiport_ws/install/realsense2_camera_msgs/local/lib/python3.10/dist-packages/realsense2_camera_msgs/msg/_imu_info_s.c
[4.186s] -- Installing: /home/haechan/Repo_2025/machine_AI/vertiport_detect/detecting_vertiport_ws/install/realsense2_camera_msgs/local/lib/python3.10/dist-packages/realsense2_camera_msgs/msg/_extrinsics.py
[4.186s] -- Installing: /home/haechan/Repo_2025/machine_AI/vertiport_detect/detecting_vertiport_ws/install/realsense2_camera_msgs/local/lib/python3.10/dist-packages/realsense2_camera_msgs/msg/_imu_info.py
[4.186s] -- Installing: /home/haechan/Repo_2025/machine_AI/vertiport_detect/detecting_vertiport_ws/install/realsense2_camera_msgs/local/lib/python3.10/dist-packages/realsense2_camera_msgs/msg/__init__.py
[4.186s] -- Installing: /home/haechan/Repo_2025/machine_AI/vertiport_detect/detecting_vertiport_ws/install/realsense2_camera_msgs/local/lib/python3.10/dist-packages/realsense2_camera_msgs/msg/_rgbd_s.c
[4.186s] -- Installing: /home/haechan/Repo_2025/machine_AI/vertiport_detect/detecting_vertiport_ws/install/realsense2_camera_msgs/local/lib/python3.10/dist-packages/realsense2_camera_msgs/msg/_rgbd.py
[4.186s] -- Installing: /home/haechan/Repo_2025/machine_AI/vertiport_detect/detecting_vertiport_ws/install/realsense2_camera_msgs/local/lib/python3.10/dist-packages/realsense2_camera_msgs/msg/_metadata_s.c
[4.186s] -- Installing: /home/haechan/Repo_2025/machine_AI/vertiport_detect/detecting_vertiport_ws/install/realsense2_camera_msgs/local/lib/python3.10/dist-packages/realsense2_camera_msgs/_realsense2_camera_msgs_s.ep.rosidl_typesupport_c.c
[4.186s] -- Installing: /home/haechan/Repo_2025/machine_AI/vertiport_detect/detecting_vertiport_ws/install/realsense2_camera_msgs/local/lib/python3.10/dist-packages/realsense2_camera_msgs/realsense2_camera_msgs_s__rosidl_typesupport_introspection_c.cpython-310-x86_64-linux-gnu.so
[4.186s] -- Installing: /home/haechan/Repo_2025/machine_AI/vertiport_detect/detecting_vertiport_ws/install/realsense2_camera_msgs/local/lib/python3.10/dist-packages/realsense2_camera_msgs/__init__.py
[4.186s] -- Installing: /home/haechan/Repo_2025/machine_AI/vertiport_detect/detecting_vertiport_ws/install/realsense2_camera_msgs/local/lib/python3.10/dist-packages/realsense2_camera_msgs/realsense2_camera_msgs_s__rosidl_typesupport_c.cpython-310-x86_64-linux-gnu.so
[4.186s] -- Installing: /home/haechan/Repo_2025/machine_AI/vertiport_detect/detecting_vertiport_ws/install/realsense2_camera_msgs/local/lib/python3.10/dist-packages/realsense2_camera_msgs/librealsense2_camera_msgs__rosidl_generator_py.so
[4.187s] -- Installing: /home/haechan/Repo_2025/machine_AI/vertiport_detect/detecting_vertiport_ws/install/realsense2_camera_msgs/local/lib/python3.10/dist-packages/realsense2_camera_msgs/_realsense2_camera_msgs_s.ep.rosidl_typesupport_introspection_c.c
[4.187s] -- Installing: /home/haechan/Repo_2025/machine_AI/vertiport_detect/detecting_vertiport_ws/install/realsense2_camera_msgs/local/lib/python3.10/dist-packages/realsense2_camera_msgs/realsense2_camera_msgs_s__rosidl_typesupport_fastrtps_c.cpython-310-x86_64-linux-gnu.so
[4.213s] Listing '/home/haechan/Repo_2025/machine_AI/vertiport_detect/detecting_vertiport_ws/install/realsense2_camera_msgs/local/lib/python3.10/dist-packages/realsense2_camera_msgs'...
[4.213s] Compiling '/home/haechan/Repo_2025/machine_AI/vertiport_detect/detecting_vertiport_ws/install/realsense2_camera_msgs/local/lib/python3.10/dist-packages/realsense2_camera_msgs/__init__.py'...
[4.213s] Listing '/home/haechan/Repo_2025/machine_AI/vertiport_detect/detecting_vertiport_ws/install/realsense2_camera_msgs/local/lib/python3.10/dist-packages/realsense2_camera_msgs/msg'...
[4.213s] Compiling '/home/haechan/Repo_2025/machine_AI/vertiport_detect/detecting_vertiport_ws/install/realsense2_camera_msgs/local/lib/python3.10/dist-packages/realsense2_camera_msgs/msg/__init__.py'...
[4.213s] Compiling '/home/haechan/Repo_2025/machine_AI/vertiport_detect/detecting_vertiport_ws/install/realsense2_camera_msgs/local/lib/python3.10/dist-packages/realsense2_camera_msgs/msg/_extrinsics.py'...
[4.213s] Compiling '/home/haechan/Repo_2025/machine_AI/vertiport_detect/detecting_vertiport_ws/install/realsense2_camera_msgs/local/lib/python3.10/dist-packages/realsense2_camera_msgs/msg/_imu_info.py'...
[4.213s] Compiling '/home/haechan/Repo_2025/machine_AI/vertiport_detect/detecting_vertiport_ws/install/realsense2_camera_msgs/local/lib/python3.10/dist-packages/realsense2_camera_msgs/msg/_metadata.py'...
[4.213s] Compiling '/home/haechan/Repo_2025/machine_AI/vertiport_detect/detecting_vertiport_ws/install/realsense2_camera_msgs/local/lib/python3.10/dist-packages/realsense2_camera_msgs/msg/_rgbd.py'...
[4.213s] Listing '/home/haechan/Repo_2025/machine_AI/vertiport_detect/detecting_vertiport_ws/install/realsense2_camera_msgs/local/lib/python3.10/dist-packages/realsense2_camera_msgs/srv'...
[4.213s] Compiling '/home/haechan/Repo_2025/machine_AI/vertiport_detect/detecting_vertiport_ws/install/realsense2_camera_msgs/local/lib/python3.10/dist-packages/realsense2_camera_msgs/srv/__init__.py'...
[4.213s] Compiling '/home/haechan/Repo_2025/machine_AI/vertiport_detect/detecting_vertiport_ws/install/realsense2_camera_msgs/local/lib/python3.10/dist-packages/realsense2_camera_msgs/srv/_device_info.py'...
[4.216s] -- Installing: /home/haechan/Repo_2025/machine_AI/vertiport_detect/detecting_vertiport_ws/install/realsense2_camera_msgs/local/lib/python3.10/dist-packages/realsense2_camera_msgs/realsense2_camera_msgs_s__rosidl_typesupport_fastrtps_c.cpython-310-x86_64-linux-gnu.so
[4.216s] -- Set non-toolchain portion of runtime path of "/home/haechan/Repo_2025/machine_AI/vertiport_detect/detecting_vertiport_ws/install/realsense2_camera_msgs/local/lib/python3.10/dist-packages/realsense2_camera_msgs/realsense2_camera_msgs_s__rosidl_typesupport_fastrtps_c.cpython-310-x86_64-linux-gnu.so" to ""
[4.217s] -- Installing: /home/haechan/Repo_2025/machine_AI/vertiport_detect/detecting_vertiport_ws/install/realsense2_camera_msgs/local/lib/python3.10/dist-packages/realsense2_camera_msgs/realsense2_camera_msgs_s__rosidl_typesupport_introspection_c.cpython-310-x86_64-linux-gnu.so
[4.217s] -- Set non-toolchain portion of runtime path of "/home/haechan/Repo_2025/machine_AI/vertiport_detect/detecting_vertiport_ws/install/realsense2_camera_msgs/local/lib/python3.10/dist-packages/realsense2_camera_msgs/realsense2_camera_msgs_s__rosidl_typesupport_introspection_c.cpython-310-x86_64-linux-gnu.so" to ""
[4.217s] -- Installing: /home/haechan/Repo_2025/machine_AI/vertiport_detect/detecting_vertiport_ws/install/realsense2_camera_msgs/local/lib/python3.10/dist-packages/realsense2_camera_msgs/realsense2_camera_msgs_s__rosidl_typesupport_c.cpython-310-x86_64-linux-gnu.so
[4.217s] -- Set non-toolchain portion of runtime path of "/home/haechan/Repo_2025/machine_AI/vertiport_detect/detecting_vertiport_ws/install/realsense2_camera_msgs/local/lib/python3.10/dist-packages/realsense2_camera_msgs/realsense2_camera_msgs_s__rosidl_typesupport_c.cpython-310-x86_64-linux-gnu.so" to ""
[4.217s] -- Installing: /home/haechan/Repo_2025/machine_AI/vertiport_detect/detecting_vertiport_ws/install/realsense2_camera_msgs/lib/librealsense2_camera_msgs__rosidl_generator_py.so
[4.217s] -- Set non-toolchain portion of runtime path of "/home/haechan/Repo_2025/machine_AI/vertiport_detect/detecting_vertiport_ws/install/realsense2_camera_msgs/lib/librealsense2_camera_msgs__rosidl_generator_py.so" to ""
[4.217s] -- Installing: /home/haechan/Repo_2025/machine_AI/vertiport_detect/detecting_vertiport_ws/install/realsense2_camera_msgs/share/realsense2_camera_msgs/msg/IMUInfo.idl
[4.218s] -- Installing: /home/haechan/Repo_2025/machine_AI/vertiport_detect/detecting_vertiport_ws/install/realsense2_camera_msgs/share/realsense2_camera_msgs/msg/Extrinsics.idl
[4.218s] -- Installing: /home/haechan/Repo_2025/machine_AI/vertiport_detect/detecting_vertiport_ws/install/realsense2_camera_msgs/share/realsense2_camera_msgs/msg/Metadata.idl
[4.218s] -- Installing: /home/haechan/Repo_2025/machine_AI/vertiport_detect/detecting_vertiport_ws/install/realsense2_camera_msgs/share/realsense2_camera_msgs/msg/RGBD.idl
[4.218s] -- Installing: /home/haechan/Repo_2025/machine_AI/vertiport_detect/detecting_vertiport_ws/install/realsense2_camera_msgs/share/realsense2_camera_msgs/srv/DeviceInfo.idl
[4.218s] -- Installing: /home/haechan/Repo_2025/machine_AI/vertiport_detect/detecting_vertiport_ws/install/realsense2_camera_msgs/share/realsense2_camera_msgs/msg/IMUInfo.msg
[4.218s] -- Installing: /home/haechan/Repo_2025/machine_AI/vertiport_detect/detecting_vertiport_ws/install/realsense2_camera_msgs/share/realsense2_camera_msgs/msg/Extrinsics.msg
[4.218s] -- Installing: /home/haechan/Repo_2025/machine_AI/vertiport_detect/detecting_vertiport_ws/install/realsense2_camera_msgs/share/realsense2_camera_msgs/msg/Metadata.msg
[4.218s] -- Installing: /home/haechan/Repo_2025/machine_AI/vertiport_detect/detecting_vertiport_ws/install/realsense2_camera_msgs/share/realsense2_camera_msgs/msg/RGBD.msg
[4.218s] -- Installing: /home/haechan/Repo_2025/machine_AI/vertiport_detect/detecting_vertiport_ws/install/realsense2_camera_msgs/share/realsense2_camera_msgs/srv/DeviceInfo.srv
[4.218s] -- Installing: /home/haechan/Repo_2025/machine_AI/vertiport_detect/detecting_vertiport_ws/install/realsense2_camera_msgs/share/realsense2_camera_msgs/srv/DeviceInfo_Request.msg
[4.219s] -- Installing: /home/haechan/Repo_2025/machine_AI/vertiport_detect/detecting_vertiport_ws/install/realsense2_camera_msgs/share/realsense2_camera_msgs/srv/DeviceInfo_Response.msg
[4.219s] -- Installing: /home/haechan/Repo_2025/machine_AI/vertiport_detect/detecting_vertiport_ws/install/realsense2_camera_msgs/share/ament_index/resource_index/package_run_dependencies/realsense2_camera_msgs
[4.219s] -- Installing: /home/haechan/Repo_2025/machine_AI/vertiport_detect/detecting_vertiport_ws/install/realsense2_camera_msgs/share/ament_index/resource_index/parent_prefix_path/realsense2_camera_msgs
[4.219s] -- Installing: /home/haechan/Repo_2025/machine_AI/vertiport_detect/detecting_vertiport_ws/install/realsense2_camera_msgs/share/realsense2_camera_msgs/environment/ament_prefix_path.sh
[4.219s] -- Installing: /home/haechan/Repo_2025/machine_AI/vertiport_detect/detecting_vertiport_ws/install/realsense2_camera_msgs/share/realsense2_camera_msgs/environment/ament_prefix_path.dsv
[4.219s] -- Installing: /home/haechan/Repo_2025/machine_AI/vertiport_detect/detecting_vertiport_ws/install/realsense2_camera_msgs/share/realsense2_camera_msgs/environment/path.sh
[4.219s] -- Installing: /home/haechan/Repo_2025/machine_AI/vertiport_detect/detecting_vertiport_ws/install/realsense2_camera_msgs/share/realsense2_camera_msgs/environment/path.dsv
[4.219s] -- Installing: /home/haechan/Repo_2025/machine_AI/vertiport_detect/detecting_vertiport_ws/install/realsense2_camera_msgs/share/realsense2_camera_msgs/local_setup.bash
[4.219s] -- Installing: /home/haechan/Repo_2025/machine_AI/vertiport_detect/detecting_vertiport_ws/install/realsense2_camera_msgs/share/realsense2_camera_msgs/local_setup.sh
[4.219s] -- Installing: /home/haechan/Repo_2025/machine_AI/vertiport_detect/detecting_vertiport_ws/install/realsense2_camera_msgs/share/realsense2_camera_msgs/local_setup.zsh
[4.219s] -- Installing: /home/haechan/Repo_2025/machine_AI/vertiport_detect/detecting_vertiport_ws/install/realsense2_camera_msgs/share/realsense2_camera_msgs/local_setup.dsv
[4.220s] -- Installing: /home/haechan/Repo_2025/machine_AI/vertiport_detect/detecting_vertiport_ws/install/realsense2_camera_msgs/share/realsense2_camera_msgs/package.dsv
[4.220s] -- Installing: /home/haechan/Repo_2025/machine_AI/vertiport_detect/detecting_vertiport_ws/install/realsense2_camera_msgs/share/ament_index/resource_index/packages/realsense2_camera_msgs
[4.220s] -- Installing: /home/haechan/Repo_2025/machine_AI/vertiport_detect/detecting_vertiport_ws/install/realsense2_camera_msgs/share/realsense2_camera_msgs/cmake/export_realsense2_camera_msgs__rosidl_generator_cExport.cmake
[4.220s] -- Installing: /home/haechan/Repo_2025/machine_AI/vertiport_detect/detecting_vertiport_ws/install/realsense2_camera_msgs/share/realsense2_camera_msgs/cmake/export_realsense2_camera_msgs__rosidl_generator_cExport-noconfig.cmake
[4.220s] -- Installing: /home/haechan/Repo_2025/machine_AI/vertiport_detect/detecting_vertiport_ws/install/realsense2_camera_msgs/share/realsense2_camera_msgs/cmake/export_realsense2_camera_msgs__rosidl_typesupport_fastrtps_cExport.cmake
[4.220s] -- Installing: /home/haechan/Repo_2025/machine_AI/vertiport_detect/detecting_vertiport_ws/install/realsense2_camera_msgs/share/realsense2_camera_msgs/cmake/export_realsense2_camera_msgs__rosidl_typesupport_fastrtps_cExport-noconfig.cmake
[4.220s] -- Installing: /home/haechan/Repo_2025/machine_AI/vertiport_detect/detecting_vertiport_ws/install/realsense2_camera_msgs/share/realsense2_camera_msgs/cmake/realsense2_camera_msgs__rosidl_typesupport_introspection_cExport.cmake
[4.220s] -- Installing: /home/haechan/Repo_2025/machine_AI/vertiport_detect/detecting_vertiport_ws/install/realsense2_camera_msgs/share/realsense2_camera_msgs/cmake/realsense2_camera_msgs__rosidl_typesupport_introspection_cExport-noconfig.cmake
[4.221s] -- Installing: /home/haechan/Repo_2025/machine_AI/vertiport_detect/detecting_vertiport_ws/install/realsense2_camera_msgs/share/realsense2_camera_msgs/cmake/realsense2_camera_msgs__rosidl_typesupport_cExport.cmake
[4.221s] -- Installing: /home/haechan/Repo_2025/machine_AI/vertiport_detect/detecting_vertiport_ws/install/realsense2_camera_msgs/share/realsense2_camera_msgs/cmake/realsense2_camera_msgs__rosidl_typesupport_cExport-noconfig.cmake
[4.221s] -- Installing: /home/haechan/Repo_2025/machine_AI/vertiport_detect/detecting_vertiport_ws/install/realsense2_camera_msgs/share/realsense2_camera_msgs/cmake/export_realsense2_camera_msgs__rosidl_generator_cppExport.cmake
[4.222s] -- Installing: /home/haechan/Repo_2025/machine_AI/vertiport_detect/detecting_vertiport_ws/install/realsense2_camera_msgs/share/realsense2_camera_msgs/cmake/export_realsense2_camera_msgs__rosidl_typesupport_fastrtps_cppExport.cmake
[4.223s] -- Installing: /home/haechan/Repo_2025/machine_AI/vertiport_detect/detecting_vertiport_ws/install/realsense2_camera_msgs/share/realsense2_camera_msgs/cmake/export_realsense2_camera_msgs__rosidl_typesupport_fastrtps_cppExport-noconfig.cmake
[4.223s] -- Installing: /home/haechan/Repo_2025/machine_AI/vertiport_detect/detecting_vertiport_ws/install/realsense2_camera_msgs/share/realsense2_camera_msgs/cmake/realsense2_camera_msgs__rosidl_typesupport_introspection_cppExport.cmake
[4.223s] -- Installing: /home/haechan/Repo_2025/machine_AI/vertiport_detect/detecting_vertiport_ws/install/realsense2_camera_msgs/share/realsense2_camera_msgs/cmake/realsense2_camera_msgs__rosidl_typesupport_introspection_cppExport-noconfig.cmake
[4.223s] -- Installing: /home/haechan/Repo_2025/machine_AI/vertiport_detect/detecting_vertiport_ws/install/realsense2_camera_msgs/share/realsense2_camera_msgs/cmake/realsense2_camera_msgs__rosidl_typesupport_cppExport.cmake
[4.223s] -- Installing: /home/haechan/Repo_2025/machine_AI/vertiport_detect/detecting_vertiport_ws/install/realsense2_camera_msgs/share/realsense2_camera_msgs/cmake/realsense2_camera_msgs__rosidl_typesupport_cppExport-noconfig.cmake
[4.223s] -- Installing: /home/haechan/Repo_2025/machine_AI/vertiport_detect/detecting_vertiport_ws/install/realsense2_camera_msgs/share/realsense2_camera_msgs/cmake/export_realsense2_camera_msgs__rosidl_generator_pyExport.cmake
[4.223s] -- Installing: /home/haechan/Repo_2025/machine_AI/vertiport_detect/detecting_vertiport_ws/install/realsense2_camera_msgs/share/realsense2_camera_msgs/cmake/export_realsense2_camera_msgs__rosidl_generator_pyExport-noconfig.cmake
[4.223s] -- Installing: /home/haechan/Repo_2025/machine_AI/vertiport_detect/detecting_vertiport_ws/install/realsense2_camera_msgs/share/realsense2_camera_msgs/cmake/rosidl_cmake-extras.cmake
[4.223s] -- Installing: /home/haechan/Repo_2025/machine_AI/vertiport_detect/detecting_vertiport_ws/install/realsense2_camera_msgs/share/realsense2_camera_msgs/cmake/ament_cmake_export_dependencies-extras.cmake
[4.224s] -- Installing: /home/haechan/Repo_2025/machine_AI/vertiport_detect/detecting_vertiport_ws/install/realsense2_camera_msgs/share/realsense2_camera_msgs/cmake/ament_cmake_export_include_directories-extras.cmake
[4.224s] -- Installing: /home/haechan/Repo_2025/machine_AI/vertiport_detect/detecting_vertiport_ws/install/realsense2_camera_msgs/share/realsense2_camera_msgs/cmake/ament_cmake_export_libraries-extras.cmake
[4.224s] -- Installing: /home/haechan/Repo_2025/machine_AI/vertiport_detect/detecting_vertiport_ws/install/realsense2_camera_msgs/share/realsense2_camera_msgs/cmake/ament_cmake_export_targets-extras.cmake
[4.224s] -- Installing: /home/haechan/Repo_2025/machine_AI/vertiport_detect/detecting_vertiport_ws/install/realsense2_camera_msgs/share/realsense2_camera_msgs/cmake/rosidl_cmake_export_typesupport_targets-extras.cmake
[4.224s] -- Installing: /home/haechan/Repo_2025/machine_AI/vertiport_detect/detecting_vertiport_ws/install/realsense2_camera_msgs/share/realsense2_camera_msgs/cmake/rosidl_cmake_export_typesupport_libraries-extras.cmake
[4.224s] -- Installing: /home/haechan/Repo_2025/machine_AI/vertiport_detect/detecting_vertiport_ws/install/realsense2_camera_msgs/share/realsense2_camera_msgs/cmake/realsense2_camera_msgsConfig.cmake
[4.224s] -- Installing: /home/haechan/Repo_2025/machine_AI/vertiport_detect/detecting_vertiport_ws/install/realsense2_camera_msgs/share/realsense2_camera_msgs/cmake/realsense2_camera_msgsConfig-version.cmake
[4.224s] -- Installing: /home/haechan/Repo_2025/machine_AI/vertiport_detect/detecting_vertiport_ws/install/realsense2_camera_msgs/share/realsense2_camera_msgs/package.xml
[4.226s] Invoked command in '/home/haechan/Repo_2025/machine_AI/vertiport_detect/detecting_vertiport_ws/build/realsense2_camera_msgs' returned '0': CMAKE_PREFIX_PATH=${CMAKE_PREFIX_PATH}:/home/haechan/Repo_2025/machine_AI/vertiport_detect/detecting_vertiport_ws/install/cv_control_for_landing:/opt/ros/humble /usr/local/bin/cmake --install /home/haechan/Repo_2025/machine_AI/vertiport_detect/detecting_vertiport_ws/build/realsense2_camera_msgs
