[0.065s] DEBUG:colcon:Command line arguments: ['/usr/bin/colcon', 'build']
[0.065s] DEBUG:colcon:Parsed command line arguments: Namespace(log_base=None, log_level=None, verb_name='build', build_base='build', install_base='install', merge_install=False, symlink_install=False, test_result_base=None, continue_on_error=False, executor='parallel', parallel_workers=16, event_handlers=None, ignore_user_meta=False, metas=['./colcon.meta'], base_paths=['.'], packages_ignore=None, packages_ignore_regex=None, paths=None, packages_up_to=None, packages_up_to_regex=None, packages_above=None, packages_above_and_dependencies=None, packages_above_depth=None, packages_select_by_dep=None, packages_skip_by_dep=None, packages_skip_up_to=None, packages_select_build_failed=False, packages_skip_build_finished=False, packages_select_test_failures=False, packages_skip_test_passed=False, packages_select=None, packages_skip=None, packages_select_regex=None, packages_skip_regex=None, packages_start=None, packages_end=None, allow_overriding=[], cmake_args=None, cmake_target=None, cmake_target_skip_unavailable=False, cmake_clean_cache=False, cmake_clean_first=False, cmake_force_configure=False, ament_cmake_args=None, catkin_cmake_args=None, catkin_skip_building_tests=False, mixin_files=None, mixin=None, verb_parser=<colcon_mixin.mixin.mixin_argument.MixinArgumentDecorator object at 0x7a3dcaaa34f0>, verb_extension=<colcon_core.verb.build.BuildVerb object at 0x7a3dcabf8670>, main=<bound method BuildVerb.main of <colcon_core.verb.build.BuildVerb object at 0x7a3dcabf8670>>, mixin_verb=('build',))
[0.086s] Level 1:colcon.colcon_core.package_discovery:discover_packages(colcon_meta) check parameters
[0.086s] Level 1:colcon.colcon_core.package_discovery:discover_packages(recursive) check parameters
[0.086s] Level 1:colcon.colcon_core.package_discovery:discover_packages(ignore) check parameters
[0.086s] Level 1:colcon.colcon_core.package_discovery:discover_packages(path) check parameters
[0.086s] Level 1:colcon.colcon_core.package_discovery:discover_packages(colcon_meta) discover
[0.086s] Level 1:colcon.colcon_core.package_discovery:discover_packages(recursive) discover
[0.086s] INFO:colcon.colcon_core.package_discovery:Crawling recursively for packages in '/home/haechan/Repo_2025/machine_AI/vertiport_detect/detecting_vertiport_ws'
[0.086s] Level 1:colcon.colcon_core.package_identification:_identify(.) by extensions ['ignore', 'ignore_ament_install']
[0.086s] Level 1:colcon.colcon_core.package_identification:_identify(.) by extension 'ignore'
[0.086s] Level 1:colcon.colcon_core.package_identification:_identify(.) by extension 'ignore_ament_install'
[0.086s] Level 1:colcon.colcon_core.package_identification:_identify(.) by extensions ['colcon_pkg']
[0.086s] Level 1:colcon.colcon_core.package_identification:_identify(.) by extension 'colcon_pkg'
[0.086s] Level 1:colcon.colcon_core.package_identification:_identify(.) by extensions ['colcon_meta']
[0.086s] Level 1:colcon.colcon_core.package_identification:_identify(.) by extension 'colcon_meta'
[0.086s] Level 1:colcon.colcon_core.package_identification:_identify(.) by extensions ['ros']
[0.086s] Level 1:colcon.colcon_core.package_identification:_identify(.) by extension 'ros'
[0.094s] Level 1:colcon.colcon_core.package_identification:_identify(.) by extensions ['cmake', 'python']
[0.094s] Level 1:colcon.colcon_core.package_identification:_identify(.) by extension 'cmake'
[0.094s] Level 1:colcon.colcon_core.package_identification:_identify(.) by extension 'python'
[0.094s] Level 1:colcon.colcon_core.package_identification:_identify(.) by extensions ['python_setup_py']
[0.094s] Level 1:colcon.colcon_core.package_identification:_identify(.) by extension 'python_setup_py'
[0.094s] Level 1:colcon.colcon_core.package_identification:_identify(build) by extensions ['ignore', 'ignore_ament_install']
[0.094s] Level 1:colcon.colcon_core.package_identification:_identify(build) by extension 'ignore'
[0.094s] Level 1:colcon.colcon_core.package_identification:_identify(build) ignored
[0.094s] Level 1:colcon.colcon_core.package_identification:_identify(install) by extensions ['ignore', 'ignore_ament_install']
[0.094s] Level 1:colcon.colcon_core.package_identification:_identify(install) by extension 'ignore'
[0.094s] Level 1:colcon.colcon_core.package_identification:_identify(install) ignored
[0.094s] Level 1:colcon.colcon_core.package_identification:_identify(log) by extensions ['ignore', 'ignore_ament_install']
[0.094s] Level 1:colcon.colcon_core.package_identification:_identify(log) by extension 'ignore'
[0.094s] Level 1:colcon.colcon_core.package_identification:_identify(log) ignored
[0.094s] Level 1:colcon.colcon_core.package_identification:_identify(src) by extensions ['ignore', 'ignore_ament_install']
[0.094s] Level 1:colcon.colcon_core.package_identification:_identify(src) by extension 'ignore'
[0.094s] Level 1:colcon.colcon_core.package_identification:_identify(src) by extension 'ignore_ament_install'
[0.094s] Level 1:colcon.colcon_core.package_identification:_identify(src) by extensions ['colcon_pkg']
[0.094s] Level 1:colcon.colcon_core.package_identification:_identify(src) by extension 'colcon_pkg'
[0.094s] Level 1:colcon.colcon_core.package_identification:_identify(src) by extensions ['colcon_meta']
[0.095s] Level 1:colcon.colcon_core.package_identification:_identify(src) by extension 'colcon_meta'
[0.095s] Level 1:colcon.colcon_core.package_identification:_identify(src) by extensions ['ros']
[0.095s] Level 1:colcon.colcon_core.package_identification:_identify(src) by extension 'ros'
[0.095s] Level 1:colcon.colcon_core.package_identification:_identify(src) by extensions ['cmake', 'python']
[0.095s] Level 1:colcon.colcon_core.package_identification:_identify(src) by extension 'cmake'
[0.095s] Level 1:colcon.colcon_core.package_identification:_identify(src) by extension 'python'
[0.095s] Level 1:colcon.colcon_core.package_identification:_identify(src) by extensions ['python_setup_py']
[0.095s] Level 1:colcon.colcon_core.package_identification:_identify(src) by extension 'python_setup_py'
[0.095s] Level 1:colcon.colcon_core.package_identification:_identify(src/cv_control_for_landing) by extensions ['ignore', 'ignore_ament_install']
[0.095s] Level 1:colcon.colcon_core.package_identification:_identify(src/cv_control_for_landing) by extension 'ignore'
[0.095s] Level 1:colcon.colcon_core.package_identification:_identify(src/cv_control_for_landing) by extension 'ignore_ament_install'
[0.095s] Level 1:colcon.colcon_core.package_identification:_identify(src/cv_control_for_landing) by extensions ['colcon_pkg']
[0.095s] Level 1:colcon.colcon_core.package_identification:_identify(src/cv_control_for_landing) by extension 'colcon_pkg'
[0.095s] Level 1:colcon.colcon_core.package_identification:_identify(src/cv_control_for_landing) by extensions ['colcon_meta']
[0.095s] Level 1:colcon.colcon_core.package_identification:_identify(src/cv_control_for_landing) by extension 'colcon_meta'
[0.095s] Level 1:colcon.colcon_core.package_identification:_identify(src/cv_control_for_landing) by extensions ['ros']
[0.095s] Level 1:colcon.colcon_core.package_identification:_identify(src/cv_control_for_landing) by extension 'ros'
[0.096s] DEBUG:colcon.colcon_core.package_identification:Package 'src/cv_control_for_landing' with type 'ros.ament_python' and name 'cv_control_for_landing'
[0.096s] Level 1:colcon.colcon_core.package_identification:_identify(src/realsense-ros) by extensions ['ignore', 'ignore_ament_install']
[0.096s] Level 1:colcon.colcon_core.package_identification:_identify(src/realsense-ros) by extension 'ignore'
[0.096s] Level 1:colcon.colcon_core.package_identification:_identify(src/realsense-ros) by extension 'ignore_ament_install'
[0.096s] Level 1:colcon.colcon_core.package_identification:_identify(src/realsense-ros) by extensions ['colcon_pkg']
[0.096s] Level 1:colcon.colcon_core.package_identification:_identify(src/realsense-ros) by extension 'colcon_pkg'
[0.096s] Level 1:colcon.colcon_core.package_identification:_identify(src/realsense-ros) by extensions ['colcon_meta']
[0.096s] Level 1:colcon.colcon_core.package_identification:_identify(src/realsense-ros) by extension 'colcon_meta'
[0.096s] Level 1:colcon.colcon_core.package_identification:_identify(src/realsense-ros) by extensions ['ros']
[0.096s] Level 1:colcon.colcon_core.package_identification:_identify(src/realsense-ros) by extension 'ros'
[0.096s] Level 1:colcon.colcon_core.package_identification:_identify(src/realsense-ros) by extensions ['cmake', 'python']
[0.096s] Level 1:colcon.colcon_core.package_identification:_identify(src/realsense-ros) by extension 'cmake'
[0.096s] Level 1:colcon.colcon_core.package_identification:_identify(src/realsense-ros) by extension 'python'
[0.096s] Level 1:colcon.colcon_core.package_identification:_identify(src/realsense-ros) by extensions ['python_setup_py']
[0.096s] Level 1:colcon.colcon_core.package_identification:_identify(src/realsense-ros) by extension 'python_setup_py'
[0.096s] Level 1:colcon.colcon_core.package_identification:_identify(src/realsense-ros/realsense2_camera) by extensions ['ignore', 'ignore_ament_install']
[0.097s] Level 1:colcon.colcon_core.package_identification:_identify(src/realsense-ros/realsense2_camera) by extension 'ignore'
[0.097s] Level 1:colcon.colcon_core.package_identification:_identify(src/realsense-ros/realsense2_camera) by extension 'ignore_ament_install'
[0.097s] Level 1:colcon.colcon_core.package_identification:_identify(src/realsense-ros/realsense2_camera) by extensions ['colcon_pkg']
[0.097s] Level 1:colcon.colcon_core.package_identification:_identify(src/realsense-ros/realsense2_camera) by extension 'colcon_pkg'
[0.097s] Level 1:colcon.colcon_core.package_identification:_identify(src/realsense-ros/realsense2_camera) by extensions ['colcon_meta']
[0.097s] Level 1:colcon.colcon_core.package_identification:_identify(src/realsense-ros/realsense2_camera) by extension 'colcon_meta'
[0.097s] Level 1:colcon.colcon_core.package_identification:_identify(src/realsense-ros/realsense2_camera) by extensions ['ros']
[0.097s] Level 1:colcon.colcon_core.package_identification:_identify(src/realsense-ros/realsense2_camera) by extension 'ros'
[0.100s] DEBUG:colcon.colcon_core.package_identification:Package 'src/realsense-ros/realsense2_camera' with type 'ros.ament_cmake' and name 'realsense2_camera'
[0.100s] Level 1:colcon.colcon_core.package_identification:_identify(src/realsense-ros/realsense2_camera_msgs) by extensions ['ignore', 'ignore_ament_install']
[0.100s] Level 1:colcon.colcon_core.package_identification:_identify(src/realsense-ros/realsense2_camera_msgs) by extension 'ignore'
[0.100s] Level 1:colcon.colcon_core.package_identification:_identify(src/realsense-ros/realsense2_camera_msgs) by extension 'ignore_ament_install'
[0.100s] Level 1:colcon.colcon_core.package_identification:_identify(src/realsense-ros/realsense2_camera_msgs) by extensions ['colcon_pkg']
[0.100s] Level 1:colcon.colcon_core.package_identification:_identify(src/realsense-ros/realsense2_camera_msgs) by extension 'colcon_pkg'
[0.100s] Level 1:colcon.colcon_core.package_identification:_identify(src/realsense-ros/realsense2_camera_msgs) by extensions ['colcon_meta']
[0.100s] Level 1:colcon.colcon_core.package_identification:_identify(src/realsense-ros/realsense2_camera_msgs) by extension 'colcon_meta'
[0.100s] Level 1:colcon.colcon_core.package_identification:_identify(src/realsense-ros/realsense2_camera_msgs) by extensions ['ros']
[0.100s] Level 1:colcon.colcon_core.package_identification:_identify(src/realsense-ros/realsense2_camera_msgs) by extension 'ros'
[0.100s] DEBUG:colcon.colcon_core.package_identification:Package 'src/realsense-ros/realsense2_camera_msgs' with type 'ros.ament_cmake' and name 'realsense2_camera_msgs'
[0.100s] Level 1:colcon.colcon_core.package_identification:_identify(src/realsense-ros/realsense2_description) by extensions ['ignore', 'ignore_ament_install']
[0.100s] Level 1:colcon.colcon_core.package_identification:_identify(src/realsense-ros/realsense2_description) by extension 'ignore'
[0.100s] Level 1:colcon.colcon_core.package_identification:_identify(src/realsense-ros/realsense2_description) by extension 'ignore_ament_install'
[0.100s] Level 1:colcon.colcon_core.package_identification:_identify(src/realsense-ros/realsense2_description) by extensions ['colcon_pkg']
[0.100s] Level 1:colcon.colcon_core.package_identification:_identify(src/realsense-ros/realsense2_description) by extension 'colcon_pkg'
[0.100s] Level 1:colcon.colcon_core.package_identification:_identify(src/realsense-ros/realsense2_description) by extensions ['colcon_meta']
[0.100s] Level 1:colcon.colcon_core.package_identification:_identify(src/realsense-ros/realsense2_description) by extension 'colcon_meta'
[0.100s] Level 1:colcon.colcon_core.package_identification:_identify(src/realsense-ros/realsense2_description) by extensions ['ros']
[0.100s] Level 1:colcon.colcon_core.package_identification:_identify(src/realsense-ros/realsense2_description) by extension 'ros'
[0.101s] DEBUG:colcon.colcon_core.package_identification:Package 'src/realsense-ros/realsense2_description' with type 'ros.ament_cmake' and name 'realsense2_description'
[0.101s] Level 1:colcon.colcon_core.package_identification:_identify(src/realsense-ros/scripts) by extensions ['ignore', 'ignore_ament_install']
[0.101s] Level 1:colcon.colcon_core.package_identification:_identify(src/realsense-ros/scripts) by extension 'ignore'
[0.101s] Level 1:colcon.colcon_core.package_identification:_identify(src/realsense-ros/scripts) by extension 'ignore_ament_install'
[0.101s] Level 1:colcon.colcon_core.package_identification:_identify(src/realsense-ros/scripts) by extensions ['colcon_pkg']
[0.101s] Level 1:colcon.colcon_core.package_identification:_identify(src/realsense-ros/scripts) by extension 'colcon_pkg'
[0.101s] Level 1:colcon.colcon_core.package_identification:_identify(src/realsense-ros/scripts) by extensions ['colcon_meta']
[0.101s] Level 1:colcon.colcon_core.package_identification:_identify(src/realsense-ros/scripts) by extension 'colcon_meta'
[0.101s] Level 1:colcon.colcon_core.package_identification:_identify(src/realsense-ros/scripts) by extensions ['ros']
[0.101s] Level 1:colcon.colcon_core.package_identification:_identify(src/realsense-ros/scripts) by extension 'ros'
[0.101s] Level 1:colcon.colcon_core.package_identification:_identify(src/realsense-ros/scripts) by extensions ['cmake', 'python']
[0.101s] Level 1:colcon.colcon_core.package_identification:_identify(src/realsense-ros/scripts) by extension 'cmake'
[0.101s] Level 1:colcon.colcon_core.package_identification:_identify(src/realsense-ros/scripts) by extension 'python'
[0.101s] Level 1:colcon.colcon_core.package_identification:_identify(src/realsense-ros/scripts) by extensions ['python_setup_py']
[0.101s] Level 1:colcon.colcon_core.package_identification:_identify(src/realsense-ros/scripts) by extension 'python_setup_py'
[0.101s] Level 1:colcon.colcon_core.package_discovery:discover_packages(recursive) using defaults
[0.101s] Level 1:colcon.colcon_core.package_discovery:discover_packages(ignore) discover
[0.101s] Level 1:colcon.colcon_core.package_discovery:discover_packages(ignore) using defaults
[0.101s] Level 1:colcon.colcon_core.package_discovery:discover_packages(path) discover
[0.101s] Level 1:colcon.colcon_core.package_discovery:discover_packages(path) using defaults
[0.118s] Level 1:colcon.colcon_core.package_discovery:discover_packages(prefix_path) check parameters
[0.118s] Level 1:colcon.colcon_core.package_discovery:discover_packages(prefix_path) discover
[0.119s] WARNING:colcon.colcon_ros.prefix_path.catkin:The path '/home/haechan/cmake-install' in the environment variable CMAKE_PREFIX_PATH doesn't exist
[0.119s] DEBUG:colcon.colcon_installed_package_information.package_discovery:Found 4 installed packages in /home/haechan/Repo_2025/machine_AI/vertiport_detect/detecting_vertiport_ws/install
[0.120s] DEBUG:colcon.colcon_installed_package_information.package_discovery:Found 280 installed packages in /opt/ros/humble
[0.121s] Level 1:colcon.colcon_core.package_discovery:discover_packages(prefix_path) using defaults
[0.142s] Level 5:colcon.colcon_core.verb:set package 'cv_control_for_landing' build argument 'cmake_args' from command line to 'None'
[0.142s] Level 5:colcon.colcon_core.verb:set package 'cv_control_for_landing' build argument 'cmake_target' from command line to 'None'
[0.142s] Level 5:colcon.colcon_core.verb:set package 'cv_control_for_landing' build argument 'cmake_target_skip_unavailable' from command line to 'False'
[0.142s] Level 5:colcon.colcon_core.verb:set package 'cv_control_for_landing' build argument 'cmake_clean_cache' from command line to 'False'
[0.142s] Level 5:colcon.colcon_core.verb:set package 'cv_control_for_landing' build argument 'cmake_clean_first' from command line to 'False'
[0.142s] Level 5:colcon.colcon_core.verb:set package 'cv_control_for_landing' build argument 'cmake_force_configure' from command line to 'False'
[0.142s] Level 5:colcon.colcon_core.verb:set package 'cv_control_for_landing' build argument 'ament_cmake_args' from command line to 'None'
[0.142s] Level 5:colcon.colcon_core.verb:set package 'cv_control_for_landing' build argument 'catkin_cmake_args' from command line to 'None'
[0.142s] Level 5:colcon.colcon_core.verb:set package 'cv_control_for_landing' build argument 'catkin_skip_building_tests' from command line to 'False'
[0.142s] DEBUG:colcon.colcon_core.verb:Building package 'cv_control_for_landing' with the following arguments: {'ament_cmake_args': None, 'build_base': '/home/haechan/Repo_2025/machine_AI/vertiport_detect/detecting_vertiport_ws/build/cv_control_for_landing', 'catkin_cmake_args': None, 'catkin_skip_building_tests': False, 'cmake_args': None, 'cmake_clean_cache': False, 'cmake_clean_first': False, 'cmake_force_configure': False, 'cmake_target': None, 'cmake_target_skip_unavailable': False, 'install_base': '/home/haechan/Repo_2025/machine_AI/vertiport_detect/detecting_vertiport_ws/install/cv_control_for_landing', 'merge_install': False, 'path': '/home/haechan/Repo_2025/machine_AI/vertiport_detect/detecting_vertiport_ws/src/cv_control_for_landing', 'symlink_install': False, 'test_result_base': None}
[0.142s] Level 5:colcon.colcon_core.verb:set package 'realsense2_camera_msgs' build argument 'cmake_args' from command line to 'None'
[0.142s] Level 5:colcon.colcon_core.verb:set package 'realsense2_camera_msgs' build argument 'cmake_target' from command line to 'None'
[0.142s] Level 5:colcon.colcon_core.verb:set package 'realsense2_camera_msgs' build argument 'cmake_target_skip_unavailable' from command line to 'False'
[0.142s] Level 5:colcon.colcon_core.verb:set package 'realsense2_camera_msgs' build argument 'cmake_clean_cache' from command line to 'False'
[0.142s] Level 5:colcon.colcon_core.verb:set package 'realsense2_camera_msgs' build argument 'cmake_clean_first' from command line to 'False'
[0.142s] Level 5:colcon.colcon_core.verb:set package 'realsense2_camera_msgs' build argument 'cmake_force_configure' from command line to 'False'
[0.142s] Level 5:colcon.colcon_core.verb:set package 'realsense2_camera_msgs' build argument 'ament_cmake_args' from command line to 'None'
[0.142s] Level 5:colcon.colcon_core.verb:set package 'realsense2_camera_msgs' build argument 'catkin_cmake_args' from command line to 'None'
[0.142s] Level 5:colcon.colcon_core.verb:set package 'realsense2_camera_msgs' build argument 'catkin_skip_building_tests' from command line to 'False'
[0.142s] DEBUG:colcon.colcon_core.verb:Building package 'realsense2_camera_msgs' with the following arguments: {'ament_cmake_args': None, 'build_base': '/home/haechan/Repo_2025/machine_AI/vertiport_detect/detecting_vertiport_ws/build/realsense2_camera_msgs', 'catkin_cmake_args': None, 'catkin_skip_building_tests': False, 'cmake_args': None, 'cmake_clean_cache': False, 'cmake_clean_first': False, 'cmake_force_configure': False, 'cmake_target': None, 'cmake_target_skip_unavailable': False, 'install_base': '/home/haechan/Repo_2025/machine_AI/vertiport_detect/detecting_vertiport_ws/install/realsense2_camera_msgs', 'merge_install': False, 'path': '/home/haechan/Repo_2025/machine_AI/vertiport_detect/detecting_vertiport_ws/src/realsense-ros/realsense2_camera_msgs', 'symlink_install': False, 'test_result_base': None}
[0.143s] Level 5:colcon.colcon_core.verb:set package 'realsense2_camera' build argument 'cmake_args' from command line to 'None'
[0.143s] Level 5:colcon.colcon_core.verb:set package 'realsense2_camera' build argument 'cmake_target' from command line to 'None'
[0.143s] Level 5:colcon.colcon_core.verb:set package 'realsense2_camera' build argument 'cmake_target_skip_unavailable' from command line to 'False'
[0.143s] Level 5:colcon.colcon_core.verb:set package 'realsense2_camera' build argument 'cmake_clean_cache' from command line to 'False'
[0.143s] Level 5:colcon.colcon_core.verb:set package 'realsense2_camera' build argument 'cmake_clean_first' from command line to 'False'
[0.143s] Level 5:colcon.colcon_core.verb:set package 'realsense2_camera' build argument 'cmake_force_configure' from command line to 'False'
[0.143s] Level 5:colcon.colcon_core.verb:set package 'realsense2_camera' build argument 'ament_cmake_args' from command line to 'None'
[0.143s] Level 5:colcon.colcon_core.verb:set package 'realsense2_camera' build argument 'catkin_cmake_args' from command line to 'None'
[0.143s] Level 5:colcon.colcon_core.verb:set package 'realsense2_camera' build argument 'catkin_skip_building_tests' from command line to 'False'
[0.143s] DEBUG:colcon.colcon_core.verb:Building package 'realsense2_camera' with the following arguments: {'ament_cmake_args': None, 'build_base': '/home/haechan/Repo_2025/machine_AI/vertiport_detect/detecting_vertiport_ws/build/realsense2_camera', 'catkin_cmake_args': None, 'catkin_skip_building_tests': False, 'cmake_args': None, 'cmake_clean_cache': False, 'cmake_clean_first': False, 'cmake_force_configure': False, 'cmake_target': None, 'cmake_target_skip_unavailable': False, 'install_base': '/home/haechan/Repo_2025/machine_AI/vertiport_detect/detecting_vertiport_ws/install/realsense2_camera', 'merge_install': False, 'path': '/home/haechan/Repo_2025/machine_AI/vertiport_detect/detecting_vertiport_ws/src/realsense-ros/realsense2_camera', 'symlink_install': False, 'test_result_base': None}
[0.143s] Level 5:colcon.colcon_core.verb:set package 'realsense2_description' build argument 'cmake_args' from command line to 'None'
[0.143s] Level 5:colcon.colcon_core.verb:set package 'realsense2_description' build argument 'cmake_target' from command line to 'None'
[0.143s] Level 5:colcon.colcon_core.verb:set package 'realsense2_description' build argument 'cmake_target_skip_unavailable' from command line to 'False'
[0.143s] Level 5:colcon.colcon_core.verb:set package 'realsense2_description' build argument 'cmake_clean_cache' from command line to 'False'
[0.143s] Level 5:colcon.colcon_core.verb:set package 'realsense2_description' build argument 'cmake_clean_first' from command line to 'False'
[0.143s] Level 5:colcon.colcon_core.verb:set package 'realsense2_description' build argument 'cmake_force_configure' from command line to 'False'
[0.143s] Level 5:colcon.colcon_core.verb:set package 'realsense2_description' build argument 'ament_cmake_args' from command line to 'None'
[0.143s] Level 5:colcon.colcon_core.verb:set package 'realsense2_description' build argument 'catkin_cmake_args' from command line to 'None'
[0.143s] Level 5:colcon.colcon_core.verb:set package 'realsense2_description' build argument 'catkin_skip_building_tests' from command line to 'False'
[0.143s] DEBUG:colcon.colcon_core.verb:Building package 'realsense2_description' with the following arguments: {'ament_cmake_args': None, 'build_base': '/home/haechan/Repo_2025/machine_AI/vertiport_detect/detecting_vertiport_ws/build/realsense2_description', 'catkin_cmake_args': None, 'catkin_skip_building_tests': False, 'cmake_args': None, 'cmake_clean_cache': False, 'cmake_clean_first': False, 'cmake_force_configure': False, 'cmake_target': None, 'cmake_target_skip_unavailable': False, 'install_base': '/home/haechan/Repo_2025/machine_AI/vertiport_detect/detecting_vertiport_ws/install/realsense2_description', 'merge_install': False, 'path': '/home/haechan/Repo_2025/machine_AI/vertiport_detect/detecting_vertiport_ws/src/realsense-ros/realsense2_description', 'symlink_install': False, 'test_result_base': None}
[0.143s] INFO:colcon.colcon_core.executor:Executing jobs using 'parallel' executor
[0.144s] DEBUG:colcon.colcon_parallel_executor.executor.parallel:run_until_complete
[0.144s] INFO:colcon.colcon_ros.task.ament_cmake.build:Building ROS package in '/home/haechan/Repo_2025/machine_AI/vertiport_detect/detecting_vertiport_ws/src/realsense-ros/realsense2_camera_msgs' with build type 'ament_cmake'
[0.144s] INFO:colcon.colcon_cmake.task.cmake.build:Building CMake package in '/home/haechan/Repo_2025/machine_AI/vertiport_detect/detecting_vertiport_ws/src/realsense-ros/realsense2_camera_msgs'
[0.146s] INFO:colcon.colcon_core.plugin_system:Skipping extension 'colcon_core.shell.bat': Not used on non-Windows systems
[0.146s] INFO:colcon.colcon_core.shell:Skip shell extension 'powershell' for command environment: Not usable outside of PowerShell
[0.146s] DEBUG:colcon.colcon_core.shell:Skip shell extension 'dsv' for command environment
[0.148s] INFO:colcon.colcon_ros.task.ament_python.build:Building ROS package in '/home/haechan/Repo_2025/machine_AI/vertiport_detect/detecting_vertiport_ws/src/cv_control_for_landing' with build type 'ament_python'
[0.148s] Level 1:colcon.colcon_core.shell:create_environment_hook('cv_control_for_landing', 'ament_prefix_path')
[0.148s] INFO:colcon.colcon_core.shell:Creating environment hook '/home/haechan/Repo_2025/machine_AI/vertiport_detect/detecting_vertiport_ws/install/cv_control_for_landing/share/cv_control_for_landing/hook/ament_prefix_path.ps1'
[0.149s] INFO:colcon.colcon_core.shell:Creating environment descriptor '/home/haechan/Repo_2025/machine_AI/vertiport_detect/detecting_vertiport_ws/install/cv_control_for_landing/share/cv_control_for_landing/hook/ament_prefix_path.dsv'
[0.149s] INFO:colcon.colcon_core.shell:Creating environment hook '/home/haechan/Repo_2025/machine_AI/vertiport_detect/detecting_vertiport_ws/install/cv_control_for_landing/share/cv_control_for_landing/hook/ament_prefix_path.sh'
[0.149s] INFO:colcon.colcon_core.shell:Skip shell extension 'powershell' for command environment: Not usable outside of PowerShell
[0.149s] DEBUG:colcon.colcon_core.shell:Skip shell extension 'dsv' for command environment
[0.154s] DEBUG:colcon.colcon_core.event_handler.log_command:Invoking command in '/home/haechan/Repo_2025/machine_AI/vertiport_detect/detecting_vertiport_ws/build/realsense2_camera_msgs': CMAKE_PREFIX_PATH=${CMAKE_PREFIX_PATH}:/home/haechan/Repo_2025/machine_AI/vertiport_detect/detecting_vertiport_ws/install/cv_control_for_landing:/opt/ros/humble /usr/local/bin/cmake --build /home/haechan/Repo_2025/machine_AI/vertiport_detect/detecting_vertiport_ws/build/realsense2_camera_msgs -- -j16 -l16
[0.298s] INFO:colcon.colcon_core.task.python.build:Building Python package in '/home/haechan/Repo_2025/machine_AI/vertiport_detect/detecting_vertiport_ws/src/cv_control_for_landing'
[0.299s] INFO:colcon.colcon_core.shell:Skip shell extension 'powershell' for command environment: Not usable outside of PowerShell
[0.299s] DEBUG:colcon.colcon_core.shell:Skip shell extension 'dsv' for command environment
[0.396s] DEBUG:colcon.colcon_core.event_handler.log_command:Invoked command in '/home/haechan/Repo_2025/machine_AI/vertiport_detect/detecting_vertiport_ws/build/realsense2_camera_msgs' returned '0': CMAKE_PREFIX_PATH=${CMAKE_PREFIX_PATH}:/home/haechan/Repo_2025/machine_AI/vertiport_detect/detecting_vertiport_ws/install/cv_control_for_landing:/opt/ros/humble /usr/local/bin/cmake --build /home/haechan/Repo_2025/machine_AI/vertiport_detect/detecting_vertiport_ws/build/realsense2_camera_msgs -- -j16 -l16
[0.401s] DEBUG:colcon.colcon_core.event_handler.log_command:Invoking command in '/home/haechan/Repo_2025/machine_AI/vertiport_detect/detecting_vertiport_ws/build/realsense2_camera_msgs': CMAKE_PREFIX_PATH=${CMAKE_PREFIX_PATH}:/home/haechan/Repo_2025/machine_AI/vertiport_detect/detecting_vertiport_ws/install/cv_control_for_landing:/opt/ros/humble /usr/local/bin/cmake --install /home/haechan/Repo_2025/machine_AI/vertiport_detect/detecting_vertiport_ws/build/realsense2_camera_msgs
[0.441s] Level 1:colcon.colcon_core.environment:create_environment_scripts_only(realsense2_camera_msgs)
[0.441s] DEBUG:colcon.colcon_core.event_handler.log_command:Invoked command in '/home/haechan/Repo_2025/machine_AI/vertiport_detect/detecting_vertiport_ws/build/realsense2_camera_msgs' returned '0': CMAKE_PREFIX_PATH=${CMAKE_PREFIX_PATH}:/home/haechan/Repo_2025/machine_AI/vertiport_detect/detecting_vertiport_ws/install/cv_control_for_landing:/opt/ros/humble /usr/local/bin/cmake --install /home/haechan/Repo_2025/machine_AI/vertiport_detect/detecting_vertiport_ws/build/realsense2_camera_msgs
[0.442s] Level 1:colcon.colcon_core.environment:checking '/home/haechan/Repo_2025/machine_AI/vertiport_detect/detecting_vertiport_ws/install/realsense2_camera_msgs' for CMake module files
[0.443s] Level 1:colcon.colcon_core.environment:checking '/home/haechan/Repo_2025/machine_AI/vertiport_detect/detecting_vertiport_ws/install/realsense2_camera_msgs' for CMake config files
[0.443s] Level 1:colcon.colcon_core.shell:create_environment_hook('realsense2_camera_msgs', 'cmake_prefix_path')
[0.443s] INFO:colcon.colcon_core.shell:Creating environment hook '/home/haechan/Repo_2025/machine_AI/vertiport_detect/detecting_vertiport_ws/install/realsense2_camera_msgs/share/realsense2_camera_msgs/hook/cmake_prefix_path.ps1'
[0.443s] INFO:colcon.colcon_core.shell:Creating environment descriptor '/home/haechan/Repo_2025/machine_AI/vertiport_detect/detecting_vertiport_ws/install/realsense2_camera_msgs/share/realsense2_camera_msgs/hook/cmake_prefix_path.dsv'
[0.444s] INFO:colcon.colcon_core.shell:Creating environment hook '/home/haechan/Repo_2025/machine_AI/vertiport_detect/detecting_vertiport_ws/install/realsense2_camera_msgs/share/realsense2_camera_msgs/hook/cmake_prefix_path.sh'
[0.444s] Level 1:colcon.colcon_core.environment:checking '/home/haechan/Repo_2025/machine_AI/vertiport_detect/detecting_vertiport_ws/install/realsense2_camera_msgs/lib'
[0.444s] Level 1:colcon.colcon_core.shell:create_environment_hook('realsense2_camera_msgs', 'ld_library_path_lib')
[0.444s] INFO:colcon.colcon_core.shell:Creating environment hook '/home/haechan/Repo_2025/machine_AI/vertiport_detect/detecting_vertiport_ws/install/realsense2_camera_msgs/share/realsense2_camera_msgs/hook/ld_library_path_lib.ps1'
[0.445s] INFO:colcon.colcon_core.shell:Creating environment descriptor '/home/haechan/Repo_2025/machine_AI/vertiport_detect/detecting_vertiport_ws/install/realsense2_camera_msgs/share/realsense2_camera_msgs/hook/ld_library_path_lib.dsv'
[0.445s] INFO:colcon.colcon_core.shell:Creating environment hook '/home/haechan/Repo_2025/machine_AI/vertiport_detect/detecting_vertiport_ws/install/realsense2_camera_msgs/share/realsense2_camera_msgs/hook/ld_library_path_lib.sh'
[0.445s] Level 1:colcon.colcon_core.environment:checking '/home/haechan/Repo_2025/machine_AI/vertiport_detect/detecting_vertiport_ws/install/realsense2_camera_msgs/bin'
[0.445s] Level 1:colcon.colcon_core.environment:checking '/home/haechan/Repo_2025/machine_AI/vertiport_detect/detecting_vertiport_ws/install/realsense2_camera_msgs/lib/pkgconfig/realsense2_camera_msgs.pc'
[0.445s] Level 1:colcon.colcon_core.environment:checking '/home/haechan/Repo_2025/machine_AI/vertiport_detect/detecting_vertiport_ws/install/realsense2_camera_msgs/lib/python3.10/site-packages'
[0.445s] Level 1:colcon.colcon_core.environment:checking '/home/haechan/Repo_2025/machine_AI/vertiport_detect/detecting_vertiport_ws/install/realsense2_camera_msgs/bin'
[0.445s] INFO:colcon.colcon_core.shell:Creating package script '/home/haechan/Repo_2025/machine_AI/vertiport_detect/detecting_vertiport_ws/install/realsense2_camera_msgs/share/realsense2_camera_msgs/package.ps1'
[0.446s] INFO:colcon.colcon_core.shell:Creating package descriptor '/home/haechan/Repo_2025/machine_AI/vertiport_detect/detecting_vertiport_ws/install/realsense2_camera_msgs/share/realsense2_camera_msgs/package.dsv'
[0.446s] INFO:colcon.colcon_core.shell:Creating package script '/home/haechan/Repo_2025/machine_AI/vertiport_detect/detecting_vertiport_ws/install/realsense2_camera_msgs/share/realsense2_camera_msgs/package.sh'
[0.447s] INFO:colcon.colcon_core.shell:Creating package script '/home/haechan/Repo_2025/machine_AI/vertiport_detect/detecting_vertiport_ws/install/realsense2_camera_msgs/share/realsense2_camera_msgs/package.bash'
[0.447s] INFO:colcon.colcon_core.shell:Creating package script '/home/haechan/Repo_2025/machine_AI/vertiport_detect/detecting_vertiport_ws/install/realsense2_camera_msgs/share/realsense2_camera_msgs/package.zsh'
[0.447s] Level 1:colcon.colcon_core.environment:create_file_with_runtime_dependencies(/home/haechan/Repo_2025/machine_AI/vertiport_detect/detecting_vertiport_ws/install/realsense2_camera_msgs/share/colcon-core/packages/realsense2_camera_msgs)
[0.448s] Level 1:colcon.colcon_core.environment:create_environment_scripts_only(realsense2_camera_msgs)
[0.448s] Level 1:colcon.colcon_core.environment:checking '/home/haechan/Repo_2025/machine_AI/vertiport_detect/detecting_vertiport_ws/install/realsense2_camera_msgs' for CMake module files
[0.448s] Level 1:colcon.colcon_core.environment:checking '/home/haechan/Repo_2025/machine_AI/vertiport_detect/detecting_vertiport_ws/install/realsense2_camera_msgs' for CMake config files
[0.448s] Level 1:colcon.colcon_core.shell:create_environment_hook('realsense2_camera_msgs', 'cmake_prefix_path')
[0.448s] INFO:colcon.colcon_core.shell:Creating environment hook '/home/haechan/Repo_2025/machine_AI/vertiport_detect/detecting_vertiport_ws/install/realsense2_camera_msgs/share/realsense2_camera_msgs/hook/cmake_prefix_path.ps1'
[0.449s] INFO:colcon.colcon_core.shell:Creating environment descriptor '/home/haechan/Repo_2025/machine_AI/vertiport_detect/detecting_vertiport_ws/install/realsense2_camera_msgs/share/realsense2_camera_msgs/hook/cmake_prefix_path.dsv'
[0.449s] INFO:colcon.colcon_core.shell:Creating environment hook '/home/haechan/Repo_2025/machine_AI/vertiport_detect/detecting_vertiport_ws/install/realsense2_camera_msgs/share/realsense2_camera_msgs/hook/cmake_prefix_path.sh'
[0.449s] Level 1:colcon.colcon_core.environment:checking '/home/haechan/Repo_2025/machine_AI/vertiport_detect/detecting_vertiport_ws/install/realsense2_camera_msgs/lib'
[0.449s] Level 1:colcon.colcon_core.shell:create_environment_hook('realsense2_camera_msgs', 'ld_library_path_lib')
[0.449s] INFO:colcon.colcon_core.shell:Creating environment hook '/home/haechan/Repo_2025/machine_AI/vertiport_detect/detecting_vertiport_ws/install/realsense2_camera_msgs/share/realsense2_camera_msgs/hook/ld_library_path_lib.ps1'
[0.450s] INFO:colcon.colcon_core.shell:Creating environment descriptor '/home/haechan/Repo_2025/machine_AI/vertiport_detect/detecting_vertiport_ws/install/realsense2_camera_msgs/share/realsense2_camera_msgs/hook/ld_library_path_lib.dsv'
[0.450s] INFO:colcon.colcon_core.shell:Creating environment hook '/home/haechan/Repo_2025/machine_AI/vertiport_detect/detecting_vertiport_ws/install/realsense2_camera_msgs/share/realsense2_camera_msgs/hook/ld_library_path_lib.sh'
[0.450s] Level 1:colcon.colcon_core.environment:checking '/home/haechan/Repo_2025/machine_AI/vertiport_detect/detecting_vertiport_ws/install/realsense2_camera_msgs/bin'
[0.450s] Level 1:colcon.colcon_core.environment:checking '/home/haechan/Repo_2025/machine_AI/vertiport_detect/detecting_vertiport_ws/install/realsense2_camera_msgs/lib/pkgconfig/realsense2_camera_msgs.pc'
[0.450s] Level 1:colcon.colcon_core.environment:checking '/home/haechan/Repo_2025/machine_AI/vertiport_detect/detecting_vertiport_ws/install/realsense2_camera_msgs/lib/python3.10/site-packages'
[0.450s] Level 1:colcon.colcon_core.environment:checking '/home/haechan/Repo_2025/machine_AI/vertiport_detect/detecting_vertiport_ws/install/realsense2_camera_msgs/bin'
[0.450s] INFO:colcon.colcon_core.shell:Creating package script '/home/haechan/Repo_2025/machine_AI/vertiport_detect/detecting_vertiport_ws/install/realsense2_camera_msgs/share/realsense2_camera_msgs/package.ps1'
[0.451s] INFO:colcon.colcon_core.shell:Creating package descriptor '/home/haechan/Repo_2025/machine_AI/vertiport_detect/detecting_vertiport_ws/install/realsense2_camera_msgs/share/realsense2_camera_msgs/package.dsv'
[0.451s] INFO:colcon.colcon_core.shell:Creating package script '/home/haechan/Repo_2025/machine_AI/vertiport_detect/detecting_vertiport_ws/install/realsense2_camera_msgs/share/realsense2_camera_msgs/package.sh'
[0.451s] INFO:colcon.colcon_core.shell:Creating package script '/home/haechan/Repo_2025/machine_AI/vertiport_detect/detecting_vertiport_ws/install/realsense2_camera_msgs/share/realsense2_camera_msgs/package.bash'
[0.451s] INFO:colcon.colcon_core.shell:Creating package script '/home/haechan/Repo_2025/machine_AI/vertiport_detect/detecting_vertiport_ws/install/realsense2_camera_msgs/share/realsense2_camera_msgs/package.zsh'
[0.452s] Level 1:colcon.colcon_core.environment:create_file_with_runtime_dependencies(/home/haechan/Repo_2025/machine_AI/vertiport_detect/detecting_vertiport_ws/install/realsense2_camera_msgs/share/colcon-core/packages/realsense2_camera_msgs)
[0.452s] INFO:colcon.colcon_ros.task.ament_cmake.build:Building ROS package in '/home/haechan/Repo_2025/machine_AI/vertiport_detect/detecting_vertiport_ws/src/realsense-ros/realsense2_camera' with build type 'ament_cmake'
[0.452s] INFO:colcon.colcon_cmake.task.cmake.build:Building CMake package in '/home/haechan/Repo_2025/machine_AI/vertiport_detect/detecting_vertiport_ws/src/realsense-ros/realsense2_camera'
[0.452s] INFO:colcon.colcon_core.shell:Skip shell extension 'powershell' for command environment: Not usable outside of PowerShell
[0.452s] DEBUG:colcon.colcon_core.shell:Skip shell extension 'dsv' for command environment
[0.456s] INFO:colcon.colcon_ros.task.ament_cmake.build:Building ROS package in '/home/haechan/Repo_2025/machine_AI/vertiport_detect/detecting_vertiport_ws/src/realsense-ros/realsense2_description' with build type 'ament_cmake'
[0.457s] INFO:colcon.colcon_cmake.task.cmake.build:Building CMake package in '/home/haechan/Repo_2025/machine_AI/vertiport_detect/detecting_vertiport_ws/src/realsense-ros/realsense2_description'
[0.457s] INFO:colcon.colcon_core.shell:Skip shell extension 'powershell' for command environment: Not usable outside of PowerShell
[0.457s] DEBUG:colcon.colcon_core.shell:Skip shell extension 'dsv' for command environment
[0.464s] DEBUG:colcon.colcon_core.event_handler.log_command:Invoking command in '/home/haechan/Repo_2025/machine_AI/vertiport_detect/detecting_vertiport_ws/build/realsense2_camera': CMAKE_PREFIX_PATH=/home/haechan/Repo_2025/machine_AI/vertiport_detect/detecting_vertiport_ws/install/realsense2_camera_msgs:/home/haechan/Repo_2025/machine_AI/vertiport_detect/detecting_vertiport_ws/install/realsense2_description:/home/haechan/Repo_2025/machine_AI/vertiport_detect/detecting_vertiport_ws/install/realsense2_camera:/home/haechan/cmake-install:/home/haechan/cmake-install:/home/haechan/cmake-install:/home/haechan/Repo_2025/machine_AI/vertiport_detect/detecting_vertiport_ws/install/cv_control_for_landing:/opt/ros/humble LD_LIBRARY_PATH=/home/haechan/Repo_2025/machine_AI/vertiport_detect/detecting_vertiport_ws/install/realsense2_camera_msgs/lib:/home/haechan/Repo_2025/machine_AI/vertiport_detect/detecting_vertiport_ws/install/realsense2_camera/lib:/opt/ros/humble/opt/rviz_ogre_vendor/lib:/opt/ros/humble/lib/x86_64-linux-gnu:/opt/ros/humble/lib /usr/local/bin/cmake --build /home/haechan/Repo_2025/machine_AI/vertiport_detect/detecting_vertiport_ws/build/realsense2_camera -- -j16 -l16
[0.466s] DEBUG:colcon.colcon_core.event_handler.log_command:Invoking command in '/home/haechan/Repo_2025/machine_AI/vertiport_detect/detecting_vertiport_ws/build/realsense2_description': CMAKE_PREFIX_PATH=/home/haechan/Repo_2025/machine_AI/vertiport_detect/detecting_vertiport_ws/install/realsense2_camera_msgs:/home/haechan/Repo_2025/machine_AI/vertiport_detect/detecting_vertiport_ws/install/realsense2_description:/home/haechan/Repo_2025/machine_AI/vertiport_detect/detecting_vertiport_ws/install/realsense2_camera:/home/haechan/cmake-install:/home/haechan/cmake-install:/home/haechan/cmake-install:/home/haechan/Repo_2025/machine_AI/vertiport_detect/detecting_vertiport_ws/install/cv_control_for_landing:/opt/ros/humble LD_LIBRARY_PATH=/home/haechan/Repo_2025/machine_AI/vertiport_detect/detecting_vertiport_ws/install/realsense2_camera_msgs/lib:/home/haechan/Repo_2025/machine_AI/vertiport_detect/detecting_vertiport_ws/install/realsense2_camera/lib:/opt/ros/humble/opt/rviz_ogre_vendor/lib:/opt/ros/humble/lib/x86_64-linux-gnu:/opt/ros/humble/lib /usr/local/bin/cmake --build /home/haechan/Repo_2025/machine_AI/vertiport_detect/detecting_vertiport_ws/build/realsense2_description -- -j16 -l16
[0.483s] DEBUG:colcon.colcon_core.event_handler.log_command:Invoked command in '/home/haechan/Repo_2025/machine_AI/vertiport_detect/detecting_vertiport_ws/build/realsense2_description' returned '0': CMAKE_PREFIX_PATH=/home/haechan/Repo_2025/machine_AI/vertiport_detect/detecting_vertiport_ws/install/realsense2_camera_msgs:/home/haechan/Repo_2025/machine_AI/vertiport_detect/detecting_vertiport_ws/install/realsense2_description:/home/haechan/Repo_2025/machine_AI/vertiport_detect/detecting_vertiport_ws/install/realsense2_camera:/home/haechan/cmake-install:/home/haechan/cmake-install:/home/haechan/cmake-install:/home/haechan/Repo_2025/machine_AI/vertiport_detect/detecting_vertiport_ws/install/cv_control_for_landing:/opt/ros/humble LD_LIBRARY_PATH=/home/haechan/Repo_2025/machine_AI/vertiport_detect/detecting_vertiport_ws/install/realsense2_camera_msgs/lib:/home/haechan/Repo_2025/machine_AI/vertiport_detect/detecting_vertiport_ws/install/realsense2_camera/lib:/opt/ros/humble/opt/rviz_ogre_vendor/lib:/opt/ros/humble/lib/x86_64-linux-gnu:/opt/ros/humble/lib /usr/local/bin/cmake --build /home/haechan/Repo_2025/machine_AI/vertiport_detect/detecting_vertiport_ws/build/realsense2_description -- -j16 -l16
[0.485s] DEBUG:colcon.colcon_core.event_handler.log_command:Invoking command in '/home/haechan/Repo_2025/machine_AI/vertiport_detect/detecting_vertiport_ws/build/realsense2_description': CMAKE_PREFIX_PATH=/home/haechan/Repo_2025/machine_AI/vertiport_detect/detecting_vertiport_ws/install/realsense2_camera_msgs:/home/haechan/Repo_2025/machine_AI/vertiport_detect/detecting_vertiport_ws/install/realsense2_description:/home/haechan/Repo_2025/machine_AI/vertiport_detect/detecting_vertiport_ws/install/realsense2_camera:/home/haechan/cmake-install:/home/haechan/cmake-install:/home/haechan/cmake-install:/home/haechan/Repo_2025/machine_AI/vertiport_detect/detecting_vertiport_ws/install/cv_control_for_landing:/opt/ros/humble LD_LIBRARY_PATH=/home/haechan/Repo_2025/machine_AI/vertiport_detect/detecting_vertiport_ws/install/realsense2_camera_msgs/lib:/home/haechan/Repo_2025/machine_AI/vertiport_detect/detecting_vertiport_ws/install/realsense2_camera/lib:/opt/ros/humble/opt/rviz_ogre_vendor/lib:/opt/ros/humble/lib/x86_64-linux-gnu:/opt/ros/humble/lib /usr/local/bin/cmake --install /home/haechan/Repo_2025/machine_AI/vertiport_detect/detecting_vertiport_ws/build/realsense2_description
[0.490s] Level 1:colcon.colcon_core.environment:create_environment_scripts_only(realsense2_description)
[0.491s] Level 1:colcon.colcon_core.environment:checking '/home/haechan/Repo_2025/machine_AI/vertiport_detect/detecting_vertiport_ws/install/realsense2_description' for CMake module files
[0.491s] DEBUG:colcon.colcon_core.event_handler.log_command:Invoked command in '/home/haechan/Repo_2025/machine_AI/vertiport_detect/detecting_vertiport_ws/build/realsense2_description' returned '0': CMAKE_PREFIX_PATH=/home/haechan/Repo_2025/machine_AI/vertiport_detect/detecting_vertiport_ws/install/realsense2_camera_msgs:/home/haechan/Repo_2025/machine_AI/vertiport_detect/detecting_vertiport_ws/install/realsense2_description:/home/haechan/Repo_2025/machine_AI/vertiport_detect/detecting_vertiport_ws/install/realsense2_camera:/home/haechan/cmake-install:/home/haechan/cmake-install:/home/haechan/cmake-install:/home/haechan/Repo_2025/machine_AI/vertiport_detect/detecting_vertiport_ws/install/cv_control_for_landing:/opt/ros/humble LD_LIBRARY_PATH=/home/haechan/Repo_2025/machine_AI/vertiport_detect/detecting_vertiport_ws/install/realsense2_camera_msgs/lib:/home/haechan/Repo_2025/machine_AI/vertiport_detect/detecting_vertiport_ws/install/realsense2_camera/lib:/opt/ros/humble/opt/rviz_ogre_vendor/lib:/opt/ros/humble/lib/x86_64-linux-gnu:/opt/ros/humble/lib /usr/local/bin/cmake --install /home/haechan/Repo_2025/machine_AI/vertiport_detect/detecting_vertiport_ws/build/realsense2_description
[0.491s] Level 1:colcon.colcon_core.environment:checking '/home/haechan/Repo_2025/machine_AI/vertiport_detect/detecting_vertiport_ws/install/realsense2_description' for CMake config files
[0.492s] Level 1:colcon.colcon_core.shell:create_environment_hook('realsense2_description', 'cmake_prefix_path')
[0.492s] INFO:colcon.colcon_core.shell:Creating environment hook '/home/haechan/Repo_2025/machine_AI/vertiport_detect/detecting_vertiport_ws/install/realsense2_description/share/realsense2_description/hook/cmake_prefix_path.ps1'
[0.492s] INFO:colcon.colcon_core.shell:Creating environment descriptor '/home/haechan/Repo_2025/machine_AI/vertiport_detect/detecting_vertiport_ws/install/realsense2_description/share/realsense2_description/hook/cmake_prefix_path.dsv'
[0.493s] INFO:colcon.colcon_core.shell:Creating environment hook '/home/haechan/Repo_2025/machine_AI/vertiport_detect/detecting_vertiport_ws/install/realsense2_description/share/realsense2_description/hook/cmake_prefix_path.sh'
[0.493s] Level 1:colcon.colcon_core.environment:checking '/home/haechan/Repo_2025/machine_AI/vertiport_detect/detecting_vertiport_ws/install/realsense2_description/bin'
[0.493s] Level 1:colcon.colcon_core.environment:checking '/home/haechan/Repo_2025/machine_AI/vertiport_detect/detecting_vertiport_ws/install/realsense2_description/lib/pkgconfig/realsense2_description.pc'
[0.493s] Level 1:colcon.colcon_core.environment:checking '/home/haechan/Repo_2025/machine_AI/vertiport_detect/detecting_vertiport_ws/install/realsense2_description/lib/python3.10/site-packages'
[0.494s] Level 1:colcon.colcon_core.environment:checking '/home/haechan/Repo_2025/machine_AI/vertiport_detect/detecting_vertiport_ws/install/realsense2_description/bin'
[0.494s] INFO:colcon.colcon_core.shell:Creating package script '/home/haechan/Repo_2025/machine_AI/vertiport_detect/detecting_vertiport_ws/install/realsense2_description/share/realsense2_description/package.ps1'
[0.494s] INFO:colcon.colcon_core.shell:Creating package descriptor '/home/haechan/Repo_2025/machine_AI/vertiport_detect/detecting_vertiport_ws/install/realsense2_description/share/realsense2_description/package.dsv'
[0.494s] INFO:colcon.colcon_core.shell:Creating package script '/home/haechan/Repo_2025/machine_AI/vertiport_detect/detecting_vertiport_ws/install/realsense2_description/share/realsense2_description/package.sh'
[0.495s] INFO:colcon.colcon_core.shell:Creating package script '/home/haechan/Repo_2025/machine_AI/vertiport_detect/detecting_vertiport_ws/install/realsense2_description/share/realsense2_description/package.bash'
[0.495s] INFO:colcon.colcon_core.shell:Creating package script '/home/haechan/Repo_2025/machine_AI/vertiport_detect/detecting_vertiport_ws/install/realsense2_description/share/realsense2_description/package.zsh'
[0.495s] Level 1:colcon.colcon_core.environment:create_file_with_runtime_dependencies(/home/haechan/Repo_2025/machine_AI/vertiport_detect/detecting_vertiport_ws/install/realsense2_description/share/colcon-core/packages/realsense2_description)
[0.495s] Level 1:colcon.colcon_core.environment:create_environment_scripts_only(realsense2_description)
[0.495s] Level 1:colcon.colcon_core.environment:checking '/home/haechan/Repo_2025/machine_AI/vertiport_detect/detecting_vertiport_ws/install/realsense2_description' for CMake module files
[0.496s] Level 1:colcon.colcon_core.environment:checking '/home/haechan/Repo_2025/machine_AI/vertiport_detect/detecting_vertiport_ws/install/realsense2_description' for CMake config files
[0.496s] Level 1:colcon.colcon_core.shell:create_environment_hook('realsense2_description', 'cmake_prefix_path')
[0.496s] INFO:colcon.colcon_core.shell:Creating environment hook '/home/haechan/Repo_2025/machine_AI/vertiport_detect/detecting_vertiport_ws/install/realsense2_description/share/realsense2_description/hook/cmake_prefix_path.ps1'
[0.496s] INFO:colcon.colcon_core.shell:Creating environment descriptor '/home/haechan/Repo_2025/machine_AI/vertiport_detect/detecting_vertiport_ws/install/realsense2_description/share/realsense2_description/hook/cmake_prefix_path.dsv'
[0.496s] INFO:colcon.colcon_core.shell:Creating environment hook '/home/haechan/Repo_2025/machine_AI/vertiport_detect/detecting_vertiport_ws/install/realsense2_description/share/realsense2_description/hook/cmake_prefix_path.sh'
[0.497s] Level 1:colcon.colcon_core.environment:checking '/home/haechan/Repo_2025/machine_AI/vertiport_detect/detecting_vertiport_ws/install/realsense2_description/bin'
[0.497s] Level 1:colcon.colcon_core.environment:checking '/home/haechan/Repo_2025/machine_AI/vertiport_detect/detecting_vertiport_ws/install/realsense2_description/lib/pkgconfig/realsense2_description.pc'
[0.497s] Level 1:colcon.colcon_core.environment:checking '/home/haechan/Repo_2025/machine_AI/vertiport_detect/detecting_vertiport_ws/install/realsense2_description/lib/python3.10/site-packages'
[0.497s] Level 1:colcon.colcon_core.environment:checking '/home/haechan/Repo_2025/machine_AI/vertiport_detect/detecting_vertiport_ws/install/realsense2_description/bin'
[0.498s] INFO:colcon.colcon_core.shell:Creating package script '/home/haechan/Repo_2025/machine_AI/vertiport_detect/detecting_vertiport_ws/install/realsense2_description/share/realsense2_description/package.ps1'
[0.498s] INFO:colcon.colcon_core.shell:Creating package descriptor '/home/haechan/Repo_2025/machine_AI/vertiport_detect/detecting_vertiport_ws/install/realsense2_description/share/realsense2_description/package.dsv'
[0.499s] INFO:colcon.colcon_core.shell:Creating package script '/home/haechan/Repo_2025/machine_AI/vertiport_detect/detecting_vertiport_ws/install/realsense2_description/share/realsense2_description/package.sh'
[0.499s] INFO:colcon.colcon_core.shell:Creating package script '/home/haechan/Repo_2025/machine_AI/vertiport_detect/detecting_vertiport_ws/install/realsense2_description/share/realsense2_description/package.bash'
[0.499s] INFO:colcon.colcon_core.shell:Creating package script '/home/haechan/Repo_2025/machine_AI/vertiport_detect/detecting_vertiport_ws/install/realsense2_description/share/realsense2_description/package.zsh'
[0.499s] Level 1:colcon.colcon_core.environment:create_file_with_runtime_dependencies(/home/haechan/Repo_2025/machine_AI/vertiport_detect/detecting_vertiport_ws/install/realsense2_description/share/colcon-core/packages/realsense2_description)
[0.509s] DEBUG:colcon.colcon_core.event_handler.log_command:Invoked command in '/home/haechan/Repo_2025/machine_AI/vertiport_detect/detecting_vertiport_ws/build/realsense2_camera' returned '0': CMAKE_PREFIX_PATH=/home/haechan/Repo_2025/machine_AI/vertiport_detect/detecting_vertiport_ws/install/realsense2_camera_msgs:/home/haechan/Repo_2025/machine_AI/vertiport_detect/detecting_vertiport_ws/install/realsense2_description:/home/haechan/Repo_2025/machine_AI/vertiport_detect/detecting_vertiport_ws/install/realsense2_camera:/home/haechan/cmake-install:/home/haechan/cmake-install:/home/haechan/cmake-install:/home/haechan/Repo_2025/machine_AI/vertiport_detect/detecting_vertiport_ws/install/cv_control_for_landing:/opt/ros/humble LD_LIBRARY_PATH=/home/haechan/Repo_2025/machine_AI/vertiport_detect/detecting_vertiport_ws/install/realsense2_camera_msgs/lib:/home/haechan/Repo_2025/machine_AI/vertiport_detect/detecting_vertiport_ws/install/realsense2_camera/lib:/opt/ros/humble/opt/rviz_ogre_vendor/lib:/opt/ros/humble/lib/x86_64-linux-gnu:/opt/ros/humble/lib /usr/local/bin/cmake --build /home/haechan/Repo_2025/machine_AI/vertiport_detect/detecting_vertiport_ws/build/realsense2_camera -- -j16 -l16
[0.510s] DEBUG:colcon.colcon_core.event_handler.log_command:Invoking command in '/home/haechan/Repo_2025/machine_AI/vertiport_detect/detecting_vertiport_ws/build/realsense2_camera': CMAKE_PREFIX_PATH=/home/haechan/Repo_2025/machine_AI/vertiport_detect/detecting_vertiport_ws/install/realsense2_camera_msgs:/home/haechan/Repo_2025/machine_AI/vertiport_detect/detecting_vertiport_ws/install/realsense2_description:/home/haechan/Repo_2025/machine_AI/vertiport_detect/detecting_vertiport_ws/install/realsense2_camera:/home/haechan/cmake-install:/home/haechan/cmake-install:/home/haechan/cmake-install:/home/haechan/Repo_2025/machine_AI/vertiport_detect/detecting_vertiport_ws/install/cv_control_for_landing:/opt/ros/humble LD_LIBRARY_PATH=/home/haechan/Repo_2025/machine_AI/vertiport_detect/detecting_vertiport_ws/install/realsense2_camera_msgs/lib:/home/haechan/Repo_2025/machine_AI/vertiport_detect/detecting_vertiport_ws/install/realsense2_camera/lib:/opt/ros/humble/opt/rviz_ogre_vendor/lib:/opt/ros/humble/lib/x86_64-linux-gnu:/opt/ros/humble/lib /usr/local/bin/cmake --install /home/haechan/Repo_2025/machine_AI/vertiport_detect/detecting_vertiport_ws/build/realsense2_camera
[0.517s] Level 1:colcon.colcon_core.environment:create_environment_scripts_only(realsense2_camera)
[0.518s] Level 1:colcon.colcon_core.environment:checking '/home/haechan/Repo_2025/machine_AI/vertiport_detect/detecting_vertiport_ws/install/realsense2_camera' for CMake module files
[0.518s] DEBUG:colcon.colcon_core.event_handler.log_command:Invoked command in '/home/haechan/Repo_2025/machine_AI/vertiport_detect/detecting_vertiport_ws/build/realsense2_camera' returned '0': CMAKE_PREFIX_PATH=/home/haechan/Repo_2025/machine_AI/vertiport_detect/detecting_vertiport_ws/install/realsense2_camera_msgs:/home/haechan/Repo_2025/machine_AI/vertiport_detect/detecting_vertiport_ws/install/realsense2_description:/home/haechan/Repo_2025/machine_AI/vertiport_detect/detecting_vertiport_ws/install/realsense2_camera:/home/haechan/cmake-install:/home/haechan/cmake-install:/home/haechan/cmake-install:/home/haechan/Repo_2025/machine_AI/vertiport_detect/detecting_vertiport_ws/install/cv_control_for_landing:/opt/ros/humble LD_LIBRARY_PATH=/home/haechan/Repo_2025/machine_AI/vertiport_detect/detecting_vertiport_ws/install/realsense2_camera_msgs/lib:/home/haechan/Repo_2025/machine_AI/vertiport_detect/detecting_vertiport_ws/install/realsense2_camera/lib:/opt/ros/humble/opt/rviz_ogre_vendor/lib:/opt/ros/humble/lib/x86_64-linux-gnu:/opt/ros/humble/lib /usr/local/bin/cmake --install /home/haechan/Repo_2025/machine_AI/vertiport_detect/detecting_vertiport_ws/build/realsense2_camera
[0.518s] Level 1:colcon.colcon_core.environment:checking '/home/haechan/Repo_2025/machine_AI/vertiport_detect/detecting_vertiport_ws/install/realsense2_camera' for CMake config files
[0.518s] Level 1:colcon.colcon_core.shell:create_environment_hook('realsense2_camera', 'cmake_prefix_path')
[0.518s] INFO:colcon.colcon_core.shell:Creating environment hook '/home/haechan/Repo_2025/machine_AI/vertiport_detect/detecting_vertiport_ws/install/realsense2_camera/share/realsense2_camera/hook/cmake_prefix_path.ps1'
[0.519s] INFO:colcon.colcon_core.shell:Creating environment descriptor '/home/haechan/Repo_2025/machine_AI/vertiport_detect/detecting_vertiport_ws/install/realsense2_camera/share/realsense2_camera/hook/cmake_prefix_path.dsv'
[0.519s] INFO:colcon.colcon_core.shell:Creating environment hook '/home/haechan/Repo_2025/machine_AI/vertiport_detect/detecting_vertiport_ws/install/realsense2_camera/share/realsense2_camera/hook/cmake_prefix_path.sh'
[0.519s] Level 1:colcon.colcon_core.environment:checking '/home/haechan/Repo_2025/machine_AI/vertiport_detect/detecting_vertiport_ws/install/realsense2_camera/lib'
[0.520s] Level 1:colcon.colcon_core.shell:create_environment_hook('realsense2_camera', 'ld_library_path_lib')
[0.520s] INFO:colcon.colcon_core.shell:Creating environment hook '/home/haechan/Repo_2025/machine_AI/vertiport_detect/detecting_vertiport_ws/install/realsense2_camera/share/realsense2_camera/hook/ld_library_path_lib.ps1'
[0.520s] INFO:colcon.colcon_core.shell:Creating environment descriptor '/home/haechan/Repo_2025/machine_AI/vertiport_detect/detecting_vertiport_ws/install/realsense2_camera/share/realsense2_camera/hook/ld_library_path_lib.dsv'
[0.520s] INFO:colcon.colcon_core.shell:Creating environment hook '/home/haechan/Repo_2025/machine_AI/vertiport_detect/detecting_vertiport_ws/install/realsense2_camera/share/realsense2_camera/hook/ld_library_path_lib.sh'
[0.520s] Level 1:colcon.colcon_core.environment:checking '/home/haechan/Repo_2025/machine_AI/vertiport_detect/detecting_vertiport_ws/install/realsense2_camera/bin'
[0.520s] Level 1:colcon.colcon_core.environment:checking '/home/haechan/Repo_2025/machine_AI/vertiport_detect/detecting_vertiport_ws/install/realsense2_camera/lib/pkgconfig/realsense2_camera.pc'
[0.521s] Level 1:colcon.colcon_core.environment:checking '/home/haechan/Repo_2025/machine_AI/vertiport_detect/detecting_vertiport_ws/install/realsense2_camera/lib/python3.10/site-packages'
[0.521s] Level 1:colcon.colcon_core.environment:checking '/home/haechan/Repo_2025/machine_AI/vertiport_detect/detecting_vertiport_ws/install/realsense2_camera/bin'
[0.521s] INFO:colcon.colcon_core.shell:Creating package script '/home/haechan/Repo_2025/machine_AI/vertiport_detect/detecting_vertiport_ws/install/realsense2_camera/share/realsense2_camera/package.ps1'
[0.521s] INFO:colcon.colcon_core.shell:Creating package descriptor '/home/haechan/Repo_2025/machine_AI/vertiport_detect/detecting_vertiport_ws/install/realsense2_camera/share/realsense2_camera/package.dsv'
[0.521s] INFO:colcon.colcon_core.shell:Creating package script '/home/haechan/Repo_2025/machine_AI/vertiport_detect/detecting_vertiport_ws/install/realsense2_camera/share/realsense2_camera/package.sh'
[0.522s] INFO:colcon.colcon_core.shell:Creating package script '/home/haechan/Repo_2025/machine_AI/vertiport_detect/detecting_vertiport_ws/install/realsense2_camera/share/realsense2_camera/package.bash'
[0.522s] INFO:colcon.colcon_core.shell:Creating package script '/home/haechan/Repo_2025/machine_AI/vertiport_detect/detecting_vertiport_ws/install/realsense2_camera/share/realsense2_camera/package.zsh'
[0.522s] Level 1:colcon.colcon_core.environment:create_file_with_runtime_dependencies(/home/haechan/Repo_2025/machine_AI/vertiport_detect/detecting_vertiport_ws/install/realsense2_camera/share/colcon-core/packages/realsense2_camera)
[0.522s] Level 1:colcon.colcon_core.environment:create_environment_scripts_only(realsense2_camera)
[0.522s] Level 1:colcon.colcon_core.environment:checking '/home/haechan/Repo_2025/machine_AI/vertiport_detect/detecting_vertiport_ws/install/realsense2_camera' for CMake module files
[0.523s] Level 1:colcon.colcon_core.environment:checking '/home/haechan/Repo_2025/machine_AI/vertiport_detect/detecting_vertiport_ws/install/realsense2_camera' for CMake config files
[0.523s] Level 1:colcon.colcon_core.shell:create_environment_hook('realsense2_camera', 'cmake_prefix_path')
[0.523s] INFO:colcon.colcon_core.shell:Creating environment hook '/home/haechan/Repo_2025/machine_AI/vertiport_detect/detecting_vertiport_ws/install/realsense2_camera/share/realsense2_camera/hook/cmake_prefix_path.ps1'
[0.523s] INFO:colcon.colcon_core.shell:Creating environment descriptor '/home/haechan/Repo_2025/machine_AI/vertiport_detect/detecting_vertiport_ws/install/realsense2_camera/share/realsense2_camera/hook/cmake_prefix_path.dsv'
[0.523s] INFO:colcon.colcon_core.shell:Creating environment hook '/home/haechan/Repo_2025/machine_AI/vertiport_detect/detecting_vertiport_ws/install/realsense2_camera/share/realsense2_camera/hook/cmake_prefix_path.sh'
[0.524s] Level 1:colcon.colcon_core.environment:checking '/home/haechan/Repo_2025/machine_AI/vertiport_detect/detecting_vertiport_ws/install/realsense2_camera/lib'
[0.524s] Level 1:colcon.colcon_core.shell:create_environment_hook('realsense2_camera', 'ld_library_path_lib')
[0.524s] INFO:colcon.colcon_core.shell:Creating environment hook '/home/haechan/Repo_2025/machine_AI/vertiport_detect/detecting_vertiport_ws/install/realsense2_camera/share/realsense2_camera/hook/ld_library_path_lib.ps1'
[0.524s] INFO:colcon.colcon_core.shell:Creating environment descriptor '/home/haechan/Repo_2025/machine_AI/vertiport_detect/detecting_vertiport_ws/install/realsense2_camera/share/realsense2_camera/hook/ld_library_path_lib.dsv'
[0.524s] INFO:colcon.colcon_core.shell:Creating environment hook '/home/haechan/Repo_2025/machine_AI/vertiport_detect/detecting_vertiport_ws/install/realsense2_camera/share/realsense2_camera/hook/ld_library_path_lib.sh'
[0.524s] Level 1:colcon.colcon_core.environment:checking '/home/haechan/Repo_2025/machine_AI/vertiport_detect/detecting_vertiport_ws/install/realsense2_camera/bin'
[0.524s] Level 1:colcon.colcon_core.environment:checking '/home/haechan/Repo_2025/machine_AI/vertiport_detect/detecting_vertiport_ws/install/realsense2_camera/lib/pkgconfig/realsense2_camera.pc'
[0.524s] Level 1:colcon.colcon_core.environment:checking '/home/haechan/Repo_2025/machine_AI/vertiport_detect/detecting_vertiport_ws/install/realsense2_camera/lib/python3.10/site-packages'
[0.525s] Level 1:colcon.colcon_core.environment:checking '/home/haechan/Repo_2025/machine_AI/vertiport_detect/detecting_vertiport_ws/install/realsense2_camera/bin'
[0.525s] INFO:colcon.colcon_core.shell:Creating package script '/home/haechan/Repo_2025/machine_AI/vertiport_detect/detecting_vertiport_ws/install/realsense2_camera/share/realsense2_camera/package.ps1'
[0.525s] INFO:colcon.colcon_core.shell:Creating package descriptor '/home/haechan/Repo_2025/machine_AI/vertiport_detect/detecting_vertiport_ws/install/realsense2_camera/share/realsense2_camera/package.dsv'
[0.525s] INFO:colcon.colcon_core.shell:Creating package script '/home/haechan/Repo_2025/machine_AI/vertiport_detect/detecting_vertiport_ws/install/realsense2_camera/share/realsense2_camera/package.sh'
[0.525s] INFO:colcon.colcon_core.shell:Creating package script '/home/haechan/Repo_2025/machine_AI/vertiport_detect/detecting_vertiport_ws/install/realsense2_camera/share/realsense2_camera/package.bash'
[0.526s] INFO:colcon.colcon_core.shell:Creating package script '/home/haechan/Repo_2025/machine_AI/vertiport_detect/detecting_vertiport_ws/install/realsense2_camera/share/realsense2_camera/package.zsh'
[0.526s] Level 1:colcon.colcon_core.environment:create_file_with_runtime_dependencies(/home/haechan/Repo_2025/machine_AI/vertiport_detect/detecting_vertiport_ws/install/realsense2_camera/share/colcon-core/packages/realsense2_camera)
[0.725s] DEBUG:colcon.colcon_core.event_handler.log_command:Invoking command in '/home/haechan/Repo_2025/machine_AI/vertiport_detect/detecting_vertiport_ws/src/cv_control_for_landing': PYTHONPATH=/home/haechan/Repo_2025/machine_AI/vertiport_detect/detecting_vertiport_ws/build/cv_control_for_landing/prefix_override:/usr/lib/python3/dist-packages/colcon_core/task/python/colcon_distutils_commands:/home/haechan/Repo_2025/machine_AI/vertiport_detect/detecting_vertiport_ws/install/cv_control_for_landing/lib/python3.10/site-packages:${PYTHONPATH} /usr/bin/python3 -W ignore:setup.py install is deprecated -W ignore:easy_install command is deprecated setup.py egg_info --egg-base ../../build/cv_control_for_landing build --build-base /home/haechan/Repo_2025/machine_AI/vertiport_detect/detecting_vertiport_ws/build/cv_control_for_landing/build install --record /home/haechan/Repo_2025/machine_AI/vertiport_detect/detecting_vertiport_ws/build/cv_control_for_landing/install.log --single-version-externally-managed install_data
[1.073s] Level 1:colcon.colcon_core.environment:checking '/home/haechan/Repo_2025/machine_AI/vertiport_detect/detecting_vertiport_ws/install/cv_control_for_landing' for CMake module files
[1.074s] DEBUG:colcon.colcon_core.event_handler.log_command:Invoked command in '/home/haechan/Repo_2025/machine_AI/vertiport_detect/detecting_vertiport_ws/src/cv_control_for_landing' returned '0': PYTHONPATH=/home/haechan/Repo_2025/machine_AI/vertiport_detect/detecting_vertiport_ws/build/cv_control_for_landing/prefix_override:/usr/lib/python3/dist-packages/colcon_core/task/python/colcon_distutils_commands:/home/haechan/Repo_2025/machine_AI/vertiport_detect/detecting_vertiport_ws/install/cv_control_for_landing/lib/python3.10/site-packages:${PYTHONPATH} /usr/bin/python3 -W ignore:setup.py install is deprecated -W ignore:easy_install command is deprecated setup.py egg_info --egg-base ../../build/cv_control_for_landing build --build-base /home/haechan/Repo_2025/machine_AI/vertiport_detect/detecting_vertiport_ws/build/cv_control_for_landing/build install --record /home/haechan/Repo_2025/machine_AI/vertiport_detect/detecting_vertiport_ws/build/cv_control_for_landing/install.log --single-version-externally-managed install_data
[1.074s] Level 1:colcon.colcon_core.environment:checking '/home/haechan/Repo_2025/machine_AI/vertiport_detect/detecting_vertiport_ws/install/cv_control_for_landing' for CMake config files
[1.075s] Level 1:colcon.colcon_core.environment:checking '/home/haechan/Repo_2025/machine_AI/vertiport_detect/detecting_vertiport_ws/install/cv_control_for_landing/lib'
[1.075s] Level 1:colcon.colcon_core.environment:checking '/home/haechan/Repo_2025/machine_AI/vertiport_detect/detecting_vertiport_ws/install/cv_control_for_landing/bin'
[1.075s] Level 1:colcon.colcon_core.environment:checking '/home/haechan/Repo_2025/machine_AI/vertiport_detect/detecting_vertiport_ws/install/cv_control_for_landing/lib/pkgconfig/cv_control_for_landing.pc'
[1.075s] Level 1:colcon.colcon_core.environment:checking '/home/haechan/Repo_2025/machine_AI/vertiport_detect/detecting_vertiport_ws/install/cv_control_for_landing/lib/python3.10/site-packages'
[1.075s] Level 1:colcon.colcon_core.shell:create_environment_hook('cv_control_for_landing', 'pythonpath')
[1.075s] INFO:colcon.colcon_core.shell:Creating environment hook '/home/haechan/Repo_2025/machine_AI/vertiport_detect/detecting_vertiport_ws/install/cv_control_for_landing/share/cv_control_for_landing/hook/pythonpath.ps1'
[1.076s] INFO:colcon.colcon_core.shell:Creating environment descriptor '/home/haechan/Repo_2025/machine_AI/vertiport_detect/detecting_vertiport_ws/install/cv_control_for_landing/share/cv_control_for_landing/hook/pythonpath.dsv'
[1.076s] INFO:colcon.colcon_core.shell:Creating environment hook '/home/haechan/Repo_2025/machine_AI/vertiport_detect/detecting_vertiport_ws/install/cv_control_for_landing/share/cv_control_for_landing/hook/pythonpath.sh'
[1.076s] Level 1:colcon.colcon_core.environment:checking '/home/haechan/Repo_2025/machine_AI/vertiport_detect/detecting_vertiport_ws/install/cv_control_for_landing/bin'
[1.076s] Level 1:colcon.colcon_core.environment:create_environment_scripts_only(cv_control_for_landing)
[1.076s] INFO:colcon.colcon_core.shell:Creating package script '/home/haechan/Repo_2025/machine_AI/vertiport_detect/detecting_vertiport_ws/install/cv_control_for_landing/share/cv_control_for_landing/package.ps1'
[1.077s] INFO:colcon.colcon_core.shell:Creating package descriptor '/home/haechan/Repo_2025/machine_AI/vertiport_detect/detecting_vertiport_ws/install/cv_control_for_landing/share/cv_control_for_landing/package.dsv'
[1.077s] INFO:colcon.colcon_core.shell:Creating package script '/home/haechan/Repo_2025/machine_AI/vertiport_detect/detecting_vertiport_ws/install/cv_control_for_landing/share/cv_control_for_landing/package.sh'
[1.077s] INFO:colcon.colcon_core.shell:Creating package script '/home/haechan/Repo_2025/machine_AI/vertiport_detect/detecting_vertiport_ws/install/cv_control_for_landing/share/cv_control_for_landing/package.bash'
[1.077s] INFO:colcon.colcon_core.shell:Creating package script '/home/haechan/Repo_2025/machine_AI/vertiport_detect/detecting_vertiport_ws/install/cv_control_for_landing/share/cv_control_for_landing/package.zsh'
[1.077s] Level 1:colcon.colcon_core.environment:create_file_with_runtime_dependencies(/home/haechan/Repo_2025/machine_AI/vertiport_detect/detecting_vertiport_ws/install/cv_control_for_landing/share/colcon-core/packages/cv_control_for_landing)
[1.078s] DEBUG:colcon.colcon_parallel_executor.executor.parallel:closing loop
[1.078s] DEBUG:colcon.colcon_parallel_executor.executor.parallel:loop closed
[1.078s] DEBUG:colcon.colcon_parallel_executor.executor.parallel:run_until_complete finished with '0'
[1.078s] DEBUG:colcon.colcon_core.event_reactor:joining thread
[1.095s] INFO:colcon.colcon_core.plugin_system:Skipping extension 'colcon_notification.desktop_notification.terminal_notifier': Not used on non-Darwin systems
[1.095s] INFO:colcon.colcon_core.plugin_system:Skipping extension 'colcon_notification.desktop_notification.win32': Not used on non-Windows systems
[1.095s] INFO:colcon.colcon_notification.desktop_notification:Sending desktop notification using 'notify2'
[1.102s] DEBUG:colcon.colcon_core.event_reactor:joined thread
[1.102s] INFO:colcon.colcon_core.shell:Creating prefix script '/home/haechan/Repo_2025/machine_AI/vertiport_detect/detecting_vertiport_ws/install/local_setup.ps1'
[1.103s] INFO:colcon.colcon_core.shell:Creating prefix util module '/home/haechan/Repo_2025/machine_AI/vertiport_detect/detecting_vertiport_ws/install/_local_setup_util_ps1.py'
[1.104s] INFO:colcon.colcon_core.shell:Creating prefix chain script '/home/haechan/Repo_2025/machine_AI/vertiport_detect/detecting_vertiport_ws/install/setup.ps1'
[1.104s] INFO:colcon.colcon_core.shell:Creating prefix script '/home/haechan/Repo_2025/machine_AI/vertiport_detect/detecting_vertiport_ws/install/local_setup.sh'
[1.105s] INFO:colcon.colcon_core.shell:Creating prefix util module '/home/haechan/Repo_2025/machine_AI/vertiport_detect/detecting_vertiport_ws/install/_local_setup_util_sh.py'
[1.105s] INFO:colcon.colcon_core.shell:Creating prefix chain script '/home/haechan/Repo_2025/machine_AI/vertiport_detect/detecting_vertiport_ws/install/setup.sh'
[1.105s] INFO:colcon.colcon_core.shell:Creating prefix script '/home/haechan/Repo_2025/machine_AI/vertiport_detect/detecting_vertiport_ws/install/local_setup.bash'
[1.106s] INFO:colcon.colcon_core.shell:Creating prefix chain script '/home/haechan/Repo_2025/machine_AI/vertiport_detect/detecting_vertiport_ws/install/setup.bash'
[1.106s] INFO:colcon.colcon_core.shell:Creating prefix script '/home/haechan/Repo_2025/machine_AI/vertiport_detect/detecting_vertiport_ws/install/local_setup.zsh'
[1.106s] INFO:colcon.colcon_core.shell:Creating prefix chain script '/home/haechan/Repo_2025/machine_AI/vertiport_detect/detecting_vertiport_ws/install/setup.zsh'
