[0.659s] Invoking command in '/home/haechan/Repo_2025/machine_AI/vertiport_detect/detecting_vertiport_ws/src/cv_control_for_landing': PYTHONPATH=/home/haechan/Repo_2025/machine_AI/vertiport_detect/detecting_vertiport_ws/build/cv_control_for_landing/prefix_override:/usr/lib/python3/dist-packages/colcon_core/task/python/colcon_distutils_commands:/home/haechan/Repo_2025/machine_AI/vertiport_detect/detecting_vertiport_ws/install/cv_control_for_landing/lib/python3.10/site-packages:${PYTHONPATH} /usr/bin/python3 -W ignore:setup.py install is deprecated -W ignore:easy_install command is deprecated setup.py egg_info --egg-base ../../build/cv_control_for_landing build --build-base /home/haechan/Repo_2025/machine_AI/vertiport_detect/detecting_vertiport_ws/build/cv_control_for_landing/build install --record /home/haechan/Repo_2025/machine_AI/vertiport_detect/detecting_vertiport_ws/build/cv_control_for_landing/install.log --single-version-externally-managed install_data
[0.838s] running egg_info
[0.850s] writing ../../build/cv_control_for_landing/cv_control_for_landing.egg-info/PKG-INFO
[0.850s] writing dependency_links to ../../build/cv_control_for_landing/cv_control_for_landing.egg-info/dependency_links.txt
[0.851s] writing entry points to ../../build/cv_control_for_landing/cv_control_for_landing.egg-info/entry_points.txt
[0.851s] writing requirements to ../../build/cv_control_for_landing/cv_control_for_landing.egg-info/requires.txt
[0.851s] writing top-level names to ../../build/cv_control_for_landing/cv_control_for_landing.egg-info/top_level.txt
[0.876s] reading manifest file '../../build/cv_control_for_landing/cv_control_for_landing.egg-info/SOURCES.txt'
[0.877s] writing manifest file '../../build/cv_control_for_landing/cv_control_for_landing.egg-info/SOURCES.txt'
[0.877s] running build
[0.877s] running build_py
[0.877s] copying cv_control_for_landing/RealSenseCameraLauncher.py -> /home/haechan/Repo_2025/machine_AI/vertiport_detect/detecting_vertiport_ws/build/cv_control_for_landing/build/lib/cv_control_for_landing
[0.877s] copying cv_control_for_landing/yolo_center_publisher.py -> /home/haechan/Repo_2025/machine_AI/vertiport_detect/detecting_vertiport_ws/build/cv_control_for_landing/build/lib/cv_control_for_landing
[0.878s] copying cv_control_for_landing/realsense_viewer.py -> /home/haechan/Repo_2025/machine_AI/vertiport_detect/detecting_vertiport_ws/build/cv_control_for_landing/build/lib/cv_control_for_landing
[0.878s] copying cv_control_for_landing/__init__.py -> /home/haechan/Repo_2025/machine_AI/vertiport_detect/detecting_vertiport_ws/build/cv_control_for_landing/build/lib/cv_control_for_landing
[0.878s] running install
[0.881s] running install_lib
[0.892s] copying /home/haechan/Repo_2025/machine_AI/vertiport_detect/detecting_vertiport_ws/build/cv_control_for_landing/build/lib/cv_control_for_landing/RealSenseCameraLauncher.py -> /home/haechan/Repo_2025/machine_AI/vertiport_detect/detecting_vertiport_ws/install/cv_control_for_landing/lib/python3.10/site-packages/cv_control_for_landing
[0.893s] byte-compiling /home/haechan/Repo_2025/machine_AI/vertiport_detect/detecting_vertiport_ws/install/cv_control_for_landing/lib/python3.10/site-packages/cv_control_for_landing/RealSenseCameraLauncher.py to RealSenseCameraLauncher.cpython-310.pyc
[0.893s] running install_data
[0.893s] copying resource/cv_control_for_landing -> /home/haechan/Repo_2025/machine_AI/vertiport_detect/detecting_vertiport_ws/install/cv_control_for_landing/share/ament_index/resource_index/packages
[0.894s] copying package.xml -> /home/haechan/Repo_2025/machine_AI/vertiport_detect/detecting_vertiport_ws/install/cv_control_for_landing/share/cv_control_for_landing
[0.894s] copying launch/realsense_launch.py -> /home/haechan/Repo_2025/machine_AI/vertiport_detect/detecting_vertiport_ws/install/cv_control_for_landing/share/cv_control_for_landing/launch
[0.894s] running install_egg_info
[0.906s] removing '/home/haechan/Repo_2025/machine_AI/vertiport_detect/detecting_vertiport_ws/install/cv_control_for_landing/lib/python3.10/site-packages/cv_control_for_landing-0.0.0-py3.10.egg-info' (and everything under it)
[0.906s] Copying ../../build/cv_control_for_landing/cv_control_for_landing.egg-info to /home/haechan/Repo_2025/machine_AI/vertiport_detect/detecting_vertiport_ws/install/cv_control_for_landing/lib/python3.10/site-packages/cv_control_for_landing-0.0.0-py3.10.egg-info
[0.907s] running install_scripts
[0.997s] Installing realsense_viewer script to /home/haechan/Repo_2025/machine_AI/vertiport_detect/detecting_vertiport_ws/install/cv_control_for_landing/lib/cv_control_for_landing
[0.997s] Installing yolo_center_publisher script to /home/haechan/Repo_2025/machine_AI/vertiport_detect/detecting_vertiport_ws/install/cv_control_for_landing/lib/cv_control_for_landing
[0.998s] writing list of installed files to '/home/haechan/Repo_2025/machine_AI/vertiport_detect/detecting_vertiport_ws/build/cv_control_for_landing/install.log'
[1.024s] Invoked command in '/home/haechan/Repo_2025/machine_AI/vertiport_detect/detecting_vertiport_ws/src/cv_control_for_landing' returned '0': PYTHONPATH=/home/haechan/Repo_2025/machine_AI/vertiport_detect/detecting_vertiport_ws/build/cv_control_for_landing/prefix_override:/usr/lib/python3/dist-packages/colcon_core/task/python/colcon_distutils_commands:/home/haechan/Repo_2025/machine_AI/vertiport_detect/detecting_vertiport_ws/install/cv_control_for_landing/lib/python3.10/site-packages:${PYTHONPATH} /usr/bin/python3 -W ignore:setup.py install is deprecated -W ignore:easy_install command is deprecated setup.py egg_info --egg-base ../../build/cv_control_for_landing build --build-base /home/haechan/Repo_2025/machine_AI/vertiport_detect/detecting_vertiport_ws/build/cv_control_for_landing/build install --record /home/haechan/Repo_2025/machine_AI/vertiport_detect/detecting_vertiport_ws/build/cv_control_for_landing/install.log --single-version-externally-managed install_data
