[0.577s] Invoking command in '/home/haechan/Repo_2025/machine_AI/vertiport_detect/detecting_vertiport_ws/src/cv_control_for_landing': PYTHONPATH=/home/haechan/Repo_2025/machine_AI/vertiport_detect/detecting_vertiport_ws/build/cv_control_for_landing/prefix_override:/usr/lib/python3/dist-packages/colcon_core/task/python/colcon_distutils_commands:/home/haechan/Repo_2025/machine_AI/vertiport_detect/detecting_vertiport_ws/install/cv_control_for_landing/lib/python3.10/site-packages:${PYTHONPATH} /usr/bin/python3 -W ignore:setup.py install is deprecated -W ignore:easy_install command is deprecated setup.py egg_info --egg-base ../../build/cv_control_for_landing build --build-base /home/haechan/Repo_2025/machine_AI/vertiport_detect/detecting_vertiport_ws/build/cv_control_for_landing/build install --record /home/haechan/Repo_2025/machine_AI/vertiport_detect/detecting_vertiport_ws/build/cv_control_for_landing/install.log --single-version-externally-managed install_data
[0.745s] running egg_info
[0.755s] writing ../../build/cv_control_for_landing/cv_control_for_landing.egg-info/PKG-INFO
[0.755s] writing dependency_links to ../../build/cv_control_for_landing/cv_control_for_landing.egg-info/dependency_links.txt
[0.755s] writing entry points to ../../build/cv_control_for_landing/cv_control_for_landing.egg-info/entry_points.txt
[0.755s] writing requirements to ../../build/cv_control_for_landing/cv_control_for_landing.egg-info/requires.txt
[0.756s] writing top-level names to ../../build/cv_control_for_landing/cv_control_for_landing.egg-info/top_level.txt
[0.777s] reading manifest file '../../build/cv_control_for_landing/cv_control_for_landing.egg-info/SOURCES.txt'
[0.778s] writing manifest file '../../build/cv_control_for_landing/cv_control_for_landing.egg-info/SOURCES.txt'
[0.778s] running build
[0.778s] running build_py
[0.778s] copying cv_control_for_landing/RealSenseCameraLauncher.py -> /home/haechan/Repo_2025/machine_AI/vertiport_detect/detecting_vertiport_ws/build/cv_control_for_landing/build/lib/cv_control_for_landing
[0.778s] copying cv_control_for_landing/realsense_viewer.py -> /home/haechan/Repo_2025/machine_AI/vertiport_detect/detecting_vertiport_ws/build/cv_control_for_landing/build/lib/cv_control_for_landing
[0.778s] copying cv_control_for_landing/__init__.py -> /home/haechan/Repo_2025/machine_AI/vertiport_detect/detecting_vertiport_ws/build/cv_control_for_landing/build/lib/cv_control_for_landing
[0.778s] running install
[0.781s] running install_lib
[0.791s] copying /home/haechan/Repo_2025/machine_AI/vertiport_detect/detecting_vertiport_ws/build/cv_control_for_landing/build/lib/cv_control_for_landing/realsense_viewer.py -> /home/haechan/Repo_2025/machine_AI/vertiport_detect/detecting_vertiport_ws/install/cv_control_for_landing/lib/python3.10/site-packages/cv_control_for_landing
[0.791s] byte-compiling /home/haechan/Repo_2025/machine_AI/vertiport_detect/detecting_vertiport_ws/install/cv_control_for_landing/lib/python3.10/site-packages/cv_control_for_landing/realsense_viewer.py to realsense_viewer.cpython-310.pyc
[0.792s] running install_data
[0.792s] copying resource/cv_control_for_landing -> /home/haechan/Repo_2025/machine_AI/vertiport_detect/detecting_vertiport_ws/install/cv_control_for_landing/share/ament_index/resource_index/packages
[0.792s] copying package.xml -> /home/haechan/Repo_2025/machine_AI/vertiport_detect/detecting_vertiport_ws/install/cv_control_for_landing/share/cv_control_for_landing
[0.792s] copying launch/realsense_launch.py -> /home/haechan/Repo_2025/machine_AI/vertiport_detect/detecting_vertiport_ws/install/cv_control_for_landing/share/cv_control_for_landing/launch
[0.792s] running install_egg_info
[0.803s] removing '/home/haechan/Repo_2025/machine_AI/vertiport_detect/detecting_vertiport_ws/install/cv_control_for_landing/lib/python3.10/site-packages/cv_control_for_landing-0.0.0-py3.10.egg-info' (and everything under it)
[0.803s] Copying ../../build/cv_control_for_landing/cv_control_for_landing.egg-info to /home/haechan/Repo_2025/machine_AI/vertiport_detect/detecting_vertiport_ws/install/cv_control_for_landing/lib/python3.10/site-packages/cv_control_for_landing-0.0.0-py3.10.egg-info
[0.804s] running install_scripts
[0.893s] Installing realsense_viewer script to /home/haechan/Repo_2025/machine_AI/vertiport_detect/detecting_vertiport_ws/install/cv_control_for_landing/lib/cv_control_for_landing
[0.893s] writing list of installed files to '/home/haechan/Repo_2025/machine_AI/vertiport_detect/detecting_vertiport_ws/build/cv_control_for_landing/install.log'
[0.925s] Invoked command in '/home/haechan/Repo_2025/machine_AI/vertiport_detect/detecting_vertiport_ws/src/cv_control_for_landing' returned '0': PYTHONPATH=/home/haechan/Repo_2025/machine_AI/vertiport_detect/detecting_vertiport_ws/build/cv_control_for_landing/prefix_override:/usr/lib/python3/dist-packages/colcon_core/task/python/colcon_distutils_commands:/home/haechan/Repo_2025/machine_AI/vertiport_detect/detecting_vertiport_ws/install/cv_control_for_landing/lib/python3.10/site-packages:${PYTHONPATH} /usr/bin/python3 -W ignore:setup.py install is deprecated -W ignore:easy_install command is deprecated setup.py egg_info --egg-base ../../build/cv_control_for_landing build --build-base /home/haechan/Repo_2025/machine_AI/vertiport_detect/detecting_vertiport_ws/build/cv_control_for_landing/build install --record /home/haechan/Repo_2025/machine_AI/vertiport_detect/detecting_vertiport_ws/build/cv_control_for_landing/install.log --single-version-externally-managed install_data
