[0.008s] Invoking command in '/home/haechan/Repo_2025/machine_AI/vertiport_detect/detecting_vertiport_ws/build/realsense2_camera': CMAKE_PREFIX_PATH=/home/haechan/Repo_2025/machine_AI/vertiport_detect/detecting_vertiport_ws/install/realsense2_camera_msgs:/home/haechan/Repo_2025/machine_AI/vertiport_detect/detecting_vertiport_ws/install/realsense2_description:/home/haechan/Repo_2025/machine_AI/vertiport_detect/detecting_vertiport_ws/install/realsense2_camera:/home/haechan/cmake-install:/home/haechan/cmake-install:/home/haechan/cmake-install:/home/haechan/Repo_2025/machine_AI/vertiport_detect/detecting_vertiport_ws/install/cv_control_for_landing:/opt/ros/humble LD_LIBRARY_PATH=/home/haechan/Repo_2025/machine_AI/vertiport_detect/detecting_vertiport_ws/install/realsense2_camera_msgs/lib:/home/haechan/Repo_2025/machine_AI/vertiport_detect/detecting_vertiport_ws/install/realsense2_camera/lib:/opt/ros/humble/opt/rviz_ogre_vendor/lib:/opt/ros/humble/lib/x86_64-linux-gnu:/opt/ros/humble/lib /usr/local/bin/cmake /home/haechan/Repo_2025/machine_AI/vertiport_detect/detecting_vertiport_ws/src/realsense-ros/realsense2_camera -DCMAKE_INSTALL_PREFIX=/home/haechan/Repo_2025/machine_AI/vertiport_detect/detecting_vertiport_ws/install/realsense2_camera
[0.010s] [0mCMake Deprecation Warning at CMakeLists.txt:15 (cmake_minimum_required):
[0.010s]   Compatibility with CMake < 3.10 will be removed from a future version of
[0.010s]   CMake.
[0.010s] 
[0.010s]   Update the VERSION argument <min> value.  Or, use the <min>...<max> syntax
[0.010s]   to tell CMake that the project requires at least <min> but has been updated
[0.010s]   to work with policies introduced by <max> or earlier.
[0.010s] 
[0.010s] [0m
[0.045s] -- The C compiler identification is GNU 13.1.0
[0.085s] -- The CXX compiler identification is GNU 13.1.0
[0.092s] -- Detecting C compiler ABI info
[0.139s] -- Detecting C compiler ABI info - done
[0.149s] -- Check for working C compiler: /usr/bin/cc - skipped
[0.149s] -- Detecting C compile features
[0.150s] -- Detecting C compile features - done
[0.158s] -- Detecting CXX compiler ABI info
[0.212s] -- Detecting CXX compiler ABI info - done
[0.222s] -- Check for working CXX compiler: /usr/bin/c++ - skipped
[0.222s] -- Detecting CXX compile features
[0.223s] -- Detecting CXX compile features - done
[0.229s] -- Create Release Build.
[0.231s] -- Found ament_cmake: 1.3.11 (/opt/ros/humble/share/ament_cmake/cmake)
[0.324s] -- Found Python3: /usr/bin/python3 (found version "3.10.12") found components: Interpreter
[0.385s] -- Found builtin_interfaces: 1.2.1 (/opt/ros/humble/share/builtin_interfaces/cmake)
[0.409s] -- Found rosidl_generator_c: 3.1.6 (/opt/ros/humble/share/rosidl_generator_c/cmake)
[0.412s] -- Found rosidl_adapter: 3.1.6 (/opt/ros/humble/share/rosidl_adapter/cmake)
[0.418s] -- Found rosidl_generator_cpp: 3.1.6 (/opt/ros/humble/share/rosidl_generator_cpp/cmake)
[0.425s] -- Using all available rosidl_typesupport_c: rosidl_typesupport_fastrtps_c;rosidl_typesupport_introspection_c
[0.436s] -- Using all available rosidl_typesupport_cpp: rosidl_typesupport_fastrtps_cpp;rosidl_typesupport_introspection_cpp
[0.447s] -- Found cv_bridge: 3.2.1 (/opt/ros/humble/share/cv_bridge/cmake)
[0.498s] -- Found image_transport: 3.1.11 (/opt/ros/humble/share/image_transport/cmake)
[0.548s] -- Found rmw_implementation_cmake: 6.1.2 (/opt/ros/humble/share/rmw_implementation_cmake/cmake)
[0.551s] -- Found rmw_fastrtps_cpp: 6.2.7 (/opt/ros/humble/share/rmw_fastrtps_cpp/cmake)
[0.630s] -- Found OpenSSL: /usr/lib/x86_64-linux-gnu/libcrypto.so (found version "3.0.2")
[0.653s] -- Found FastRTPS: /opt/ros/humble/include
[0.685s] -- Using RMW implementation 'rmw_fastrtps_cpp' as default
[0.696s] -- Performing Test CMAKE_HAVE_LIBC_PTHREAD
[0.750s] -- Performing Test CMAKE_HAVE_LIBC_PTHREAD - Success
[0.751s] -- Found Threads: TRUE
[0.814s] -- Found rclcpp_components: 16.0.12 (/opt/ros/humble/share/rclcpp_components/cmake)
[0.831s] -- Found realsense2_camera_msgs: 4.55.1 (/home/haechan/Repo_2025/machine_AI/vertiport_detect/detecting_vertiport_ws/install/realsense2_camera_msgs/share/realsense2_camera_msgs/cmake)
[0.847s] -- Found nav_msgs: 4.8.0 (/opt/ros/humble/share/nav_msgs/cmake)
[0.864s] -- Found tf2_ros: 0.25.12 (/opt/ros/humble/share/tf2_ros/cmake)
[0.929s] -- Found diagnostic_updater: 4.0.4 (/opt/ros/humble/share/diagnostic_updater/cmake)
[0.948s] -- Found OpenCV: /usr (found version "4.5.4") found components: core
[0.949s] -- Build for ROS2 Humble
[0.953s] -- Found ament_cmake_gtest: 1.3.11 (/opt/ros/humble/share/ament_cmake_gtest/cmake)
[0.955s] -- Found gtest sources under '/opt/ros/humble/src/gtest_vendor': C++ tests using 'Google Test' will be built
[0.956s] [0mCMake Deprecation Warning at /opt/ros/humble/src/gtest_vendor/CMakeLists.txt:2 (cmake_minimum_required):
[0.956s]   Compatibility with CMake < 3.10 will be removed from a future version of
[0.956s]   CMake.
[0.956s] 
[0.956s]   Update the VERSION argument <min> value.  Or, use the <min>...<max> syntax
[0.956s]   to tell CMake that the project requires at least <min> but has been updated
[0.957s]   to work with policies introduced by <max> or earlier.
[0.957s] 
[0.957s] [0m
[0.959s] -- Found ament_cmake_pytest: 1.3.11 (/opt/ros/humble/share/ament_cmake_pytest/cmake)
[4.751s] -- rs_device_info:
[4.751s] -- Device Name                   Serial Number       Firmware Version
[4.751s] Intel RealSense D435          137322074323        5.16.0.1
[4.751s] 
[4.751s] -- D455 device found
[7.671s] -- Configuring done (7.7s)
[7.694s] -- Generating done (0.0s)
[7.698s] -- Build files have been written to: /home/haechan/Repo_2025/machine_AI/vertiport_detect/detecting_vertiport_ws/build/realsense2_camera
[7.717s] Invoked command in '/home/haechan/Repo_2025/machine_AI/vertiport_detect/detecting_vertiport_ws/build/realsense2_camera' returned '0': CMAKE_PREFIX_PATH=/home/haechan/Repo_2025/machine_AI/vertiport_detect/detecting_vertiport_ws/install/realsense2_camera_msgs:/home/haechan/Repo_2025/machine_AI/vertiport_detect/detecting_vertiport_ws/install/realsense2_description:/home/haechan/Repo_2025/machine_AI/vertiport_detect/detecting_vertiport_ws/install/realsense2_camera:/home/haechan/cmake-install:/home/haechan/cmake-install:/home/haechan/cmake-install:/home/haechan/Repo_2025/machine_AI/vertiport_detect/detecting_vertiport_ws/install/cv_control_for_landing:/opt/ros/humble LD_LIBRARY_PATH=/home/haechan/Repo_2025/machine_AI/vertiport_detect/detecting_vertiport_ws/install/realsense2_camera_msgs/lib:/home/haechan/Repo_2025/machine_AI/vertiport_detect/detecting_vertiport_ws/install/realsense2_camera/lib:/opt/ros/humble/opt/rviz_ogre_vendor/lib:/opt/ros/humble/lib/x86_64-linux-gnu:/opt/ros/humble/lib /usr/local/bin/cmake /home/haechan/Repo_2025/machine_AI/vertiport_detect/detecting_vertiport_ws/src/realsense-ros/realsense2_camera -DCMAKE_INSTALL_PREFIX=/home/haechan/Repo_2025/machine_AI/vertiport_detect/detecting_vertiport_ws/install/realsense2_camera
[7.717s] Invoking command in '/home/haechan/Repo_2025/machine_AI/vertiport_detect/detecting_vertiport_ws/build/realsense2_camera': CMAKE_PREFIX_PATH=/home/haechan/Repo_2025/machine_AI/vertiport_detect/detecting_vertiport_ws/install/realsense2_camera_msgs:/home/haechan/Repo_2025/machine_AI/vertiport_detect/detecting_vertiport_ws/install/realsense2_description:/home/haechan/Repo_2025/machine_AI/vertiport_detect/detecting_vertiport_ws/install/realsense2_camera:/home/haechan/cmake-install:/home/haechan/cmake-install:/home/haechan/cmake-install:/home/haechan/Repo_2025/machine_AI/vertiport_detect/detecting_vertiport_ws/install/cv_control_for_landing:/opt/ros/humble LD_LIBRARY_PATH=/home/haechan/Repo_2025/machine_AI/vertiport_detect/detecting_vertiport_ws/install/realsense2_camera_msgs/lib:/home/haechan/Repo_2025/machine_AI/vertiport_detect/detecting_vertiport_ws/install/realsense2_camera/lib:/opt/ros/humble/opt/rviz_ogre_vendor/lib:/opt/ros/humble/lib/x86_64-linux-gnu:/opt/ros/humble/lib /usr/local/bin/cmake --build /home/haechan/Repo_2025/machine_AI/vertiport_detect/detecting_vertiport_ws/build/realsense2_camera -- -j16 -l16
[7.743s] [ 18%] [32mBuilding CXX object CMakeFiles/realsense2_camera_node.dir/rclcpp_components/node_main_realsense2_camera_node.cpp.o[0m
[7.743s] [ 22%] [32mBuilding CXX object CMakeFiles/realsense2_camera.dir/src/base_realsense_node.cpp.o[0m
[7.743s] [ 22%] [32mBuilding CXX object CMakeFiles/realsense2_camera.dir/src/realsense_node_factory.cpp.o[0m
[7.743s] [ 22%] [32mBuilding CXX object gtest/CMakeFiles/gtest_main.dir/src/gtest_main.cc.o[0m
[7.743s] [ 22%] [32mBuilding CXX object gtest/CMakeFiles/gtest.dir/src/gtest-all.cc.o[0m
[7.743s] [ 27%] [32mBuilding CXX object CMakeFiles/realsense2_camera.dir/src/parameters.cpp.o[0m
[7.743s] [ 36%] [32mBuilding CXX object CMakeFiles/realsense2_camera.dir/src/rs_node_setup.cpp.o[0m
[7.743s] [ 36%] [32mBuilding CXX object CMakeFiles/realsense2_camera.dir/src/ros_sensor.cpp.o[0m
[7.743s] [ 40%] [32mBuilding CXX object CMakeFiles/realsense2_camera.dir/src/ros_utils.cpp.o[0m
[7.743s] [ 45%] [32mBuilding CXX object CMakeFiles/realsense2_camera.dir/src/dynamic_params.cpp.o[0m
[7.743s] [ 50%] [32mBuilding CXX object CMakeFiles/realsense2_camera.dir/src/sensor_params.cpp.o[0m
[7.743s] [ 54%] [32mBuilding CXX object CMakeFiles/realsense2_camera.dir/src/named_filter.cpp.o[0m
[7.744s] [ 59%] [32mBuilding CXX object CMakeFiles/realsense2_camera.dir/src/profile_manager.cpp.o[0m
[7.744s] [ 63%] [32mBuilding CXX object CMakeFiles/realsense2_camera.dir/src/image_publisher.cpp.o[0m
[7.744s] [ 68%] [32mBuilding CXX object CMakeFiles/realsense2_camera.dir/src/tfs.cpp.o[0m
[7.745s] [ 72%] [32mBuilding CXX object CMakeFiles/realsense2_camera.dir/src/ros_param_backend.cpp.o[0m
[8.504s] [ 77%] [32m[1mLinking CXX static library libgtest_main.a[0m
[8.615s] [ 77%] Built target gtest_main
[12.543s] [ 81%] [32m[1mLinking CXX executable realsense2_camera_node[0m
[12.752s] [ 81%] Built target realsense2_camera_node
[15.901s] [ 86%] [32m[1mLinking CXX static library libgtest.a[0m
[16.046s] [ 86%] Built target gtest
[16.060s] [ 90%] [32mBuilding CXX object CMakeFiles/gtest_template.dir/test/gtest_template.cpp.o[0m
[16.704s] [ 95%] [32m[1mLinking CXX executable gtest_template[0m
[16.789s] [ 95%] Built target gtest_template
[20.569s] In file included from [01m[K/usr/include/opencv4/opencv2/core/cv_cpu_dispatch.h:210[m[K,
[20.569s]                  from [01m[K/usr/include/opencv4/opencv2/core/cvdef.h:349[m[K,
[20.569s]                  from [01m[K/usr/include/opencv4/opencv2/core.hpp:52[m[K,
[20.569s]                  from [01m[K/usr/include/opencv4/opencv2/core/core.hpp:48[m[K,
[20.569s]                  from [01m[K/opt/ros/humble/include/cv_bridge/cv_bridge/cv_bridge.h:43[m[K,
[20.569s]                  from [01m[K/home/haechan/Repo_2025/machine_AI/vertiport_detect/detecting_vertiport_ws/src/realsense-ros/realsense2_camera/src/../include/base_realsense_node.h:25[m[K,
[20.570s]                  from [01m[K/home/haechan/Repo_2025/machine_AI/vertiport_detect/detecting_vertiport_ws/src/realsense-ros/realsense2_camera/src/base_realsense_node.cpp:15[m[K:
[20.570s] In function ‘[01m[K__m128d[01;32m[K _mm_mul_pd[m[K(__m128d, __m128d)[m[K’,
[20.570s]     inlined from ‘[01m[KPacket Eigen::internal::[01;32m[Kpmul[m[K(const Packet&, const Packet&) [35m[K[with Packet = __vector(2) double][m[K[m[K’ at [01m[K/usr/include/eigen3/Eigen/src/Core/arch/SSE/PacketMath.h:347:113[m[K,
[20.570s]     inlined from ‘[01m[KPacket Eigen::internal::scalar_product_op<LhsScalar, RhsScalar>::[01;32m[KpacketOp[m[K(const Packet&, const Packet&) const [35m[K[with Packet = __vector(2) double; LhsScalar = double; RhsScalar = double][m[K[m[K’ at [01m[K/usr/include/eigen3/Eigen/src/Core/functors/BinaryFunctors.h:83:26[m[K,
[20.570s]     inlined from ‘[01m[KPacketType Eigen::internal::binary_evaluator<Eigen::CwiseBinaryOp<BinaryOp, Lhs, Rhs>, Eigen::internal::IndexBased, Eigen::internal::IndexBased>::[01;32m[Kpacket[m[K(Eigen::Index, Eigen::Index) const [35m[K[with int LoadMode = 0; PacketType = __vector(2) double; BinaryOp = Eigen::internal::scalar_product_op<double, double>; Lhs = const Eigen::Matrix<double, 3, 1>; Rhs = const Eigen::CwiseNullaryOp<Eigen::internal::scalar_constant_op<double>, const Eigen::Matrix<double, 3, 1> >][m[K[m[K’ at [01m[K/usr/include/eigen3/Eigen/src/Core/CoreEvaluators.h:782:31[m[K,
[20.570s]     inlined from ‘[01m[KPacketType Eigen::internal::binary_evaluator<Eigen::CwiseBinaryOp<BinaryOp, Lhs, Rhs>, Eigen::internal::IndexBased, Eigen::internal::IndexBased>::[01;32m[Kpacket[m[K(Eigen::Index, Eigen::Index) const [35m[K[with int LoadMode = 0; PacketType = __vector(2) double; BinaryOp = Eigen::internal::scalar_sum_op<double, double>; Lhs = const Eigen::CwiseBinaryOp<Eigen::internal::scalar_product_op<double, double>, const Eigen::Matrix<double, 3, 1>, const Eigen::CwiseNullaryOp<Eigen::internal::scalar_constant_op<double>, const Eigen::Matrix<double, 3, 1> > >; Rhs = const Eigen::CwiseBinaryOp<Eigen::internal::scalar_product_op<double, double>, const Eigen::Matrix<double, 3, 1>, const Eigen::CwiseNullaryOp<Eigen::internal::scalar_constant_op<double>, const Eigen::Matrix<double, 3, 1> > >][m[K[m[K’ at [01m[K/usr/include/eigen3/Eigen/src/Core/CoreEvaluators.h:782:80[m[K,
[20.570s]     inlined from ‘[01m[Kvoid Eigen::internal::generic_dense_assignment_kernel<DstEvaluatorTypeT, SrcEvaluatorTypeT, Functor, Version>::[01;32m[KassignPacket[m[K(Eigen::Index, Eigen::Index) [35m[K[with int StoreMode = 0; int LoadMode = 0; PacketType = __vector(2) double; DstEvaluatorTypeT = Eigen::internal::evaluator<Eigen::Matrix<double, 3, 1> >; SrcEvaluatorTypeT = Eigen::internal::evaluator<Eigen::CwiseBinaryOp<Eigen::internal::scalar_sum_op<double, double>, const Eigen::CwiseBinaryOp<Eigen::internal::scalar_product_op<double, double>, const Eigen::Matrix<double, 3, 1>, const Eigen::CwiseNullaryOp<Eigen::internal::scalar_constant_op<double>, const Eigen::Matrix<double, 3, 1> > >, const Eigen::CwiseBinaryOp<Eigen::internal::scalar_product_op<double, double>, const Eigen::Matrix<double, 3, 1>, const Eigen::CwiseNullaryOp<Eigen::internal::scalar_constant_op<double>, const Eigen::Matrix<double, 3, 1> > > > >; Functor = Eigen::internal::assign_op<double, double>; int Version = 0][m[K[m[K’ at [01m[K/usr/include/eigen3/Eigen/src/Core/AssignEvaluator.h:675:116[m[K,
[20.570s]     inlined from ‘[01m[Kvoid Eigen::internal::generic_dense_assignment_kernel<DstEvaluatorTypeT, SrcEvaluatorTypeT, Functor, Version>::[01;32m[KassignPacketByOuterInner[m[K(Eigen::Index, Eigen::Index) [35m[K[with int StoreMode = 0; int LoadMode = 0; PacketType = __vector(2) double; DstEvaluatorTypeT = Eigen::internal::evaluator<Eigen::Matrix<double, 3, 1> >; SrcEvaluatorTypeT = Eigen::internal::evaluator<Eigen::CwiseBinaryOp<Eigen::internal::scalar_sum_op<double, double>, const Eigen::CwiseBinaryOp<Eigen::internal::scalar_product_op<double, double>, const Eigen::Matrix<double, 3, 1>, const Eigen::CwiseNullaryOp<Eigen::internal::scalar_constant_op<double>, const Eigen::Matrix<double, 3, 1> > >, const Eigen::CwiseBinaryOp<Eigen::internal::scalar_product_op<double, double>, const Eigen::Matrix<double, 3, 1>, const Eigen::CwiseNullaryOp<Eigen::internal::scalar_constant_op<double>, const Eigen::Matrix<double, 3, 1> > > > >; Functor = Eigen::internal::assign_op<double, double>; int Version = 0][m[K[m[K’ at [01m[K/usr/include/eigen3/Eigen/src/Core/AssignEvaluator.h:689:48[m[K,
[20.570s]     inlined from ‘[01m[Kstatic void Eigen::internal::copy_using_evaluator_innervec_CompleteUnrolling<Kernel, Index, Stop>::[01;32m[Krun[m[K(Kernel&) [35m[K[with Kernel = Eigen::internal::generic_dense_assignment_kernel<Eigen::internal::evaluator<Eigen::Matrix<double, 3, 1> >, Eigen::internal::evaluator<Eigen::CwiseBinaryOp<Eigen::internal::scalar_sum_op<double, double>, const Eigen::CwiseBinaryOp<Eigen::internal::scalar_product_op<double, double>, const Eigen::Matrix<double, 3, 1>, const Eigen::CwiseNullaryOp<Eigen::internal::scalar_constant_op<double>, const Eigen::Matrix<double, 3, 1> > >, const Eigen::CwiseBinaryOp<Eigen::internal::scalar_product_op<double, double>, const Eigen::Matrix<double, 3, 1>, const Eigen::CwiseNullaryOp<Eigen::internal::scalar_constant_op<double>, const Eigen::Matrix<double, 3, 1> > > > >, Eigen::internal::assign_op<double, double>, 0>; int Index = 0; int Stop = 2][m[K[m[K’ at [01m[K/usr/include/eigen3/Eigen/src/Core/AssignEvaluator.h:279:85[m[K,
[20.570s]     inlined from ‘[01m[Kstatic void Eigen::internal::dense_assignment_loop<Kernel, 3, 2>::[01;32m[Krun[m[K(Kernel&) [35m[K[with Kernel = Eigen::internal::generic_dense_assignment_kernel<Eigen::internal::evaluator<Eigen::Matrix<double, 3, 1> >, Eigen::internal::evaluator<Eigen::CwiseBinaryOp<Eigen::internal::scalar_sum_op<double, double>, const Eigen::CwiseBinaryOp<Eigen::internal::scalar_product_op<double, double>, const Eigen::Matrix<double, 3, 1>, const Eigen::CwiseNullaryOp<Eigen::internal::scalar_constant_op<double>, const Eigen::Matrix<double, 3, 1> > >, const Eigen::CwiseBinaryOp<Eigen::internal::scalar_product_op<double, double>, const Eigen::Matrix<double, 3, 1>, const Eigen::CwiseNullaryOp<Eigen::internal::scalar_constant_op<double>, const Eigen::Matrix<double, 3, 1> > > > >, Eigen::internal::assign_op<double, double>, 0>][m[K[m[K’ at [01m[K/usr/include/eigen3/Eigen/src/Core/AssignEvaluator.h:455:81[m[K,
[20.570s]     inlined from ‘[01m[Kvoid Eigen::internal::[01;32m[Kcall_dense_assignment_loop[m[K(DstXprType&, const SrcXprType&, const Functor&) [35m[K[with DstXprType = Eigen::Matrix<double, 3, 1>; SrcXprType = Eigen::CwiseBinaryOp<scalar_sum_op<double, double>, const Eigen::CwiseBinaryOp<scalar_product_op<double, double>, const Eigen::Matrix<double, 3, 1>, const Eigen::CwiseNullaryOp<scalar_constant_op<double>, const Eigen::Matrix<double, 3, 1> > >, const Eigen::CwiseBinaryOp<scalar_product_op<double, double>, const Eigen::Matrix<double, 3, 1>, const Eigen::CwiseNullaryOp<scalar_constant_op<double>, const Eigen::Matrix<double, 3, 1> > > >; Functor = assign_op<double, double>][m[K[m[K’ at [01m[K/usr/include/eigen3/Eigen/src/Core/AssignEvaluator.h:785:37[m[K,
[20.570s]     inlined from ‘[01m[Kstatic void Eigen::internal::Assignment<DstXprType, SrcXprType, Functor, Eigen::internal::Dense2Dense, Weak>::[01;32m[Krun[m[K(DstXprType&, const SrcXprType&, const Functor&) [35m[K[with DstXprType = Eigen::Matrix<double, 3, 1>; SrcXprType = Eigen::CwiseBinaryOp<Eigen::internal::scalar_sum_op<double, double>, const Eigen::CwiseBinaryOp<Eigen::internal::scalar_product_op<double, double>, const Eigen::Matrix<double, 3, 1>, const Eigen::CwiseNullaryOp<Eigen::internal::scalar_constant_op<double>, const Eigen::Matrix<double, 3, 1> > >, const Eigen::CwiseBinaryOp<Eigen::internal::scalar_product_op<double, double>, const Eigen::Matrix<double, 3, 1>, const Eigen::CwiseNullaryOp<Eigen::internal::scalar_constant_op<double>, const Eigen::Matrix<double, 3, 1> > > >; Functor = Eigen::internal::assign_op<double, double>; Weak = void][m[K[m[K’ at [01m[K/usr/include/eigen3/Eigen/src/Core/AssignEvaluator.h:954:31[m[K,
[20.570s]     inlined from ‘[01m[Kvoid Eigen::internal::[01;32m[Kcall_assignment_no_alias[m[K(Dst&, const Src&, const Func&) [35m[K[with Dst = Eigen::Matrix<double, 3, 1>; Src = Eigen::CwiseBinaryOp<scalar_sum_op<double, double>, const Eigen::CwiseBinaryOp<scalar_product_op<double, double>, const Eigen::Matrix<double, 3, 1>, const Eigen::CwiseNullaryOp<scalar_constant_op<double>, const Eigen::Matrix<double, 3, 1> > >, const Eigen::CwiseBinaryOp<scalar_product_op<double, double>, const Eigen::Matrix<double, 3, 1>, const Eigen::CwiseNullaryOp<scalar_constant_op<double>, const Eigen::Matrix<double, 3, 1> > > >; Func = assign_op<double, double>][m[K[m[K’ at [01m[K/usr/include/eigen3/Eigen/src/Core/AssignEvaluator.h:890:49[m[K,
[20.570s]     inlined from ‘[01m[KDerived& Eigen::PlainObjectBase<Derived>::[01;32m[K_set_noalias[m[K(const Eigen::DenseBase<OtherDerived>&) [35m[K[with OtherDerived = Eigen::CwiseBinaryOp<Eigen::internal::scalar_sum_op<double, double>, const Eigen::CwiseBinaryOp<Eigen::internal::scalar_product_op<double, double>, const Eigen::Matrix<double, 3, 1>, const Eigen::CwiseNullaryOp<Eigen::internal::scalar_constant_op<double>, const Eigen::Matrix<double, 3, 1> > >, const Eigen::CwiseBinaryOp<Eigen::internal::scalar_product_op<double, double>, const Eigen::Matrix<double, 3, 1>, const Eigen::CwiseNullaryOp<Eigen::internal::scalar_constant_op<double>, const Eigen::Matrix<double, 3, 1> > > >; Derived = Eigen::Matrix<double, 3, 1>][m[K[m[K’ at [01m[K/usr/include/eigen3/Eigen/src/Core/PlainObjectBase.h:797:41[m[K,
[20.570s]     inlined from ‘[01m[KEigen::PlainObjectBase<Derived>::[01;32m[KPlainObjectBase[m[K(const Eigen::DenseBase<OtherDerived>&) [35m[K[with OtherDerived = Eigen::CwiseBinaryOp<Eigen::internal::scalar_sum_op<double, double>, const Eigen::CwiseBinaryOp<Eigen::internal::scalar_product_op<double, double>, const Eigen::Matrix<double, 3, 1>, const Eigen::CwiseNullaryOp<Eigen::internal::scalar_constant_op<double>, const Eigen::Matrix<double, 3, 1> > >, const Eigen::CwiseBinaryOp<Eigen::internal::scalar_product_op<double, double>, const Eigen::Matrix<double, 3, 1>, const Eigen::CwiseNullaryOp<Eigen::internal::scalar_constant_op<double>, const Eigen::Matrix<double, 3, 1> > > >; Derived = Eigen::Matrix<double, 3, 1>][m[K[m[K’ at [01m[K/usr/include/eigen3/Eigen/src/Core/PlainObjectBase.h:594:19[m[K,
[20.570s]     inlined from ‘[01m[KEigen::Matrix<_Scalar, _Rows, _Cols, _Options, _MaxRows, _MaxCols>::[01;32m[KMatrix[m[K(const Eigen::EigenBase<OtherDerived>&) [35m[K[with OtherDerived = Eigen::CwiseBinaryOp<Eigen::internal::scalar_sum_op<double, double>, const Eigen::CwiseBinaryOp<Eigen::internal::scalar_product_op<double, double>, const Eigen::Matrix<double, 3, 1>, const Eigen::CwiseNullaryOp<Eigen::internal::scalar_constant_op<double>, const Eigen::Matrix<double, 3, 1> > >, const Eigen::CwiseBinaryOp<Eigen::internal::scalar_product_op<double, double>, const Eigen::Matrix<double, 3, 1>, const Eigen::CwiseNullaryOp<Eigen::internal::scalar_constant_op<double>, const Eigen::Matrix<double, 3, 1> > > >; _Scalar = double; int _Rows = 3; int _Cols = 1; int _Options = 0; int _MaxRows = 3; int _MaxCols = 1][m[K[m[K’ at [01m[K/usr/include/eigen3/Eigen/src/Core/Matrix.h:423:29[m[K,
[20.570s]     inlined from ‘[01m[KT[01;32m[K lerp[m[K(const T&, const T&, double) [35m[K[with T = Eigen::Matrix<double, 3, 1>][m[K[m[K’ at [01m[K/home/haechan/Repo_2025/machine_AI/vertiport_detect/detecting_vertiport_ws/src/realsense-ros/realsense2_camera/src/base_realsense_node.cpp:345:30[m[K,
[20.570s]     inlined from ‘[01m[Kvoid realsense2_camera::BaseRealSenseNode::[01;32m[KFillImuData_LinearInterpolation[m[K(CimuData, std::deque<sensor_msgs::msg::Imu_<std::allocator<void> >, std::allocator<sensor_msgs::msg::Imu_<std::allocator<void> > > >&)[m[K’ at [01m[K/home/haechan/Repo_2025/machine_AI/vertiport_detect/detecting_vertiport_ws/src/realsense-ros/realsense2_camera/src/base_realsense_node.cpp:379:48[m[K:
[20.570s] [01m[K/usr/lib/gcc/x86_64-linux-gnu/13/include/emmintrin.h:275:46:[m[K [01;35m[Kwarning: [m[K‘[01m[K*(__m128d_u*)((char*)&accel0 + offsetof(realsense2_camera::BaseRealSenseNode::CimuData, realsense2_camera::BaseRealSenseNode::CimuData::m_data.Eigen::Matrix<double, 3, 1, 0, 3, 1>::<unnamed>.Eigen::PlainObjectBase<Eigen::Matrix<double, 3, 1, 0, 3, 1> >::<unnamed>.Eigen::MatrixBase<Eigen::Matrix<double, 3, 1, 0, 3, 1> >::<unnamed>.Eigen::DenseBase<Eigen::Matrix<double, 3, 1, 0, 3, 1> >::<unnamed>.Eigen::DenseCoeffsBase<Eigen::Matrix<double, 3, 1, 0, 3, 1>, 3>::<unnamed>.Eigen::DenseCoeffsBase<Eigen::Matrix<double, 3, 1, 0, 3, 1>, 1>::<unnamed>.Eigen::DenseCoeffsBase<Eigen::Matrix<double, 3, 1, 0, 3, 1>, 0>::<unnamed>))[m[K’ may be used uninitialized [[01;35m[K]8;;https://gcc.gnu.org/onlinedocs/gcc/Warning-Options.html#index-Wmaybe-uninitialized-Wmaybe-uninitialized]8;;[m[K]
[20.570s]   275 |   return (__m128d) ((__v2df)__A * (__v2df)__B[01;35m[K)[m[K;
[20.570s]       |                                              [01;35m[K^[m[K
[20.570s] [01m[K/home/haechan/Repo_2025/machine_AI/vertiport_detect/detecting_vertiport_ws/src/realsense-ros/realsense2_camera/src/base_realsense_node.cpp:[m[K In member function ‘[01m[Kvoid realsense2_camera::BaseRealSenseNode::[01;32m[KFillImuData_LinearInterpolation[m[K(CimuData, std::deque<sensor_msgs::msg::Imu_<std::allocator<void> >, std::allocator<sensor_msgs::msg::Imu_<std::allocator<void> > > >&)[m[K’:
[20.570s] [01m[K/home/haechan/Repo_2025/machine_AI/vertiport_detect/detecting_vertiport_ws/src/realsense-ros/realsense2_camera/src/base_realsense_node.cpp:359:14:[m[K [01;36m[Knote: [m[K‘[01m[K*(__m128d_u*)((char*)&accel0 + offsetof(realsense2_camera::BaseRealSenseNode::CimuData, realsense2_camera::BaseRealSenseNode::CimuData::m_data.Eigen::Matrix<double, 3, 1, 0, 3, 1>::<unnamed>.Eigen::PlainObjectBase<Eigen::Matrix<double, 3, 1, 0, 3, 1> >::<unnamed>.Eigen::MatrixBase<Eigen::Matrix<double, 3, 1, 0, 3, 1> >::<unnamed>.Eigen::DenseBase<Eigen::Matrix<double, 3, 1, 0, 3, 1> >::<unnamed>.Eigen::DenseCoeffsBase<Eigen::Matrix<double, 3, 1, 0, 3, 1>, 3>::<unnamed>.Eigen::DenseCoeffsBase<Eigen::Matrix<double, 3, 1, 0, 3, 1>, 1>::<unnamed>.Eigen::DenseCoeffsBase<Eigen::Matrix<double, 3, 1, 0, 3, 1>, 0>::<unnamed>))[m[K’ was declared here
[20.570s]   359 |     CimuData [01;36m[Kaccel0[m[K, accel1, crnt_imu;
[20.570s]       |              [01;36m[K^~~~~~[m[K
[20.570s] In file included from [01m[K/usr/include/eigen3/Eigen/Core:253[m[K,
[20.570s]                  from [01m[K/usr/include/eigen3/Eigen/Geometry:11[m[K,
[20.571s]                  from [01m[K/home/haechan/Repo_2025/machine_AI/vertiport_detect/detecting_vertiport_ws/src/realsense-ros/realsense2_camera/src/../include/base_realsense_node.h:46[m[K:
[20.571s] In member function ‘[01m[KEigen::internal::scalar_product_op<LhsScalar, RhsScalar>::result_type Eigen::internal::scalar_product_op<LhsScalar, RhsScalar>::[01;32m[Koperator()[m[K(const LhsScalar&, const RhsScalar&) const [35m[K[with LhsScalar = double; RhsScalar = double][m[K[m[K’,
[20.571s]     inlined from ‘[01m[KEigen::internal::binary_evaluator<Eigen::CwiseBinaryOp<BinaryOp, Lhs, Rhs>, Eigen::internal::IndexBased, Eigen::internal::IndexBased>::CoeffReturnType Eigen::internal::binary_evaluator<Eigen::CwiseBinaryOp<BinaryOp, Lhs, Rhs>, Eigen::internal::IndexBased, Eigen::internal::IndexBased>::[01;32m[Kcoeff[m[K(Eigen::Index, Eigen::Index) const [35m[K[with BinaryOp = Eigen::internal::scalar_product_op<double, double>; Lhs = const Eigen::Matrix<double, 3, 1>; Rhs = const Eigen::CwiseNullaryOp<Eigen::internal::scalar_constant_op<double>, const Eigen::Matrix<double, 3, 1> >][m[K[m[K’ at [01m[K/usr/include/eigen3/Eigen/src/Core/CoreEvaluators.h:769:22[m[K,
[20.571s]     inlined from ‘[01m[KEigen::internal::binary_evaluator<Eigen::CwiseBinaryOp<BinaryOp, Lhs, Rhs>, Eigen::internal::IndexBased, Eigen::internal::IndexBased>::CoeffReturnType Eigen::internal::binary_evaluator<Eigen::CwiseBinaryOp<BinaryOp, Lhs, Rhs>, Eigen::internal::IndexBased, Eigen::internal::IndexBased>::[01;32m[Kcoeff[m[K(Eigen::Index, Eigen::Index) const [35m[K[with BinaryOp = Eigen::internal::scalar_sum_op<double, double>; Lhs = const Eigen::CwiseBinaryOp<Eigen::internal::scalar_product_op<double, double>, const Eigen::Matrix<double, 3, 1>, const Eigen::CwiseNullaryOp<Eigen::internal::scalar_constant_op<double>, const Eigen::Matrix<double, 3, 1> > >; Rhs = const Eigen::CwiseBinaryOp<Eigen::internal::scalar_product_op<double, double>, const Eigen::Matrix<double, 3, 1>, const Eigen::CwiseNullaryOp<Eigen::internal::scalar_constant_op<double>, const Eigen::Matrix<double, 3, 1> > >][m[K[m[K’ at [01m[K/usr/include/eigen3/Eigen/src/Core/CoreEvaluators.h:769:40[m[K,
[20.571s]     inlined from ‘[01m[Kvoid Eigen::internal::generic_dense_assignment_kernel<DstEvaluatorTypeT, SrcEvaluatorTypeT, Functor, Version>::[01;32m[KassignCoeff[m[K(Eigen::Index, Eigen::Index) [35m[K[with DstEvaluatorTypeT = Eigen::internal::evaluator<Eigen::Matrix<double, 3, 1> >; SrcEvaluatorTypeT = Eigen::internal::evaluator<Eigen::CwiseBinaryOp<Eigen::internal::scalar_sum_op<double, double>, const Eigen::CwiseBinaryOp<Eigen::internal::scalar_product_op<double, double>, const Eigen::Matrix<double, 3, 1>, const Eigen::CwiseNullaryOp<Eigen::internal::scalar_constant_op<double>, const Eigen::Matrix<double, 3, 1> > >, const Eigen::CwiseBinaryOp<Eigen::internal::scalar_product_op<double, double>, const Eigen::Matrix<double, 3, 1>, const Eigen::CwiseNullaryOp<Eigen::internal::scalar_constant_op<double>, const Eigen::Matrix<double, 3, 1> > > > >; Functor = Eigen::internal::assign_op<double, double>; int Version = 0][m[K[m[K’ at [01m[K/usr/include/eigen3/Eigen/src/Core/AssignEvaluator.h:654:63[m[K,
[20.571s]     inlined from ‘[01m[Kvoid Eigen::internal::generic_dense_assignment_kernel<DstEvaluatorTypeT, SrcEvaluatorTypeT, Functor, Version>::[01;32m[KassignCoeffByOuterInner[m[K(Eigen::Index, Eigen::Index) [35m[K[with DstEvaluatorTypeT = Eigen::internal::evaluator<Eigen::Matrix<double, 3, 1> >; SrcEvaluatorTypeT = Eigen::internal::evaluator<Eigen::CwiseBinaryOp<Eigen::internal::scalar_sum_op<double, double>, const Eigen::CwiseBinaryOp<Eigen::internal::scalar_product_op<double, double>, const Eigen::Matrix<double, 3, 1>, const Eigen::CwiseNullaryOp<Eigen::internal::scalar_constant_op<double>, const Eigen::Matrix<double, 3, 1> > >, const Eigen::CwiseBinaryOp<Eigen::internal::scalar_product_op<double, double>, const Eigen::Matrix<double, 3, 1>, const Eigen::CwiseNullaryOp<Eigen::internal::scalar_constant_op<double>, const Eigen::Matrix<double, 3, 1> > > > >; Functor = Eigen::internal::assign_op<double, double>; int Version = 0][m[K[m[K’ at [01m[K/usr/include/eigen3/Eigen/src/Core/AssignEvaluator.h:668:16[m[K,
[20.571s]     inlined from ‘[01m[Kstatic void Eigen::internal::copy_using_evaluator_DefaultTraversal_CompleteUnrolling<Kernel, Index, Stop>::[01;32m[Krun[m[K(Kernel&) [35m[K[with Kernel = Eigen::internal::generic_dense_assignment_kernel<Eigen::internal::evaluator<Eigen::Matrix<double, 3, 1> >, Eigen::internal::evaluator<Eigen::CwiseBinaryOp<Eigen::internal::scalar_sum_op<double, double>, const Eigen::CwiseBinaryOp<Eigen::internal::scalar_product_op<double, double>, const Eigen::Matrix<double, 3, 1>, const Eigen::CwiseNullaryOp<Eigen::internal::scalar_constant_op<double>, const Eigen::Matrix<double, 3, 1> > >, const Eigen::CwiseBinaryOp<Eigen::internal::scalar_product_op<double, double>, const Eigen::Matrix<double, 3, 1>, const Eigen::CwiseNullaryOp<Eigen::internal::scalar_constant_op<double>, const Eigen::Matrix<double, 3, 1> > > > >, Eigen::internal::assign_op<double, double>, 0>; int Index = 2; int Stop = 3][m[K[m[K’ at [01m[K/usr/include/eigen3/Eigen/src/Core/AssignEvaluator.h:211:35[m[K,
[20.571s]     inlined from ‘[01m[Kstatic void Eigen::internal::dense_assignment_loop<Kernel, 3, 2>::[01;32m[Krun[m[K(Kernel&) [35m[K[with Kernel = Eigen::internal::generic_dense_assignment_kernel<Eigen::internal::evaluator<Eigen::Matrix<double, 3, 1> >, Eigen::internal::evaluator<Eigen::CwiseBinaryOp<Eigen::internal::scalar_sum_op<double, double>, const Eigen::CwiseBinaryOp<Eigen::internal::scalar_product_op<double, double>, const Eigen::Matrix<double, 3, 1>, const Eigen::CwiseNullaryOp<Eigen::internal::scalar_constant_op<double>, const Eigen::Matrix<double, 3, 1> > >, const Eigen::CwiseBinaryOp<Eigen::internal::scalar_product_op<double, double>, const Eigen::Matrix<double, 3, 1>, const Eigen::CwiseNullaryOp<Eigen::internal::scalar_constant_op<double>, const Eigen::Matrix<double, 3, 1> > > > >, Eigen::internal::assign_op<double, double>, 0>][m[K[m[K’ at [01m[K/usr/include/eigen3/Eigen/src/Core/AssignEvaluator.h:456:92[m[K,
[20.571s]     inlined from ‘[01m[Kvoid Eigen::internal::[01;32m[Kcall_dense_assignment_loop[m[K(DstXprType&, const SrcXprType&, const Functor&) [35m[K[with DstXprType = Eigen::Matrix<double, 3, 1>; SrcXprType = Eigen::CwiseBinaryOp<scalar_sum_op<double, double>, const Eigen::CwiseBinaryOp<scalar_product_op<double, double>, const Eigen::Matrix<double, 3, 1>, const Eigen::CwiseNullaryOp<scalar_constant_op<double>, const Eigen::Matrix<double, 3, 1> > >, const Eigen::CwiseBinaryOp<scalar_product_op<double, double>, const Eigen::Matrix<double, 3, 1>, const Eigen::CwiseNullaryOp<scalar_constant_op<double>, const Eigen::Matrix<double, 3, 1> > > >; Functor = assign_op<double, double>][m[K[m[K’ at [01m[K/usr/include/eigen3/Eigen/src/Core/AssignEvaluator.h:785:37[m[K,
[20.571s]     inlined from ‘[01m[Kstatic void Eigen::internal::Assignment<DstXprType, SrcXprType, Functor, Eigen::internal::Dense2Dense, Weak>::[01;32m[Krun[m[K(DstXprType&, const SrcXprType&, const Functor&) [35m[K[with DstXprType = Eigen::Matrix<double, 3, 1>; SrcXprType = Eigen::CwiseBinaryOp<Eigen::internal::scalar_sum_op<double, double>, const Eigen::CwiseBinaryOp<Eigen::internal::scalar_product_op<double, double>, const Eigen::Matrix<double, 3, 1>, const Eigen::CwiseNullaryOp<Eigen::internal::scalar_constant_op<double>, const Eigen::Matrix<double, 3, 1> > >, const Eigen::CwiseBinaryOp<Eigen::internal::scalar_product_op<double, double>, const Eigen::Matrix<double, 3, 1>, const Eigen::CwiseNullaryOp<Eigen::internal::scalar_constant_op<double>, const Eigen::Matrix<double, 3, 1> > > >; Functor = Eigen::internal::assign_op<double, double>; Weak = void][m[K[m[K’ at [01m[K/usr/include/eigen3/Eigen/src/Core/AssignEvaluator.h:954:31[m[K,
[20.571s]     inlined from ‘[01m[Kvoid Eigen::internal::[01;32m[Kcall_assignment_no_alias[m[K(Dst&, const Src&, const Func&) [35m[K[with Dst = Eigen::Matrix<double, 3, 1>; Src = Eigen::CwiseBinaryOp<scalar_sum_op<double, double>, const Eigen::CwiseBinaryOp<scalar_product_op<double, double>, const Eigen::Matrix<double, 3, 1>, const Eigen::CwiseNullaryOp<scalar_constant_op<double>, const Eigen::Matrix<double, 3, 1> > >, const Eigen::CwiseBinaryOp<scalar_product_op<double, double>, const Eigen::Matrix<double, 3, 1>, const Eigen::CwiseNullaryOp<scalar_constant_op<double>, const Eigen::Matrix<double, 3, 1> > > >; Func = assign_op<double, double>][m[K[m[K’ at [01m[K/usr/include/eigen3/Eigen/src/Core/AssignEvaluator.h:890:49[m[K,
[20.571s]     inlined from ‘[01m[KDerived& Eigen::PlainObjectBase<Derived>::[01;32m[K_set_noalias[m[K(const Eigen::DenseBase<OtherDerived>&) [35m[K[with OtherDerived = Eigen::CwiseBinaryOp<Eigen::internal::scalar_sum_op<double, double>, const Eigen::CwiseBinaryOp<Eigen::internal::scalar_product_op<double, double>, const Eigen::Matrix<double, 3, 1>, const Eigen::CwiseNullaryOp<Eigen::internal::scalar_constant_op<double>, const Eigen::Matrix<double, 3, 1> > >, const Eigen::CwiseBinaryOp<Eigen::internal::scalar_product_op<double, double>, const Eigen::Matrix<double, 3, 1>, const Eigen::CwiseNullaryOp<Eigen::internal::scalar_constant_op<double>, const Eigen::Matrix<double, 3, 1> > > >; Derived = Eigen::Matrix<double, 3, 1>][m[K[m[K’ at [01m[K/usr/include/eigen3/Eigen/src/Core/PlainObjectBase.h:797:41[m[K,
[20.571s]     inlined from ‘[01m[KEigen::PlainObjectBase<Derived>::[01;32m[KPlainObjectBase[m[K(const Eigen::DenseBase<OtherDerived>&) [35m[K[with OtherDerived = Eigen::CwiseBinaryOp<Eigen::internal::scalar_sum_op<double, double>, const Eigen::CwiseBinaryOp<Eigen::internal::scalar_product_op<double, double>, const Eigen::Matrix<double, 3, 1>, const Eigen::CwiseNullaryOp<Eigen::internal::scalar_constant_op<double>, const Eigen::Matrix<double, 3, 1> > >, const Eigen::CwiseBinaryOp<Eigen::internal::scalar_product_op<double, double>, const Eigen::Matrix<double, 3, 1>, const Eigen::CwiseNullaryOp<Eigen::internal::scalar_constant_op<double>, const Eigen::Matrix<double, 3, 1> > > >; Derived = Eigen::Matrix<double, 3, 1>][m[K[m[K’ at [01m[K/usr/include/eigen3/Eigen/src/Core/PlainObjectBase.h:594:19[m[K,
[20.571s]     inlined from ‘[01m[KEigen::Matrix<_Scalar, _Rows, _Cols, _Options, _MaxRows, _MaxCols>::[01;32m[KMatrix[m[K(const Eigen::EigenBase<OtherDerived>&) [35m[K[with OtherDerived = Eigen::CwiseBinaryOp<Eigen::internal::scalar_sum_op<double, double>, const Eigen::CwiseBinaryOp<Eigen::internal::scalar_product_op<double, double>, const Eigen::Matrix<double, 3, 1>, const Eigen::CwiseNullaryOp<Eigen::internal::scalar_constant_op<double>, const Eigen::Matrix<double, 3, 1> > >, const Eigen::CwiseBinaryOp<Eigen::internal::scalar_product_op<double, double>, const Eigen::Matrix<double, 3, 1>, const Eigen::CwiseNullaryOp<Eigen::internal::scalar_constant_op<double>, const Eigen::Matrix<double, 3, 1> > > >; _Scalar = double; int _Rows = 3; int _Cols = 1; int _Options = 0; int _MaxRows = 3; int _MaxCols = 1][m[K[m[K’ at [01m[K/usr/include/eigen3/Eigen/src/Core/Matrix.h:423:29[m[K,
[20.571s]     inlined from ‘[01m[KT[01;32m[K lerp[m[K(const T&, const T&, double) [35m[K[with T = Eigen::Matrix<double, 3, 1>][m[K[m[K’ at [01m[K/home/haechan/Repo_2025/machine_AI/vertiport_detect/detecting_vertiport_ws/src/realsense-ros/realsense2_camera/src/base_realsense_node.cpp:345:30[m[K,
[20.571s]     inlined from ‘[01m[Kvoid realsense2_camera::BaseRealSenseNode::[01;32m[KFillImuData_LinearInterpolation[m[K(CimuData, std::deque<sensor_msgs::msg::Imu_<std::allocator<void> >, std::allocator<sensor_msgs::msg::Imu_<std::allocator<void> > > >&)[m[K’ at [01m[K/home/haechan/Repo_2025/machine_AI/vertiport_detect/detecting_vertiport_ws/src/realsense-ros/realsense2_camera/src/base_realsense_node.cpp:379:48[m[K:
[20.571s] [01m[K/usr/include/eigen3/Eigen/src/Core/functors/BinaryFunctors.h:80:124:[m[K [01;35m[Kwarning: [m[K‘[01m[Kaccel0.realsense2_camera::BaseRealSenseNode::CimuData::m_data.Eigen::Matrix<double, 3, 1, 0, 3, 1>::<unnamed>.Eigen::PlainObjectBase<Eigen::Matrix<double, 3, 1, 0, 3, 1> >::m_storage.Eigen::DenseStorage<double, 3, 3, 1, 0>::m_data.Eigen::internal::plain_array<double, 3, 0, 0>::array[2][m[K’ may be used uninitialized [[01;35m[K]8;;https://gcc.gnu.org/onlinedocs/gcc/Warning-Options.html#index-Wmaybe-uninitialized-Wmaybe-uninitialized]8;;[m[K]
[20.571s]    80 |   EIGEN_DEVICE_FUNC EIGEN_STRONG_INLINE result_type operator() (const LhsScalar& a, const RhsScalar& b) const { return a * [01;35m[Kb[m[K; }
[20.571s]       |                                                                                                                            [01;35m[K^[m[K
[20.571s] [01m[K/home/haechan/Repo_2025/machine_AI/vertiport_detect/detecting_vertiport_ws/src/realsense-ros/realsense2_camera/src/base_realsense_node.cpp:[m[K In member function ‘[01m[Kvoid realsense2_camera::BaseRealSenseNode::[01;32m[KFillImuData_LinearInterpolation[m[K(CimuData, std::deque<sensor_msgs::msg::Imu_<std::allocator<void> >, std::allocator<sensor_msgs::msg::Imu_<std::allocator<void> > > >&)[m[K’:
[20.571s] [01m[K/home/haechan/Repo_2025/machine_AI/vertiport_detect/detecting_vertiport_ws/src/realsense-ros/realsense2_camera/src/base_realsense_node.cpp:359:14:[m[K [01;36m[Knote: [m[K‘[01m[Kaccel0.realsense2_camera::BaseRealSenseNode::CimuData::m_data.Eigen::Matrix<double, 3, 1, 0, 3, 1>::<unnamed>.Eigen::PlainObjectBase<Eigen::Matrix<double, 3, 1, 0, 3, 1> >::m_storage.Eigen::DenseStorage<double, 3, 3, 1, 0>::m_data.Eigen::internal::plain_array<double, 3, 0, 0>::array[2][m[K’ was declared here
[20.571s]   359 |     CimuData [01;36m[Kaccel0[m[K, accel1, crnt_imu;
[20.571s]       |              [01;36m[K^~~~~~[m[K
[20.979s] [100%] [32m[1mLinking CXX shared library librealsense2_camera.so[0m
[21.278s] [100%] Built target realsense2_camera
[21.286s] Invoked command in '/home/haechan/Repo_2025/machine_AI/vertiport_detect/detecting_vertiport_ws/build/realsense2_camera' returned '0': CMAKE_PREFIX_PATH=/home/haechan/Repo_2025/machine_AI/vertiport_detect/detecting_vertiport_ws/install/realsense2_camera_msgs:/home/haechan/Repo_2025/machine_AI/vertiport_detect/detecting_vertiport_ws/install/realsense2_description:/home/haechan/Repo_2025/machine_AI/vertiport_detect/detecting_vertiport_ws/install/realsense2_camera:/home/haechan/cmake-install:/home/haechan/cmake-install:/home/haechan/cmake-install:/home/haechan/Repo_2025/machine_AI/vertiport_detect/detecting_vertiport_ws/install/cv_control_for_landing:/opt/ros/humble LD_LIBRARY_PATH=/home/haechan/Repo_2025/machine_AI/vertiport_detect/detecting_vertiport_ws/install/realsense2_camera_msgs/lib:/home/haechan/Repo_2025/machine_AI/vertiport_detect/detecting_vertiport_ws/install/realsense2_camera/lib:/opt/ros/humble/opt/rviz_ogre_vendor/lib:/opt/ros/humble/lib/x86_64-linux-gnu:/opt/ros/humble/lib /usr/local/bin/cmake --build /home/haechan/Repo_2025/machine_AI/vertiport_detect/detecting_vertiport_ws/build/realsense2_camera -- -j16 -l16
[21.287s] Invoking command in '/home/haechan/Repo_2025/machine_AI/vertiport_detect/detecting_vertiport_ws/build/realsense2_camera': CMAKE_PREFIX_PATH=/home/haechan/Repo_2025/machine_AI/vertiport_detect/detecting_vertiport_ws/install/realsense2_camera_msgs:/home/haechan/Repo_2025/machine_AI/vertiport_detect/detecting_vertiport_ws/install/realsense2_description:/home/haechan/Repo_2025/machine_AI/vertiport_detect/detecting_vertiport_ws/install/realsense2_camera:/home/haechan/cmake-install:/home/haechan/cmake-install:/home/haechan/cmake-install:/home/haechan/Repo_2025/machine_AI/vertiport_detect/detecting_vertiport_ws/install/cv_control_for_landing:/opt/ros/humble LD_LIBRARY_PATH=/home/haechan/Repo_2025/machine_AI/vertiport_detect/detecting_vertiport_ws/install/realsense2_camera_msgs/lib:/home/haechan/Repo_2025/machine_AI/vertiport_detect/detecting_vertiport_ws/install/realsense2_camera/lib:/opt/ros/humble/opt/rviz_ogre_vendor/lib:/opt/ros/humble/lib/x86_64-linux-gnu:/opt/ros/humble/lib /usr/local/bin/cmake --install /home/haechan/Repo_2025/machine_AI/vertiport_detect/detecting_vertiport_ws/build/realsense2_camera
[21.290s] -- Install configuration: "Release"
[21.290s] -- Installing: /home/haechan/Repo_2025/machine_AI/vertiport_detect/detecting_vertiport_ws/install/realsense2_camera/lib/realsense2_camera/realsense2_camera_node
[21.291s] -- Set non-toolchain portion of runtime path of "/home/haechan/Repo_2025/machine_AI/vertiport_detect/detecting_vertiport_ws/install/realsense2_camera/lib/realsense2_camera/realsense2_camera_node" to ""
[21.291s] -- Installing: /home/haechan/Repo_2025/machine_AI/vertiport_detect/detecting_vertiport_ws/install/realsense2_camera/lib/librealsense2_camera.so
[21.294s] -- Set non-toolchain portion of runtime path of "/home/haechan/Repo_2025/machine_AI/vertiport_detect/detecting_vertiport_ws/install/realsense2_camera/lib/librealsense2_camera.so" to ""
[21.294s] -- Installing: /home/haechan/Repo_2025/machine_AI/vertiport_detect/detecting_vertiport_ws/install/realsense2_camera/include
[21.294s] -- Installing: /home/haechan/Repo_2025/machine_AI/vertiport_detect/detecting_vertiport_ws/install/realsense2_camera/include/dynamic_params.h
[21.294s] -- Installing: /home/haechan/Repo_2025/machine_AI/vertiport_detect/detecting_vertiport_ws/install/realsense2_camera/include/ros_utils.h
[21.294s] -- Installing: /home/haechan/Repo_2025/machine_AI/vertiport_detect/detecting_vertiport_ws/install/realsense2_camera/include/ros_param_backend.h
[21.294s] -- Installing: /home/haechan/Repo_2025/machine_AI/vertiport_detect/detecting_vertiport_ws/install/realsense2_camera/include/base_realsense_node.h
[21.294s] -- Installing: /home/haechan/Repo_2025/machine_AI/vertiport_detect/detecting_vertiport_ws/install/realsense2_camera/include/image_publisher.h
[21.294s] -- Installing: /home/haechan/Repo_2025/machine_AI/vertiport_detect/detecting_vertiport_ws/install/realsense2_camera/include/named_filter.h
[21.294s] -- Installing: /home/haechan/Repo_2025/machine_AI/vertiport_detect/detecting_vertiport_ws/install/realsense2_camera/include/sensor_params.h
[21.294s] -- Installing: /home/haechan/Repo_2025/machine_AI/vertiport_detect/detecting_vertiport_ws/install/realsense2_camera/include/profile_manager.h
[21.294s] -- Installing: /home/haechan/Repo_2025/machine_AI/vertiport_detect/detecting_vertiport_ws/install/realsense2_camera/include/constants.h
[21.294s] -- Installing: /home/haechan/Repo_2025/machine_AI/vertiport_detect/detecting_vertiport_ws/install/realsense2_camera/include/realsense_node_factory.h
[21.294s] -- Installing: /home/haechan/Repo_2025/machine_AI/vertiport_detect/detecting_vertiport_ws/install/realsense2_camera/include/gl_window.h
[21.295s] -- Installing: /home/haechan/Repo_2025/machine_AI/vertiport_detect/detecting_vertiport_ws/install/realsense2_camera/include/ros_sensor.h
[21.295s] -- Installing: /home/haechan/Repo_2025/machine_AI/vertiport_detect/detecting_vertiport_ws/install/realsense2_camera/share/realsense2_camera/launch
[21.295s] -- Installing: /home/haechan/Repo_2025/machine_AI/vertiport_detect/detecting_vertiport_ws/install/realsense2_camera/share/realsense2_camera/launch/rs_intra_process_demo_launch.py
[21.295s] -- Installing: /home/haechan/Repo_2025/machine_AI/vertiport_detect/detecting_vertiport_ws/install/realsense2_camera/share/realsense2_camera/launch/default.rviz
[21.295s] -- Installing: /home/haechan/Repo_2025/machine_AI/vertiport_detect/detecting_vertiport_ws/install/realsense2_camera/share/realsense2_camera/launch/rs_multi_camera_launch.py
[21.295s] -- Installing: /home/haechan/Repo_2025/machine_AI/vertiport_detect/detecting_vertiport_ws/install/realsense2_camera/share/realsense2_camera/launch/rs_launch.py
[21.295s] -- Installing: /home/haechan/Repo_2025/machine_AI/vertiport_detect/detecting_vertiport_ws/install/realsense2_camera/share/realsense2_camera/examples
[21.295s] -- Installing: /home/haechan/Repo_2025/machine_AI/vertiport_detect/detecting_vertiport_ws/install/realsense2_camera/share/realsense2_camera/examples/align_depth
[21.296s] -- Installing: /home/haechan/Repo_2025/machine_AI/vertiport_detect/detecting_vertiport_ws/install/realsense2_camera/share/realsense2_camera/examples/align_depth/rs_align_depth_launch.py
[21.297s] -- Installing: /home/haechan/Repo_2025/machine_AI/vertiport_detect/detecting_vertiport_ws/install/realsense2_camera/share/realsense2_camera/examples/align_depth/README.md
[21.297s] -- Installing: /home/haechan/Repo_2025/machine_AI/vertiport_detect/detecting_vertiport_ws/install/realsense2_camera/share/realsense2_camera/examples/launch_from_rosbag
[21.297s] -- Installing: /home/haechan/Repo_2025/machine_AI/vertiport_detect/detecting_vertiport_ws/install/realsense2_camera/share/realsense2_camera/examples/launch_from_rosbag/rs_launch_from_rosbag.py
[21.297s] -- Installing: /home/haechan/Repo_2025/machine_AI/vertiport_detect/detecting_vertiport_ws/install/realsense2_camera/share/realsense2_camera/examples/launch_from_rosbag/README.md
[21.297s] -- Installing: /home/haechan/Repo_2025/machine_AI/vertiport_detect/detecting_vertiport_ws/install/realsense2_camera/share/realsense2_camera/examples/dual_camera
[21.298s] -- Installing: /home/haechan/Repo_2025/machine_AI/vertiport_detect/detecting_vertiport_ws/install/realsense2_camera/share/realsense2_camera/examples/dual_camera/rviz
[21.298s] -- Installing: /home/haechan/Repo_2025/machine_AI/vertiport_detect/detecting_vertiport_ws/install/realsense2_camera/share/realsense2_camera/examples/dual_camera/rviz/dual_camera_pointcloud.rviz
[21.298s] -- Installing: /home/haechan/Repo_2025/machine_AI/vertiport_detect/detecting_vertiport_ws/install/realsense2_camera/share/realsense2_camera/examples/dual_camera/README.md
[21.298s] -- Installing: /home/haechan/Repo_2025/machine_AI/vertiport_detect/detecting_vertiport_ws/install/realsense2_camera/share/realsense2_camera/examples/dual_camera/rs_dual_camera_launch.py
[21.298s] -- Installing: /home/haechan/Repo_2025/machine_AI/vertiport_detect/detecting_vertiport_ws/install/realsense2_camera/share/realsense2_camera/examples/pointcloud
[21.298s] -- Installing: /home/haechan/Repo_2025/machine_AI/vertiport_detect/detecting_vertiport_ws/install/realsense2_camera/share/realsense2_camera/examples/pointcloud/rs_d455_pointcloud_launch.py
[21.298s] -- Installing: /home/haechan/Repo_2025/machine_AI/vertiport_detect/detecting_vertiport_ws/install/realsense2_camera/share/realsense2_camera/examples/pointcloud/rviz
[21.298s] -- Installing: /home/haechan/Repo_2025/machine_AI/vertiport_detect/detecting_vertiport_ws/install/realsense2_camera/share/realsense2_camera/examples/pointcloud/rviz/urdf_pointcloud.rviz
[21.298s] -- Installing: /home/haechan/Repo_2025/machine_AI/vertiport_detect/detecting_vertiport_ws/install/realsense2_camera/share/realsense2_camera/examples/pointcloud/rviz/pointcloud.rviz
[21.298s] -- Installing: /home/haechan/Repo_2025/machine_AI/vertiport_detect/detecting_vertiport_ws/install/realsense2_camera/share/realsense2_camera/examples/pointcloud/README.md
[21.299s] -- Installing: /home/haechan/Repo_2025/machine_AI/vertiport_detect/detecting_vertiport_ws/install/realsense2_camera/share/realsense2_camera/examples/pointcloud/rs_pointcloud_launch.py
[21.299s] -- Installing: /home/haechan/Repo_2025/machine_AI/vertiport_detect/detecting_vertiport_ws/install/realsense2_camera/share/realsense2_camera/examples/pointcloud/rs_d405_pointcloud_launch.py
[21.299s] -- Installing: /home/haechan/Repo_2025/machine_AI/vertiport_detect/detecting_vertiport_ws/install/realsense2_camera/share/realsense2_camera/examples/launch_params_from_file
[21.299s] -- Installing: /home/haechan/Repo_2025/machine_AI/vertiport_detect/detecting_vertiport_ws/install/realsense2_camera/share/realsense2_camera/examples/launch_params_from_file/config
[21.299s] -- Installing: /home/haechan/Repo_2025/machine_AI/vertiport_detect/detecting_vertiport_ws/install/realsense2_camera/share/realsense2_camera/examples/launch_params_from_file/config/config.yaml
[21.299s] -- Installing: /home/haechan/Repo_2025/machine_AI/vertiport_detect/detecting_vertiport_ws/install/realsense2_camera/share/realsense2_camera/examples/launch_params_from_file/README.md
[21.299s] -- Installing: /home/haechan/Repo_2025/machine_AI/vertiport_detect/detecting_vertiport_ws/install/realsense2_camera/share/realsense2_camera/examples/launch_params_from_file/rs_launch_get_params_from_yaml.py
[21.299s] -- Installing: /home/haechan/Repo_2025/machine_AI/vertiport_detect/detecting_vertiport_ws/install/realsense2_camera/share/realsense2_camera/environment/library_path.sh
[21.299s] -- Installing: /home/haechan/Repo_2025/machine_AI/vertiport_detect/detecting_vertiport_ws/install/realsense2_camera/share/realsense2_camera/environment/library_path.dsv
[21.300s] -- Installing: /home/haechan/Repo_2025/machine_AI/vertiport_detect/detecting_vertiport_ws/install/realsense2_camera/share/ament_index/resource_index/package_run_dependencies/realsense2_camera
[21.300s] -- Installing: /home/haechan/Repo_2025/machine_AI/vertiport_detect/detecting_vertiport_ws/install/realsense2_camera/share/ament_index/resource_index/parent_prefix_path/realsense2_camera
[21.300s] -- Installing: /home/haechan/Repo_2025/machine_AI/vertiport_detect/detecting_vertiport_ws/install/realsense2_camera/share/realsense2_camera/environment/ament_prefix_path.sh
[21.301s] -- Installing: /home/haechan/Repo_2025/machine_AI/vertiport_detect/detecting_vertiport_ws/install/realsense2_camera/share/realsense2_camera/environment/ament_prefix_path.dsv
[21.301s] -- Installing: /home/haechan/Repo_2025/machine_AI/vertiport_detect/detecting_vertiport_ws/install/realsense2_camera/share/realsense2_camera/environment/path.sh
[21.301s] -- Installing: /home/haechan/Repo_2025/machine_AI/vertiport_detect/detecting_vertiport_ws/install/realsense2_camera/share/realsense2_camera/environment/path.dsv
[21.301s] -- Installing: /home/haechan/Repo_2025/machine_AI/vertiport_detect/detecting_vertiport_ws/install/realsense2_camera/share/realsense2_camera/local_setup.bash
[21.301s] -- Installing: /home/haechan/Repo_2025/machine_AI/vertiport_detect/detecting_vertiport_ws/install/realsense2_camera/share/realsense2_camera/local_setup.sh
[21.301s] -- Installing: /home/haechan/Repo_2025/machine_AI/vertiport_detect/detecting_vertiport_ws/install/realsense2_camera/share/realsense2_camera/local_setup.zsh
[21.301s] -- Installing: /home/haechan/Repo_2025/machine_AI/vertiport_detect/detecting_vertiport_ws/install/realsense2_camera/share/realsense2_camera/local_setup.dsv
[21.301s] -- Installing: /home/haechan/Repo_2025/machine_AI/vertiport_detect/detecting_vertiport_ws/install/realsense2_camera/share/realsense2_camera/package.dsv
[21.301s] -- Installing: /home/haechan/Repo_2025/machine_AI/vertiport_detect/detecting_vertiport_ws/install/realsense2_camera/share/ament_index/resource_index/packages/realsense2_camera
[21.301s] -- Installing: /home/haechan/Repo_2025/machine_AI/vertiport_detect/detecting_vertiport_ws/install/realsense2_camera/share/ament_index/resource_index/rclcpp_components/realsense2_camera
[21.302s] -- Installing: /home/haechan/Repo_2025/machine_AI/vertiport_detect/detecting_vertiport_ws/install/realsense2_camera/share/realsense2_camera/cmake/ament_cmake_export_include_directories-extras.cmake
[21.302s] -- Installing: /home/haechan/Repo_2025/machine_AI/vertiport_detect/detecting_vertiport_ws/install/realsense2_camera/share/realsense2_camera/cmake/ament_cmake_export_libraries-extras.cmake
[21.302s] -- Installing: /home/haechan/Repo_2025/machine_AI/vertiport_detect/detecting_vertiport_ws/install/realsense2_camera/share/realsense2_camera/cmake/ament_cmake_export_dependencies-extras.cmake
[21.302s] -- Installing: /home/haechan/Repo_2025/machine_AI/vertiport_detect/detecting_vertiport_ws/install/realsense2_camera/share/realsense2_camera/cmake/realsense2_cameraConfig.cmake
[21.302s] -- Installing: /home/haechan/Repo_2025/machine_AI/vertiport_detect/detecting_vertiport_ws/install/realsense2_camera/share/realsense2_camera/cmake/realsense2_cameraConfig-version.cmake
[21.302s] -- Installing: /home/haechan/Repo_2025/machine_AI/vertiport_detect/detecting_vertiport_ws/install/realsense2_camera/share/realsense2_camera/package.xml
[21.304s] Invoked command in '/home/haechan/Repo_2025/machine_AI/vertiport_detect/detecting_vertiport_ws/build/realsense2_camera' returned '0': CMAKE_PREFIX_PATH=/home/haechan/Repo_2025/machine_AI/vertiport_detect/detecting_vertiport_ws/install/realsense2_camera_msgs:/home/haechan/Repo_2025/machine_AI/vertiport_detect/detecting_vertiport_ws/install/realsense2_description:/home/haechan/Repo_2025/machine_AI/vertiport_detect/detecting_vertiport_ws/install/realsense2_camera:/home/haechan/cmake-install:/home/haechan/cmake-install:/home/haechan/cmake-install:/home/haechan/Repo_2025/machine_AI/vertiport_detect/detecting_vertiport_ws/install/cv_control_for_landing:/opt/ros/humble LD_LIBRARY_PATH=/home/haechan/Repo_2025/machine_AI/vertiport_detect/detecting_vertiport_ws/install/realsense2_camera_msgs/lib:/home/haechan/Repo_2025/machine_AI/vertiport_detect/detecting_vertiport_ws/install/realsense2_camera/lib:/opt/ros/humble/opt/rviz_ogre_vendor/lib:/opt/ros/humble/lib/x86_64-linux-gnu:/opt/ros/humble/lib /usr/local/bin/cmake --install /home/haechan/Repo_2025/machine_AI/vertiport_detect/detecting_vertiport_ws/build/realsense2_camera
