[0.021s] Invoking command in '/home/haechan/Repo_2025/machine_AI/cv_uav_control_for_landing/vertiport_detect/detecting_vertiport_ws/build/realsense2_description': AMENT_PREFIX_PATH=/home/haechan/Repo_2025/machine_AI/cv_uav_control_for_landing/vertiport_detect/detecting_vertiport_ws/install/realsense2_camera_msgs:${AMENT_PREFIX_PATH} CMAKE_PREFIX_PATH=/home/haechan/Repo_2025/machine_AI/cv_uav_control_for_landing/vertiport_detect/detecting_vertiport_ws/install/realsense2_camera_msgs:/home/haechan/cmake-install:/home/haechan/cmake-install:/home/haechan/cmake-install:/opt/ros/humble LD_LIBRARY_PATH=/home/haechan/Repo_2025/machine_AI/cv_uav_control_for_landing/vertiport_detect/detecting_vertiport_ws/install/realsense2_camera_msgs/lib:${LD_LIBRARY_PATH} PYTHONPATH=/home/haechan/Repo_2025/machine_AI/cv_uav_control_for_landing/vertiport_detect/detecting_vertiport_ws/install/realsense2_camera_msgs/local/lib/python3.10/dist-packages:${PYTHONPATH} /usr/local/bin/cmake /home/haechan/Repo_2025/machine_AI/cv_uav_control_for_landing/vertiport_detect/detecting_vertiport_ws/src/realsense-ros/realsense2_description -DCMAKE_INSTALL_PREFIX=/home/haechan/Repo_2025/machine_AI/cv_uav_control_for_landing/vertiport_detect/detecting_vertiport_ws/install/realsense2_description
[0.023s] [0mCMake Deprecation Warning at CMakeLists.txt:15 (cmake_minimum_required):
[0.023s]   Compatibility with CMake < 3.10 will be removed from a future version of
[0.023s]   CMake.
[0.023s] 
[0.023s]   Update the VERSION argument <min> value.  Or, use the <min>...<max> syntax
[0.023s]   to tell CMake that the project requires at least <min> but has been updated
[0.023s]   to work with policies introduced by <max> or earlier.
[0.023s] 
[0.023s] [0m
[0.059s] -- The C compiler identification is GNU 13.1.0
[0.102s] -- The CXX compiler identification is GNU 13.1.0
[0.108s] -- Detecting C compiler ABI info
[0.157s] -- Detecting C compiler ABI info - done
[0.167s] -- Check for working C compiler: /usr/bin/cc - skipped
[0.167s] -- Detecting C compile features
[0.168s] -- Detecting C compile features - done
[0.177s] -- Detecting CXX compiler ABI info
[0.236s] -- Detecting CXX compiler ABI info - done
[0.248s] -- Check for working CXX compiler: /usr/bin/c++ - skipped
[0.248s] -- Detecting CXX compile features
[0.248s] -- Detecting CXX compile features - done
[0.256s] -- Found ament_cmake: 1.3.11 (/opt/ros/humble/share/ament_cmake/cmake)
[0.362s] -- Found Python3: /usr/bin/python3 (found version "3.10.12") found components: Interpreter
[0.472s] -- Configuring done (0.4s)
[0.476s] -- Generating done (0.0s)
[0.477s] -- Build files have been written to: /home/haechan/Repo_2025/machine_AI/cv_uav_control_for_landing/vertiport_detect/detecting_vertiport_ws/build/realsense2_description
[0.481s] Invoked command in '/home/haechan/Repo_2025/machine_AI/cv_uav_control_for_landing/vertiport_detect/detecting_vertiport_ws/build/realsense2_description' returned '0': AMENT_PREFIX_PATH=/home/haechan/Repo_2025/machine_AI/cv_uav_control_for_landing/vertiport_detect/detecting_vertiport_ws/install/realsense2_camera_msgs:${AMENT_PREFIX_PATH} CMAKE_PREFIX_PATH=/home/haechan/Repo_2025/machine_AI/cv_uav_control_for_landing/vertiport_detect/detecting_vertiport_ws/install/realsense2_camera_msgs:/home/haechan/cmake-install:/home/haechan/cmake-install:/home/haechan/cmake-install:/opt/ros/humble LD_LIBRARY_PATH=/home/haechan/Repo_2025/machine_AI/cv_uav_control_for_landing/vertiport_detect/detecting_vertiport_ws/install/realsense2_camera_msgs/lib:${LD_LIBRARY_PATH} PYTHONPATH=/home/haechan/Repo_2025/machine_AI/cv_uav_control_for_landing/vertiport_detect/detecting_vertiport_ws/install/realsense2_camera_msgs/local/lib/python3.10/dist-packages:${PYTHONPATH} /usr/local/bin/cmake /home/haechan/Repo_2025/machine_AI/cv_uav_control_for_landing/vertiport_detect/detecting_vertiport_ws/src/realsense-ros/realsense2_description -DCMAKE_INSTALL_PREFIX=/home/haechan/Repo_2025/machine_AI/cv_uav_control_for_landing/vertiport_detect/detecting_vertiport_ws/install/realsense2_description
[0.482s] Invoking command in '/home/haechan/Repo_2025/machine_AI/cv_uav_control_for_landing/vertiport_detect/detecting_vertiport_ws/build/realsense2_description': AMENT_PREFIX_PATH=/home/haechan/Repo_2025/machine_AI/cv_uav_control_for_landing/vertiport_detect/detecting_vertiport_ws/install/realsense2_camera_msgs:${AMENT_PREFIX_PATH} CMAKE_PREFIX_PATH=/home/haechan/Repo_2025/machine_AI/cv_uav_control_for_landing/vertiport_detect/detecting_vertiport_ws/install/realsense2_camera_msgs:/home/haechan/cmake-install:/home/haechan/cmake-install:/home/haechan/cmake-install:/opt/ros/humble LD_LIBRARY_PATH=/home/haechan/Repo_2025/machine_AI/cv_uav_control_for_landing/vertiport_detect/detecting_vertiport_ws/install/realsense2_camera_msgs/lib:${LD_LIBRARY_PATH} PYTHONPATH=/home/haechan/Repo_2025/machine_AI/cv_uav_control_for_landing/vertiport_detect/detecting_vertiport_ws/install/realsense2_camera_msgs/local/lib/python3.10/dist-packages:${PYTHONPATH} /usr/local/bin/cmake --build /home/haechan/Repo_2025/machine_AI/cv_uav_control_for_landing/vertiport_detect/detecting_vertiport_ws/build/realsense2_description -- -j16 -l16
[0.502s] Invoked command in '/home/haechan/Repo_2025/machine_AI/cv_uav_control_for_landing/vertiport_detect/detecting_vertiport_ws/build/realsense2_description' returned '0': AMENT_PREFIX_PATH=/home/haechan/Repo_2025/machine_AI/cv_uav_control_for_landing/vertiport_detect/detecting_vertiport_ws/install/realsense2_camera_msgs:${AMENT_PREFIX_PATH} CMAKE_PREFIX_PATH=/home/haechan/Repo_2025/machine_AI/cv_uav_control_for_landing/vertiport_detect/detecting_vertiport_ws/install/realsense2_camera_msgs:/home/haechan/cmake-install:/home/haechan/cmake-install:/home/haechan/cmake-install:/opt/ros/humble LD_LIBRARY_PATH=/home/haechan/Repo_2025/machine_AI/cv_uav_control_for_landing/vertiport_detect/detecting_vertiport_ws/install/realsense2_camera_msgs/lib:${LD_LIBRARY_PATH} PYTHONPATH=/home/haechan/Repo_2025/machine_AI/cv_uav_control_for_landing/vertiport_detect/detecting_vertiport_ws/install/realsense2_camera_msgs/local/lib/python3.10/dist-packages:${PYTHONPATH} /usr/local/bin/cmake --build /home/haechan/Repo_2025/machine_AI/cv_uav_control_for_landing/vertiport_detect/detecting_vertiport_ws/build/realsense2_description -- -j16 -l16
[0.503s] Invoking command in '/home/haechan/Repo_2025/machine_AI/cv_uav_control_for_landing/vertiport_detect/detecting_vertiport_ws/build/realsense2_description': AMENT_PREFIX_PATH=/home/haechan/Repo_2025/machine_AI/cv_uav_control_for_landing/vertiport_detect/detecting_vertiport_ws/install/realsense2_camera_msgs:${AMENT_PREFIX_PATH} CMAKE_PREFIX_PATH=/home/haechan/Repo_2025/machine_AI/cv_uav_control_for_landing/vertiport_detect/detecting_vertiport_ws/install/realsense2_camera_msgs:/home/haechan/cmake-install:/home/haechan/cmake-install:/home/haechan/cmake-install:/opt/ros/humble LD_LIBRARY_PATH=/home/haechan/Repo_2025/machine_AI/cv_uav_control_for_landing/vertiport_detect/detecting_vertiport_ws/install/realsense2_camera_msgs/lib:${LD_LIBRARY_PATH} PYTHONPATH=/home/haechan/Repo_2025/machine_AI/cv_uav_control_for_landing/vertiport_detect/detecting_vertiport_ws/install/realsense2_camera_msgs/local/lib/python3.10/dist-packages:${PYTHONPATH} /usr/local/bin/cmake --install /home/haechan/Repo_2025/machine_AI/cv_uav_control_for_landing/vertiport_detect/detecting_vertiport_ws/build/realsense2_description
[0.506s] -- Install configuration: ""
[0.506s] -- Installing: /home/haechan/Repo_2025/machine_AI/cv_uav_control_for_landing/vertiport_detect/detecting_vertiport_ws/install/realsense2_description/share/realsense2_description/launch
[0.506s] -- Installing: /home/haechan/Repo_2025/machine_AI/cv_uav_control_for_landing/vertiport_detect/detecting_vertiport_ws/install/realsense2_description/share/realsense2_description/launch/launch_utils.py
[0.506s] -- Installing: /home/haechan/Repo_2025/machine_AI/cv_uav_control_for_landing/vertiport_detect/detecting_vertiport_ws/install/realsense2_description/share/realsense2_description/launch/view_model.launch.py
[0.506s] -- Installing: /home/haechan/Repo_2025/machine_AI/cv_uav_control_for_landing/vertiport_detect/detecting_vertiport_ws/install/realsense2_description/share/realsense2_description/meshes
[0.506s] -- Installing: /home/haechan/Repo_2025/machine_AI/cv_uav_control_for_landing/vertiport_detect/detecting_vertiport_ws/install/realsense2_description/share/realsense2_description/meshes/d455.stl
[0.510s] -- Installing: /home/haechan/Repo_2025/machine_AI/cv_uav_control_for_landing/vertiport_detect/detecting_vertiport_ws/install/realsense2_description/share/realsense2_description/meshes/d405.stl
[0.510s] -- Installing: /home/haechan/Repo_2025/machine_AI/cv_uav_control_for_landing/vertiport_detect/detecting_vertiport_ws/install/realsense2_description/share/realsense2_description/meshes/plug_collision.stl
[0.511s] -- Installing: /home/haechan/Repo_2025/machine_AI/cv_uav_control_for_landing/vertiport_detect/detecting_vertiport_ws/install/realsense2_description/share/realsense2_description/meshes/l515.dae
[0.554s] -- Installing: /home/haechan/Repo_2025/machine_AI/cv_uav_control_for_landing/vertiport_detect/detecting_vertiport_ws/install/realsense2_description/share/realsense2_description/meshes/d435.dae
[0.577s] -- Installing: /home/haechan/Repo_2025/machine_AI/cv_uav_control_for_landing/vertiport_detect/detecting_vertiport_ws/install/realsense2_description/share/realsense2_description/meshes/plug.stl
[0.577s] -- Installing: /home/haechan/Repo_2025/machine_AI/cv_uav_control_for_landing/vertiport_detect/detecting_vertiport_ws/install/realsense2_description/share/realsense2_description/meshes/d415.stl
[0.605s] -- Installing: /home/haechan/Repo_2025/machine_AI/cv_uav_control_for_landing/vertiport_detect/detecting_vertiport_ws/install/realsense2_description/share/realsense2_description/rviz
[0.605s] -- Installing: /home/haechan/Repo_2025/machine_AI/cv_uav_control_for_landing/vertiport_detect/detecting_vertiport_ws/install/realsense2_description/share/realsense2_description/rviz/urdf.rviz
[0.605s] -- Installing: /home/haechan/Repo_2025/machine_AI/cv_uav_control_for_landing/vertiport_detect/detecting_vertiport_ws/install/realsense2_description/share/realsense2_description/urdf
[0.606s] -- Installing: /home/haechan/Repo_2025/machine_AI/cv_uav_control_for_landing/vertiport_detect/detecting_vertiport_ws/install/realsense2_description/share/realsense2_description/urdf/_d435.urdf.xacro
[0.606s] -- Installing: /home/haechan/Repo_2025/machine_AI/cv_uav_control_for_landing/vertiport_detect/detecting_vertiport_ws/install/realsense2_description/share/realsense2_description/urdf/test_d435i_camera.urdf.xacro
[0.606s] -- Installing: /home/haechan/Repo_2025/machine_AI/cv_uav_control_for_landing/vertiport_detect/detecting_vertiport_ws/install/realsense2_description/share/realsense2_description/urdf/_d415.urdf.xacro
[0.606s] -- Installing: /home/haechan/Repo_2025/machine_AI/cv_uav_control_for_landing/vertiport_detect/detecting_vertiport_ws/install/realsense2_description/share/realsense2_description/urdf/test_d435_multiple_cameras.urdf.xacro
[0.606s] -- Installing: /home/haechan/Repo_2025/machine_AI/cv_uav_control_for_landing/vertiport_detect/detecting_vertiport_ws/install/realsense2_description/share/realsense2_description/urdf/test_d405_camera.urdf.xacro
[0.607s] -- Installing: /home/haechan/Repo_2025/machine_AI/cv_uav_control_for_landing/vertiport_detect/detecting_vertiport_ws/install/realsense2_description/share/realsense2_description/urdf/_d405.urdf.xacro
[0.607s] -- Installing: /home/haechan/Repo_2025/machine_AI/cv_uav_control_for_landing/vertiport_detect/detecting_vertiport_ws/install/realsense2_description/share/realsense2_description/urdf/_r430.urdf.xacro
[0.607s] -- Installing: /home/haechan/Repo_2025/machine_AI/cv_uav_control_for_landing/vertiport_detect/detecting_vertiport_ws/install/realsense2_description/share/realsense2_description/urdf/_usb_plug.urdf.xacro
[0.607s] -- Installing: /home/haechan/Repo_2025/machine_AI/cv_uav_control_for_landing/vertiport_detect/detecting_vertiport_ws/install/realsense2_description/share/realsense2_description/urdf/_d435i_imu_modules.urdf.xacro
[0.607s] -- Installing: /home/haechan/Repo_2025/machine_AI/cv_uav_control_for_landing/vertiport_detect/detecting_vertiport_ws/install/realsense2_description/share/realsense2_description/urdf/test_d415_camera.urdf.xacro
[0.607s] -- Installing: /home/haechan/Repo_2025/machine_AI/cv_uav_control_for_landing/vertiport_detect/detecting_vertiport_ws/install/realsense2_description/share/realsense2_description/urdf/test_d435_camera.urdf.xacro
[0.608s] -- Installing: /home/haechan/Repo_2025/machine_AI/cv_uav_control_for_landing/vertiport_detect/detecting_vertiport_ws/install/realsense2_description/share/realsense2_description/urdf/_r410.urdf.xacro
[0.608s] -- Installing: /home/haechan/Repo_2025/machine_AI/cv_uav_control_for_landing/vertiport_detect/detecting_vertiport_ws/install/realsense2_description/share/realsense2_description/urdf/_materials.urdf.xacro
[0.608s] -- Installing: /home/haechan/Repo_2025/machine_AI/cv_uav_control_for_landing/vertiport_detect/detecting_vertiport_ws/install/realsense2_description/share/realsense2_description/urdf/_d435i.urdf.xacro
[0.608s] -- Installing: /home/haechan/Repo_2025/machine_AI/cv_uav_control_for_landing/vertiport_detect/detecting_vertiport_ws/install/realsense2_description/share/realsense2_description/urdf/_d455.urdf.xacro
[0.608s] -- Installing: /home/haechan/Repo_2025/machine_AI/cv_uav_control_for_landing/vertiport_detect/detecting_vertiport_ws/install/realsense2_description/share/realsense2_description/urdf/test_r410_camera.urdf.xacro
[0.609s] -- Installing: /home/haechan/Repo_2025/machine_AI/cv_uav_control_for_landing/vertiport_detect/detecting_vertiport_ws/install/realsense2_description/share/realsense2_description/urdf/test_r430_camera.urdf.xacro
[0.609s] -- Installing: /home/haechan/Repo_2025/machine_AI/cv_uav_control_for_landing/vertiport_detect/detecting_vertiport_ws/install/realsense2_description/share/realsense2_description/urdf/test_d455_camera.urdf.xacro
[0.609s] -- Installing: /home/haechan/Repo_2025/machine_AI/cv_uav_control_for_landing/vertiport_detect/detecting_vertiport_ws/install/realsense2_description/share/ament_index/resource_index/package_run_dependencies/realsense2_description
[0.609s] -- Installing: /home/haechan/Repo_2025/machine_AI/cv_uav_control_for_landing/vertiport_detect/detecting_vertiport_ws/install/realsense2_description/share/ament_index/resource_index/parent_prefix_path/realsense2_description
[0.610s] -- Installing: /home/haechan/Repo_2025/machine_AI/cv_uav_control_for_landing/vertiport_detect/detecting_vertiport_ws/install/realsense2_description/share/realsense2_description/environment/ament_prefix_path.sh
[0.610s] -- Installing: /home/haechan/Repo_2025/machine_AI/cv_uav_control_for_landing/vertiport_detect/detecting_vertiport_ws/install/realsense2_description/share/realsense2_description/environment/ament_prefix_path.dsv
[0.610s] -- Installing: /home/haechan/Repo_2025/machine_AI/cv_uav_control_for_landing/vertiport_detect/detecting_vertiport_ws/install/realsense2_description/share/realsense2_description/environment/path.sh
[0.610s] -- Installing: /home/haechan/Repo_2025/machine_AI/cv_uav_control_for_landing/vertiport_detect/detecting_vertiport_ws/install/realsense2_description/share/realsense2_description/environment/path.dsv
[0.610s] -- Installing: /home/haechan/Repo_2025/machine_AI/cv_uav_control_for_landing/vertiport_detect/detecting_vertiport_ws/install/realsense2_description/share/realsense2_description/local_setup.bash
[0.610s] -- Installing: /home/haechan/Repo_2025/machine_AI/cv_uav_control_for_landing/vertiport_detect/detecting_vertiport_ws/install/realsense2_description/share/realsense2_description/local_setup.sh
[0.610s] -- Installing: /home/haechan/Repo_2025/machine_AI/cv_uav_control_for_landing/vertiport_detect/detecting_vertiport_ws/install/realsense2_description/share/realsense2_description/local_setup.zsh
[0.610s] -- Installing: /home/haechan/Repo_2025/machine_AI/cv_uav_control_for_landing/vertiport_detect/detecting_vertiport_ws/install/realsense2_description/share/realsense2_description/local_setup.dsv
[0.611s] -- Installing: /home/haechan/Repo_2025/machine_AI/cv_uav_control_for_landing/vertiport_detect/detecting_vertiport_ws/install/realsense2_description/share/realsense2_description/package.dsv
[0.611s] -- Installing: /home/haechan/Repo_2025/machine_AI/cv_uav_control_for_landing/vertiport_detect/detecting_vertiport_ws/install/realsense2_description/share/ament_index/resource_index/packages/realsense2_description
[0.611s] -- Installing: /home/haechan/Repo_2025/machine_AI/cv_uav_control_for_landing/vertiport_detect/detecting_vertiport_ws/install/realsense2_description/share/realsense2_description/cmake/realsense2_descriptionConfig.cmake
[0.611s] -- Installing: /home/haechan/Repo_2025/machine_AI/cv_uav_control_for_landing/vertiport_detect/detecting_vertiport_ws/install/realsense2_description/share/realsense2_description/cmake/realsense2_descriptionConfig-version.cmake
[0.611s] -- Installing: /home/haechan/Repo_2025/machine_AI/cv_uav_control_for_landing/vertiport_detect/detecting_vertiport_ws/install/realsense2_description/share/realsense2_description/package.xml
[0.613s] Invoked command in '/home/haechan/Repo_2025/machine_AI/cv_uav_control_for_landing/vertiport_detect/detecting_vertiport_ws/build/realsense2_description' returned '0': AMENT_PREFIX_PATH=/home/haechan/Repo_2025/machine_AI/cv_uav_control_for_landing/vertiport_detect/detecting_vertiport_ws/install/realsense2_camera_msgs:${AMENT_PREFIX_PATH} CMAKE_PREFIX_PATH=/home/haechan/Repo_2025/machine_AI/cv_uav_control_for_landing/vertiport_detect/detecting_vertiport_ws/install/realsense2_camera_msgs:/home/haechan/cmake-install:/home/haechan/cmake-install:/home/haechan/cmake-install:/opt/ros/humble LD_LIBRARY_PATH=/home/haechan/Repo_2025/machine_AI/cv_uav_control_for_landing/vertiport_detect/detecting_vertiport_ws/install/realsense2_camera_msgs/lib:${LD_LIBRARY_PATH} PYTHONPATH=/home/haechan/Repo_2025/machine_AI/cv_uav_control_for_landing/vertiport_detect/detecting_vertiport_ws/install/realsense2_camera_msgs/local/lib/python3.10/dist-packages:${PYTHONPATH} /usr/local/bin/cmake --install /home/haechan/Repo_2025/machine_AI/cv_uav_control_for_landing/vertiport_detect/detecting_vertiport_ws/build/realsense2_description
