[0.008s] Invoking command in '/home/haechan/Repo_2025/machine_AI/vertiport_detect/detecting_vertiport_ws/build/realsense2_description': CMAKE_PREFIX_PATH=/home/haechan/Repo_2025/machine_AI/vertiport_detect/detecting_vertiport_ws/install/realsense2_camera_msgs:/home/haechan/Repo_2025/machine_AI/vertiport_detect/detecting_vertiport_ws/install/realsense2_description:/home/haechan/Repo_2025/machine_AI/vertiport_detect/detecting_vertiport_ws/install/realsense2_camera:/home/haechan/cmake-install:/home/haechan/cmake-install:/home/haechan/cmake-install:/home/haechan/Repo_2025/machine_AI/vertiport_detect/detecting_vertiport_ws/install/cv_control_for_landing:/opt/ros/humble LD_LIBRARY_PATH=/home/haechan/Repo_2025/machine_AI/vertiport_detect/detecting_vertiport_ws/install/realsense2_camera_msgs/lib:/home/haechan/Repo_2025/machine_AI/vertiport_detect/detecting_vertiport_ws/install/realsense2_camera/lib:/opt/ros/humble/opt/rviz_ogre_vendor/lib:/opt/ros/humble/lib/x86_64-linux-gnu:/opt/ros/humble/lib /usr/local/bin/cmake /home/haechan/Repo_2025/machine_AI/vertiport_detect/detecting_vertiport_ws/src/realsense-ros/realsense2_description -DCMAKE_INSTALL_PREFIX=/home/haechan/Repo_2025/machine_AI/vertiport_detect/detecting_vertiport_ws/install/realsense2_description
[0.010s] [0mCMake Deprecation Warning at CMakeLists.txt:15 (cmake_minimum_required):
[0.011s]   Compatibility with CMake < 3.10 will be removed from a future version of
[0.011s]   CMake.
[0.011s] 
[0.011s]   Update the VERSION argument <min> value.  Or, use the <min>...<max> syntax
[0.011s]   to tell CMake that the project requires at least <min> but has been updated
[0.011s]   to work with policies introduced by <max> or earlier.
[0.011s] 
[0.011s] [0m
[0.045s] -- The C compiler identification is GNU 13.1.0
[0.084s] -- The CXX compiler identification is GNU 13.1.0
[0.091s] -- Detecting C compiler ABI info
[0.136s] -- Detecting C compiler ABI info - done
[0.147s] -- Check for working C compiler: /usr/bin/cc - skipped
[0.147s] -- Detecting C compile features
[0.147s] -- Detecting C compile features - done
[0.157s] -- Detecting CXX compiler ABI info
[0.210s] -- Detecting CXX compiler ABI info - done
[0.220s] -- Check for working CXX compiler: /usr/bin/c++ - skipped
[0.220s] -- Detecting CXX compile features
[0.221s] -- Detecting CXX compile features - done
[0.228s] -- Found ament_cmake: 1.3.11 (/opt/ros/humble/share/ament_cmake/cmake)
[0.329s] -- Found Python3: /usr/bin/python3 (found version "3.10.12") found components: Interpreter
[0.430s] -- Configuring done (0.4s)
[0.432s] -- Generating done (0.0s)
[0.433s] -- Build files have been written to: /home/haechan/Repo_2025/machine_AI/vertiport_detect/detecting_vertiport_ws/build/realsense2_description
[0.436s] Invoked command in '/home/haechan/Repo_2025/machine_AI/vertiport_detect/detecting_vertiport_ws/build/realsense2_description' returned '0': CMAKE_PREFIX_PATH=/home/haechan/Repo_2025/machine_AI/vertiport_detect/detecting_vertiport_ws/install/realsense2_camera_msgs:/home/haechan/Repo_2025/machine_AI/vertiport_detect/detecting_vertiport_ws/install/realsense2_description:/home/haechan/Repo_2025/machine_AI/vertiport_detect/detecting_vertiport_ws/install/realsense2_camera:/home/haechan/cmake-install:/home/haechan/cmake-install:/home/haechan/cmake-install:/home/haechan/Repo_2025/machine_AI/vertiport_detect/detecting_vertiport_ws/install/cv_control_for_landing:/opt/ros/humble LD_LIBRARY_PATH=/home/haechan/Repo_2025/machine_AI/vertiport_detect/detecting_vertiport_ws/install/realsense2_camera_msgs/lib:/home/haechan/Repo_2025/machine_AI/vertiport_detect/detecting_vertiport_ws/install/realsense2_camera/lib:/opt/ros/humble/opt/rviz_ogre_vendor/lib:/opt/ros/humble/lib/x86_64-linux-gnu:/opt/ros/humble/lib /usr/local/bin/cmake /home/haechan/Repo_2025/machine_AI/vertiport_detect/detecting_vertiport_ws/src/realsense-ros/realsense2_description -DCMAKE_INSTALL_PREFIX=/home/haechan/Repo_2025/machine_AI/vertiport_detect/detecting_vertiport_ws/install/realsense2_description
[0.438s] Invoking command in '/home/haechan/Repo_2025/machine_AI/vertiport_detect/detecting_vertiport_ws/build/realsense2_description': CMAKE_PREFIX_PATH=/home/haechan/Repo_2025/machine_AI/vertiport_detect/detecting_vertiport_ws/install/realsense2_camera_msgs:/home/haechan/Repo_2025/machine_AI/vertiport_detect/detecting_vertiport_ws/install/realsense2_description:/home/haechan/Repo_2025/machine_AI/vertiport_detect/detecting_vertiport_ws/install/realsense2_camera:/home/haechan/cmake-install:/home/haechan/cmake-install:/home/haechan/cmake-install:/home/haechan/Repo_2025/machine_AI/vertiport_detect/detecting_vertiport_ws/install/cv_control_for_landing:/opt/ros/humble LD_LIBRARY_PATH=/home/haechan/Repo_2025/machine_AI/vertiport_detect/detecting_vertiport_ws/install/realsense2_camera_msgs/lib:/home/haechan/Repo_2025/machine_AI/vertiport_detect/detecting_vertiport_ws/install/realsense2_camera/lib:/opt/ros/humble/opt/rviz_ogre_vendor/lib:/opt/ros/humble/lib/x86_64-linux-gnu:/opt/ros/humble/lib /usr/local/bin/cmake --build /home/haechan/Repo_2025/machine_AI/vertiport_detect/detecting_vertiport_ws/build/realsense2_description -- -j16 -l16
[0.455s] Invoked command in '/home/haechan/Repo_2025/machine_AI/vertiport_detect/detecting_vertiport_ws/build/realsense2_description' returned '0': CMAKE_PREFIX_PATH=/home/haechan/Repo_2025/machine_AI/vertiport_detect/detecting_vertiport_ws/install/realsense2_camera_msgs:/home/haechan/Repo_2025/machine_AI/vertiport_detect/detecting_vertiport_ws/install/realsense2_description:/home/haechan/Repo_2025/machine_AI/vertiport_detect/detecting_vertiport_ws/install/realsense2_camera:/home/haechan/cmake-install:/home/haechan/cmake-install:/home/haechan/cmake-install:/home/haechan/Repo_2025/machine_AI/vertiport_detect/detecting_vertiport_ws/install/cv_control_for_landing:/opt/ros/humble LD_LIBRARY_PATH=/home/haechan/Repo_2025/machine_AI/vertiport_detect/detecting_vertiport_ws/install/realsense2_camera_msgs/lib:/home/haechan/Repo_2025/machine_AI/vertiport_detect/detecting_vertiport_ws/install/realsense2_camera/lib:/opt/ros/humble/opt/rviz_ogre_vendor/lib:/opt/ros/humble/lib/x86_64-linux-gnu:/opt/ros/humble/lib /usr/local/bin/cmake --build /home/haechan/Repo_2025/machine_AI/vertiport_detect/detecting_vertiport_ws/build/realsense2_description -- -j16 -l16
[0.457s] Invoking command in '/home/haechan/Repo_2025/machine_AI/vertiport_detect/detecting_vertiport_ws/build/realsense2_description': CMAKE_PREFIX_PATH=/home/haechan/Repo_2025/machine_AI/vertiport_detect/detecting_vertiport_ws/install/realsense2_camera_msgs:/home/haechan/Repo_2025/machine_AI/vertiport_detect/detecting_vertiport_ws/install/realsense2_description:/home/haechan/Repo_2025/machine_AI/vertiport_detect/detecting_vertiport_ws/install/realsense2_camera:/home/haechan/cmake-install:/home/haechan/cmake-install:/home/haechan/cmake-install:/home/haechan/Repo_2025/machine_AI/vertiport_detect/detecting_vertiport_ws/install/cv_control_for_landing:/opt/ros/humble LD_LIBRARY_PATH=/home/haechan/Repo_2025/machine_AI/vertiport_detect/detecting_vertiport_ws/install/realsense2_camera_msgs/lib:/home/haechan/Repo_2025/machine_AI/vertiport_detect/detecting_vertiport_ws/install/realsense2_camera/lib:/opt/ros/humble/opt/rviz_ogre_vendor/lib:/opt/ros/humble/lib/x86_64-linux-gnu:/opt/ros/humble/lib /usr/local/bin/cmake --install /home/haechan/Repo_2025/machine_AI/vertiport_detect/detecting_vertiport_ws/build/realsense2_description
[0.460s] -- Install configuration: ""
[0.460s] -- Installing: /home/haechan/Repo_2025/machine_AI/vertiport_detect/detecting_vertiport_ws/install/realsense2_description/share/realsense2_description/launch
[0.460s] -- Installing: /home/haechan/Repo_2025/machine_AI/vertiport_detect/detecting_vertiport_ws/install/realsense2_description/share/realsense2_description/launch/launch_utils.py
[0.460s] -- Installing: /home/haechan/Repo_2025/machine_AI/vertiport_detect/detecting_vertiport_ws/install/realsense2_description/share/realsense2_description/launch/view_model.launch.py
[0.460s] -- Installing: /home/haechan/Repo_2025/machine_AI/vertiport_detect/detecting_vertiport_ws/install/realsense2_description/share/realsense2_description/meshes
[0.460s] -- Installing: /home/haechan/Repo_2025/machine_AI/vertiport_detect/detecting_vertiport_ws/install/realsense2_description/share/realsense2_description/meshes/d455.stl
[0.464s] -- Installing: /home/haechan/Repo_2025/machine_AI/vertiport_detect/detecting_vertiport_ws/install/realsense2_description/share/realsense2_description/meshes/d405.stl
[0.464s] -- Installing: /home/haechan/Repo_2025/machine_AI/vertiport_detect/detecting_vertiport_ws/install/realsense2_description/share/realsense2_description/meshes/plug_collision.stl
[0.464s] -- Installing: /home/haechan/Repo_2025/machine_AI/vertiport_detect/detecting_vertiport_ws/install/realsense2_description/share/realsense2_description/meshes/l515.dae
[0.508s] -- Installing: /home/haechan/Repo_2025/machine_AI/vertiport_detect/detecting_vertiport_ws/install/realsense2_description/share/realsense2_description/meshes/d435.dae
[0.527s] -- Installing: /home/haechan/Repo_2025/machine_AI/vertiport_detect/detecting_vertiport_ws/install/realsense2_description/share/realsense2_description/meshes/plug.stl
[0.527s] -- Installing: /home/haechan/Repo_2025/machine_AI/vertiport_detect/detecting_vertiport_ws/install/realsense2_description/share/realsense2_description/meshes/d415.stl
[0.552s] -- Installing: /home/haechan/Repo_2025/machine_AI/vertiport_detect/detecting_vertiport_ws/install/realsense2_description/share/realsense2_description/rviz
[0.552s] -- Installing: /home/haechan/Repo_2025/machine_AI/vertiport_detect/detecting_vertiport_ws/install/realsense2_description/share/realsense2_description/rviz/urdf.rviz
[0.552s] -- Installing: /home/haechan/Repo_2025/machine_AI/vertiport_detect/detecting_vertiport_ws/install/realsense2_description/share/realsense2_description/urdf
[0.553s] -- Installing: /home/haechan/Repo_2025/machine_AI/vertiport_detect/detecting_vertiport_ws/install/realsense2_description/share/realsense2_description/urdf/_d435.urdf.xacro
[0.553s] -- Installing: /home/haechan/Repo_2025/machine_AI/vertiport_detect/detecting_vertiport_ws/install/realsense2_description/share/realsense2_description/urdf/test_d435i_camera.urdf.xacro
[0.553s] -- Installing: /home/haechan/Repo_2025/machine_AI/vertiport_detect/detecting_vertiport_ws/install/realsense2_description/share/realsense2_description/urdf/_d415.urdf.xacro
[0.553s] -- Installing: /home/haechan/Repo_2025/machine_AI/vertiport_detect/detecting_vertiport_ws/install/realsense2_description/share/realsense2_description/urdf/test_d435_multiple_cameras.urdf.xacro
[0.553s] -- Installing: /home/haechan/Repo_2025/machine_AI/vertiport_detect/detecting_vertiport_ws/install/realsense2_description/share/realsense2_description/urdf/test_d405_camera.urdf.xacro
[0.553s] -- Installing: /home/haechan/Repo_2025/machine_AI/vertiport_detect/detecting_vertiport_ws/install/realsense2_description/share/realsense2_description/urdf/_d405.urdf.xacro
[0.553s] -- Installing: /home/haechan/Repo_2025/machine_AI/vertiport_detect/detecting_vertiport_ws/install/realsense2_description/share/realsense2_description/urdf/_r430.urdf.xacro
[0.553s] -- Installing: /home/haechan/Repo_2025/machine_AI/vertiport_detect/detecting_vertiport_ws/install/realsense2_description/share/realsense2_description/urdf/_usb_plug.urdf.xacro
[0.553s] -- Installing: /home/haechan/Repo_2025/machine_AI/vertiport_detect/detecting_vertiport_ws/install/realsense2_description/share/realsense2_description/urdf/_d435i_imu_modules.urdf.xacro
[0.554s] -- Installing: /home/haechan/Repo_2025/machine_AI/vertiport_detect/detecting_vertiport_ws/install/realsense2_description/share/realsense2_description/urdf/test_d415_camera.urdf.xacro
[0.554s] -- Installing: /home/haechan/Repo_2025/machine_AI/vertiport_detect/detecting_vertiport_ws/install/realsense2_description/share/realsense2_description/urdf/test_d435_camera.urdf.xacro
[0.554s] -- Installing: /home/haechan/Repo_2025/machine_AI/vertiport_detect/detecting_vertiport_ws/install/realsense2_description/share/realsense2_description/urdf/_r410.urdf.xacro
[0.554s] -- Installing: /home/haechan/Repo_2025/machine_AI/vertiport_detect/detecting_vertiport_ws/install/realsense2_description/share/realsense2_description/urdf/_materials.urdf.xacro
[0.554s] -- Installing: /home/haechan/Repo_2025/machine_AI/vertiport_detect/detecting_vertiport_ws/install/realsense2_description/share/realsense2_description/urdf/_d435i.urdf.xacro
[0.554s] -- Installing: /home/haechan/Repo_2025/machine_AI/vertiport_detect/detecting_vertiport_ws/install/realsense2_description/share/realsense2_description/urdf/_d455.urdf.xacro
[0.554s] -- Installing: /home/haechan/Repo_2025/machine_AI/vertiport_detect/detecting_vertiport_ws/install/realsense2_description/share/realsense2_description/urdf/test_r410_camera.urdf.xacro
[0.555s] -- Installing: /home/haechan/Repo_2025/machine_AI/vertiport_detect/detecting_vertiport_ws/install/realsense2_description/share/realsense2_description/urdf/test_r430_camera.urdf.xacro
[0.555s] -- Installing: /home/haechan/Repo_2025/machine_AI/vertiport_detect/detecting_vertiport_ws/install/realsense2_description/share/realsense2_description/urdf/test_d455_camera.urdf.xacro
[0.555s] -- Installing: /home/haechan/Repo_2025/machine_AI/vertiport_detect/detecting_vertiport_ws/install/realsense2_description/share/ament_index/resource_index/package_run_dependencies/realsense2_description
[0.555s] -- Installing: /home/haechan/Repo_2025/machine_AI/vertiport_detect/detecting_vertiport_ws/install/realsense2_description/share/ament_index/resource_index/parent_prefix_path/realsense2_description
[0.555s] -- Installing: /home/haechan/Repo_2025/machine_AI/vertiport_detect/detecting_vertiport_ws/install/realsense2_description/share/realsense2_description/environment/ament_prefix_path.sh
[0.555s] -- Installing: /home/haechan/Repo_2025/machine_AI/vertiport_detect/detecting_vertiport_ws/install/realsense2_description/share/realsense2_description/environment/ament_prefix_path.dsv
[0.555s] -- Installing: /home/haechan/Repo_2025/machine_AI/vertiport_detect/detecting_vertiport_ws/install/realsense2_description/share/realsense2_description/environment/path.sh
[0.555s] -- Installing: /home/haechan/Repo_2025/machine_AI/vertiport_detect/detecting_vertiport_ws/install/realsense2_description/share/realsense2_description/environment/path.dsv
[0.556s] -- Installing: /home/haechan/Repo_2025/machine_AI/vertiport_detect/detecting_vertiport_ws/install/realsense2_description/share/realsense2_description/local_setup.bash
[0.556s] -- Installing: /home/haechan/Repo_2025/machine_AI/vertiport_detect/detecting_vertiport_ws/install/realsense2_description/share/realsense2_description/local_setup.sh
[0.556s] -- Installing: /home/haechan/Repo_2025/machine_AI/vertiport_detect/detecting_vertiport_ws/install/realsense2_description/share/realsense2_description/local_setup.zsh
[0.556s] -- Installing: /home/haechan/Repo_2025/machine_AI/vertiport_detect/detecting_vertiport_ws/install/realsense2_description/share/realsense2_description/local_setup.dsv
[0.556s] -- Installing: /home/haechan/Repo_2025/machine_AI/vertiport_detect/detecting_vertiport_ws/install/realsense2_description/share/realsense2_description/package.dsv
[0.556s] -- Installing: /home/haechan/Repo_2025/machine_AI/vertiport_detect/detecting_vertiport_ws/install/realsense2_description/share/ament_index/resource_index/packages/realsense2_description
[0.556s] -- Installing: /home/haechan/Repo_2025/machine_AI/vertiport_detect/detecting_vertiport_ws/install/realsense2_description/share/realsense2_description/cmake/realsense2_descriptionConfig.cmake
[0.556s] -- Installing: /home/haechan/Repo_2025/machine_AI/vertiport_detect/detecting_vertiport_ws/install/realsense2_description/share/realsense2_description/cmake/realsense2_descriptionConfig-version.cmake
[0.556s] -- Installing: /home/haechan/Repo_2025/machine_AI/vertiport_detect/detecting_vertiport_ws/install/realsense2_description/share/realsense2_description/package.xml
[0.558s] Invoked command in '/home/haechan/Repo_2025/machine_AI/vertiport_detect/detecting_vertiport_ws/build/realsense2_description' returned '0': CMAKE_PREFIX_PATH=/home/haechan/Repo_2025/machine_AI/vertiport_detect/detecting_vertiport_ws/install/realsense2_camera_msgs:/home/haechan/Repo_2025/machine_AI/vertiport_detect/detecting_vertiport_ws/install/realsense2_description:/home/haechan/Repo_2025/machine_AI/vertiport_detect/detecting_vertiport_ws/install/realsense2_camera:/home/haechan/cmake-install:/home/haechan/cmake-install:/home/haechan/cmake-install:/home/haechan/Repo_2025/machine_AI/vertiport_detect/detecting_vertiport_ws/install/cv_control_for_landing:/opt/ros/humble LD_LIBRARY_PATH=/home/haechan/Repo_2025/machine_AI/vertiport_detect/detecting_vertiport_ws/install/realsense2_camera_msgs/lib:/home/haechan/Repo_2025/machine_AI/vertiport_detect/detecting_vertiport_ws/install/realsense2_camera/lib:/opt/ros/humble/opt/rviz_ogre_vendor/lib:/opt/ros/humble/lib/x86_64-linux-gnu:/opt/ros/humble/lib /usr/local/bin/cmake --install /home/haechan/Repo_2025/machine_AI/vertiport_detect/detecting_vertiport_ws/build/realsense2_description
