[0.010s] Invoking command in '/home/haechan/Repo_2025/machine_AI/cv_uav_control_for_landing/vertiport_detect/detecting_vertiport_ws/build/realsense2_camera_msgs': CMAKE_PREFIX_PATH=${CMAKE_PREFIX_PATH}:/opt/ros/humble /usr/local/bin/cmake /home/haechan/Repo_2025/machine_AI/cv_uav_control_for_landing/vertiport_detect/detecting_vertiport_ws/src/realsense-ros/realsense2_camera_msgs -DCMAKE_INSTALL_PREFIX=/home/haechan/Repo_2025/machine_AI/cv_uav_control_for_landing/vertiport_detect/detecting_vertiport_ws/install/realsense2_camera_msgs
[0.014s] [0mCMake Deprecation Warning at CMakeLists.txt:15 (cmake_minimum_required):
[0.014s]   Compatibility with CMake < 3.10 will be removed from a future version of
[0.014s]   CMake.
[0.015s] 
[0.015s]   Update the VERSION argument <min> value.  Or, use the <min>...<max> syntax
[0.015s]   to tell CMake that the project requires at least <min> but has been updated
[0.015s]   to work with policies introduced by <max> or earlier.
[0.015s] 
[0.015s] [0m
[0.047s] -- The C compiler identification is GNU 13.1.0
[0.089s] -- The CXX compiler identification is GNU 13.1.0
[0.095s] -- Detecting C compiler ABI info
[0.139s] -- Detecting C compiler ABI info - done
[0.149s] -- Check for working C compiler: /usr/bin/cc - skipped
[0.150s] -- Detecting C compile features
[0.150s] -- Detecting C compile features - done
[0.159s] -- Detecting CXX compiler ABI info
[0.214s] -- Detecting CXX compiler ABI info - done
[0.225s] -- Check for working CXX compiler: /usr/bin/c++ - skipped
[0.225s] -- Detecting CXX compile features
[0.226s] -- Detecting CXX compile features - done
[0.232s] -- Found ament_cmake: 1.3.11 (/opt/ros/humble/share/ament_cmake/cmake)
[0.333s] -- Found Python3: /usr/bin/python3 (found version "3.10.12") found components: Interpreter
[0.396s] -- Found rosidl_default_generators: 1.2.0 (/opt/ros/humble/share/rosidl_default_generators/cmake)
[0.398s] -- Using all available rosidl_typesupport_c: rosidl_typesupport_fastrtps_c;rosidl_typesupport_introspection_c
[0.403s] -- Found rosidl_adapter: 3.1.6 (/opt/ros/humble/share/rosidl_adapter/cmake)
[0.444s] -- Using all available rosidl_typesupport_cpp: rosidl_typesupport_fastrtps_cpp;rosidl_typesupport_introspection_cpp
[0.466s] -- Found builtin_interfaces: 1.2.1 (/opt/ros/humble/share/builtin_interfaces/cmake)
[0.475s] -- Found std_msgs: 4.8.0 (/opt/ros/humble/share/std_msgs/cmake)
[0.484s] -- Found sensor_msgs: 4.8.0 (/opt/ros/humble/share/sensor_msgs/cmake)
[0.865s] -- Found ament_cmake_cppcheck: 0.12.12 (/opt/ros/humble/share/ament_cmake_cppcheck/cmake)
[0.867s] -- Found ament_cmake_cpplint: 0.12.12 (/opt/ros/humble/share/ament_cmake_cpplint/cmake)
[0.868s] -- Found ament_cmake_uncrustify: 0.12.12 (/opt/ros/humble/share/ament_cmake_uncrustify/cmake)
[0.870s] -- Found ament_cmake_ros: 0.10.0 (/opt/ros/humble/share/ament_cmake_ros/cmake)
[1.252s] -- Using all available rosidl_typesupport_c: rosidl_typesupport_fastrtps_c;rosidl_typesupport_introspection_c
[1.747s] -- Using all available rosidl_typesupport_cpp: rosidl_typesupport_fastrtps_cpp;rosidl_typesupport_introspection_cpp
[1.750s] [33mCMake Warning (dev) at /opt/ros/humble/share/rosidl_generator_py/cmake/rosidl_generator_py_generate_interfaces.cmake:20 (find_package):
[1.750s]   Policy CMP0148 is not set: The FindPythonInterp and FindPythonLibs modules
[1.750s]   are removed.  Run "cmake --help-policy CMP0148" for policy details.  Use
[1.750s]   the cmake_policy command to set the policy and suppress this warning.
[1.750s] 
[1.750s] Call Stack (most recent call first):
[1.750s]   /opt/ros/humble/share/ament_cmake_core/cmake/core/ament_execute_extensions.cmake:48 (include)
[1.750s]   /opt/ros/humble/share/rosidl_cmake/cmake/rosidl_generate_interfaces.cmake:286 (ament_execute_extensions)
[1.750s]   CMakeLists.txt:39 (rosidl_generate_interfaces)
[1.750s] This warning is for project developers.  Use -Wno-dev to suppress it.
[1.750s] [0m
[1.767s] -- Found PythonInterp: /usr/bin/python3 (found suitable version "3.10.12", minimum required is "3.6")
[1.768s] -- Found python_cmake_module: 0.10.0 (/opt/ros/humble/share/python_cmake_module/cmake)
[1.768s] [33mCMake Warning (dev) at /opt/ros/humble/share/python_cmake_module/cmake/Modules/FindPythonExtra.cmake:52 (find_package):
[1.768s]   Policy CMP0148 is not set: The FindPythonInterp and FindPythonLibs modules
[1.768s]   are removed.  Run "cmake --help-policy CMP0148" for policy details.  Use
[1.768s]   the cmake_policy command to set the policy and suppress this warning.
[1.768s] 
[1.768s] Call Stack (most recent call first):
[1.769s]   /opt/ros/humble/share/rosidl_generator_py/cmake/rosidl_generator_py_generate_interfaces.cmake:23 (find_package)
[1.769s]   /opt/ros/humble/share/ament_cmake_core/cmake/core/ament_execute_extensions.cmake:48 (include)
[1.769s]   /opt/ros/humble/share/rosidl_cmake/cmake/rosidl_generate_interfaces.cmake:286 (ament_execute_extensions)
[1.769s]   CMakeLists.txt:39 (rosidl_generate_interfaces)
[1.769s] This warning is for project developers.  Use -Wno-dev to suppress it.
[1.769s] [0m
[1.785s] [33mCMake Warning (dev) at /opt/ros/humble/share/python_cmake_module/cmake/Modules/FindPythonExtra.cmake:140 (find_package):
[1.785s]   Policy CMP0148 is not set: The FindPythonInterp and FindPythonLibs modules
[1.785s]   are removed.  Run "cmake --help-policy CMP0148" for policy details.  Use
[1.785s]   the cmake_policy command to set the policy and suppress this warning.
[1.785s] 
[1.785s] Call Stack (most recent call first):
[1.785s]   /opt/ros/humble/share/rosidl_generator_py/cmake/rosidl_generator_py_generate_interfaces.cmake:23 (find_package)
[1.785s]   /opt/ros/humble/share/ament_cmake_core/cmake/core/ament_execute_extensions.cmake:48 (include)
[1.785s]   /opt/ros/humble/share/rosidl_cmake/cmake/rosidl_generate_interfaces.cmake:286 (ament_execute_extensions)
[1.785s]   CMakeLists.txt:39 (rosidl_generate_interfaces)
[1.785s] This warning is for project developers.  Use -Wno-dev to suppress it.
[1.785s] [0m
[1.791s] -- Found PythonLibs: /usr/lib/x86_64-linux-gnu/libpython3.10.so (found suitable version "3.10.12", minimum required is "3.5")
[1.791s] -- Using PYTHON_EXECUTABLE: /usr/bin/python3
[1.791s] -- Using PYTHON_INCLUDE_DIRS: /usr/include/python3.10
[1.791s] -- Using PYTHON_LIBRARIES: /usr/lib/x86_64-linux-gnu/libpython3.10.so
[1.807s] -- Found PythonExtra: .so
[1.857s] -- Found ament_cmake_flake8: 0.12.12 (/opt/ros/humble/share/ament_cmake_flake8/cmake)
[1.858s] -- Found ament_cmake_pep257: 0.12.12 (/opt/ros/humble/share/ament_cmake_pep257/cmake)
[1.864s] -- Configuring done (1.9s)
[1.906s] -- Generating done (0.0s)
[1.913s] -- Build files have been written to: /home/haechan/Repo_2025/machine_AI/cv_uav_control_for_landing/vertiport_detect/detecting_vertiport_ws/build/realsense2_camera_msgs
[1.926s] Invoked command in '/home/haechan/Repo_2025/machine_AI/cv_uav_control_for_landing/vertiport_detect/detecting_vertiport_ws/build/realsense2_camera_msgs' returned '0': CMAKE_PREFIX_PATH=${CMAKE_PREFIX_PATH}:/opt/ros/humble /usr/local/bin/cmake /home/haechan/Repo_2025/machine_AI/cv_uav_control_for_landing/vertiport_detect/detecting_vertiport_ws/src/realsense-ros/realsense2_camera_msgs -DCMAKE_INSTALL_PREFIX=/home/haechan/Repo_2025/machine_AI/cv_uav_control_for_landing/vertiport_detect/detecting_vertiport_ws/install/realsense2_camera_msgs
[1.927s] Invoking command in '/home/haechan/Repo_2025/machine_AI/cv_uav_control_for_landing/vertiport_detect/detecting_vertiport_ws/build/realsense2_camera_msgs': CMAKE_PREFIX_PATH=${CMAKE_PREFIX_PATH}:/opt/ros/humble /usr/local/bin/cmake --build /home/haechan/Repo_2025/machine_AI/cv_uav_control_for_landing/vertiport_detect/detecting_vertiport_ws/build/realsense2_camera_msgs -- -j16 -l16
[1.950s] [  1%] [34m[1mGenerating C code for ROS interfaces[0m
[1.956s] [  3%] [34m[1mGenerating C++ code for ROS interfaces[0m
[1.958s] [  3%] Built target ament_cmake_python_copy_realsense2_camera_msgs
[2.129s] running egg_info
[2.143s] creating realsense2_camera_msgs.egg-info
[2.143s] writing realsense2_camera_msgs.egg-info/PKG-INFO
[2.143s] writing dependency_links to realsense2_camera_msgs.egg-info/dependency_links.txt
[2.144s] writing top-level names to realsense2_camera_msgs.egg-info/top_level.txt
[2.144s] writing manifest file 'realsense2_camera_msgs.egg-info/SOURCES.txt'
[2.182s] reading manifest file 'realsense2_camera_msgs.egg-info/SOURCES.txt'
[2.183s] writing manifest file 'realsense2_camera_msgs.egg-info/SOURCES.txt'
[2.211s] [  3%] Built target ament_cmake_python_build_realsense2_camera_msgs_egg
[2.327s] [  3%] Built target realsense2_camera_msgs__cpp
[2.333s] [  6%] [34m[1mGenerating C++ type support dispatch for ROS interfaces[0m
[2.333s] [  6%] [34m[1mGenerating C++ type support for eProsima Fast-RTPS[0m
[2.333s] [  7%] [34m[1mGenerating C++ introspection for ROS interfaces[0m
[2.340s] [ 14%] [32mBuilding C object CMakeFiles/realsense2_camera_msgs__rosidl_generator_c.dir/rosidl_generator_c/realsense2_camera_msgs/msg/detail/imu_info__functions.c.o[0m
[2.341s] [ 14%] [32mBuilding C object CMakeFiles/realsense2_camera_msgs__rosidl_generator_c.dir/rosidl_generator_c/realsense2_camera_msgs/msg/detail/metadata__functions.c.o[0m
[2.341s] [ 14%] [32mBuilding C object CMakeFiles/realsense2_camera_msgs__rosidl_generator_c.dir/rosidl_generator_c/realsense2_camera_msgs/msg/detail/rgbd__functions.c.o[0m
[2.341s] [ 14%] [32mBuilding C object CMakeFiles/realsense2_camera_msgs__rosidl_generator_c.dir/rosidl_generator_c/realsense2_camera_msgs/msg/detail/extrinsics__functions.c.o[0m
[2.341s] [ 15%] [32mBuilding C object CMakeFiles/realsense2_camera_msgs__rosidl_generator_c.dir/rosidl_generator_c/realsense2_camera_msgs/srv/detail/device_info__functions.c.o[0m
[2.398s] [ 17%] [32m[1mLinking C shared library librealsense2_camera_msgs__rosidl_generator_c.so[0m
[2.426s] [ 17%] Built target realsense2_camera_msgs__rosidl_generator_c
[2.431s] [ 22%] [34m[1mGenerating C introspection for ROS interfaces[0m
[2.432s] [ 22%] [34m[1mGenerating C type support for eProsima Fast-RTPS[0m
[2.432s] [ 22%] [34m[1mGenerating C type support dispatch for ROS interfaces[0m
[2.661s] [ 25%] [32mBuilding CXX object CMakeFiles/realsense2_camera_msgs__rosidl_typesupport_cpp.dir/rosidl_typesupport_cpp/realsense2_camera_msgs/srv/device_info__type_support.cpp.o[0m
[2.662s] [ 25%] [32mBuilding CXX object CMakeFiles/realsense2_camera_msgs__rosidl_typesupport_cpp.dir/rosidl_typesupport_cpp/realsense2_camera_msgs/msg/metadata__type_support.cpp.o[0m
[2.662s] [ 28%] [32mBuilding CXX object CMakeFiles/realsense2_camera_msgs__rosidl_typesupport_cpp.dir/rosidl_typesupport_cpp/realsense2_camera_msgs/msg/imu_info__type_support.cpp.o[0m
[2.662s] [ 28%] [32mBuilding CXX object CMakeFiles/realsense2_camera_msgs__rosidl_typesupport_cpp.dir/rosidl_typesupport_cpp/realsense2_camera_msgs/msg/extrinsics__type_support.cpp.o[0m
[2.662s] [ 30%] [32mBuilding CXX object CMakeFiles/realsense2_camera_msgs__rosidl_typesupport_cpp.dir/rosidl_typesupport_cpp/realsense2_camera_msgs/msg/rgbd__type_support.cpp.o[0m
[2.704s] [ 36%] [32mBuilding CXX object CMakeFiles/realsense2_camera_msgs__rosidl_typesupport_introspection_cpp.dir/rosidl_typesupport_introspection_cpp/realsense2_camera_msgs/msg/detail/imu_info__type_support.cpp.o[0m
[2.704s] [ 36%] [32mBuilding CXX object CMakeFiles/realsense2_camera_msgs__rosidl_typesupport_introspection_cpp.dir/rosidl_typesupport_introspection_cpp/realsense2_camera_msgs/msg/detail/extrinsics__type_support.cpp.o[0m
[2.704s] [ 36%] [32mBuilding CXX object CMakeFiles/realsense2_camera_msgs__rosidl_typesupport_introspection_cpp.dir/rosidl_typesupport_introspection_cpp/realsense2_camera_msgs/msg/detail/metadata__type_support.cpp.o[0m
[2.705s] [ 36%] [32mBuilding CXX object CMakeFiles/realsense2_camera_msgs__rosidl_typesupport_introspection_cpp.dir/rosidl_typesupport_introspection_cpp/realsense2_camera_msgs/msg/detail/rgbd__type_support.cpp.o[0m
[2.705s] [ 38%] [32mBuilding CXX object CMakeFiles/realsense2_camera_msgs__rosidl_typesupport_introspection_cpp.dir/rosidl_typesupport_introspection_cpp/realsense2_camera_msgs/srv/detail/device_info__type_support.cpp.o[0m
[2.796s] [ 39%] [32mBuilding CXX object CMakeFiles/realsense2_camera_msgs__rosidl_typesupport_fastrtps_cpp.dir/rosidl_typesupport_fastrtps_cpp/realsense2_camera_msgs/msg/detail/dds_fastrtps/extrinsics__type_support.cpp.o[0m
[2.800s] [ 41%] [32mBuilding CXX object CMakeFiles/realsense2_camera_msgs__rosidl_typesupport_fastrtps_cpp.dir/rosidl_typesupport_fastrtps_cpp/realsense2_camera_msgs/msg/detail/dds_fastrtps/imu_info__type_support.cpp.o[0m
[2.800s] [ 42%] [32mBuilding CXX object CMakeFiles/realsense2_camera_msgs__rosidl_typesupport_fastrtps_cpp.dir/rosidl_typesupport_fastrtps_cpp/realsense2_camera_msgs/msg/detail/dds_fastrtps/metadata__type_support.cpp.o[0m
[2.841s] [ 44%] [32mBuilding CXX object CMakeFiles/realsense2_camera_msgs__rosidl_typesupport_c.dir/rosidl_typesupport_c/realsense2_camera_msgs/msg/imu_info__type_support.cpp.o[0m
[2.915s] [ 46%] [32mBuilding CXX object CMakeFiles/realsense2_camera_msgs__rosidl_typesupport_c.dir/rosidl_typesupport_c/realsense2_camera_msgs/msg/extrinsics__type_support.cpp.o[0m
[2.951s] [ 47%] [32mBuilding CXX object CMakeFiles/realsense2_camera_msgs__rosidl_typesupport_fastrtps_c.dir/rosidl_typesupport_fastrtps_c/realsense2_camera_msgs/msg/detail/imu_info__type_support_c.cpp.o[0m
[2.951s] [ 49%] [32mBuilding CXX object CMakeFiles/realsense2_camera_msgs__rosidl_typesupport_fastrtps_c.dir/rosidl_typesupport_fastrtps_c/realsense2_camera_msgs/msg/detail/extrinsics__type_support_c.cpp.o[0m
[2.953s] [ 52%] [32mBuilding CXX object CMakeFiles/realsense2_camera_msgs__rosidl_typesupport_c.dir/rosidl_typesupport_c/realsense2_camera_msgs/msg/metadata__type_support.cpp.o[0m
[2.953s] [ 52%] [32mBuilding CXX object CMakeFiles/realsense2_camera_msgs__rosidl_typesupport_fastrtps_c.dir/rosidl_typesupport_fastrtps_c/realsense2_camera_msgs/msg/detail/metadata__type_support_c.cpp.o[0m
[2.956s] [ 53%] [32mBuilding CXX object CMakeFiles/realsense2_camera_msgs__rosidl_typesupport_c.dir/rosidl_typesupport_c/realsense2_camera_msgs/msg/rgbd__type_support.cpp.o[0m
[2.960s] [ 55%] [32mBuilding C object CMakeFiles/realsense2_camera_msgs__rosidl_typesupport_introspection_c.dir/rosidl_typesupport_introspection_c/realsense2_camera_msgs/msg/detail/imu_info__type_support.c.o[0m
[2.984s] [ 57%] [32mBuilding CXX object CMakeFiles/realsense2_camera_msgs__rosidl_typesupport_fastrtps_c.dir/rosidl_typesupport_fastrtps_c/realsense2_camera_msgs/msg/detail/rgbd__type_support_c.cpp.o[0m
[2.994s] [ 58%] [32mBuilding CXX object CMakeFiles/realsense2_camera_msgs__rosidl_typesupport_c.dir/rosidl_typesupport_c/realsense2_camera_msgs/srv/device_info__type_support.cpp.o[0m
[3.006s] [ 60%] [32mBuilding CXX object CMakeFiles/realsense2_camera_msgs__rosidl_typesupport_fastrtps_c.dir/rosidl_typesupport_fastrtps_c/realsense2_camera_msgs/srv/detail/device_info__type_support_c.cpp.o[0m
[3.025s] [ 61%] [32mBuilding C object CMakeFiles/realsense2_camera_msgs__rosidl_typesupport_introspection_c.dir/rosidl_typesupport_introspection_c/realsense2_camera_msgs/msg/detail/extrinsics__type_support.c.o[0m
[3.025s] [ 63%] [32m[1mLinking CXX shared library librealsense2_camera_msgs__rosidl_typesupport_cpp.so[0m
[3.038s] [ 65%] [32m[1mLinking CXX shared library librealsense2_camera_msgs__rosidl_typesupport_c.so[0m
[3.072s] [ 66%] [32mBuilding CXX object CMakeFiles/realsense2_camera_msgs__rosidl_typesupport_fastrtps_cpp.dir/rosidl_typesupport_fastrtps_cpp/realsense2_camera_msgs/msg/detail/dds_fastrtps/rgbd__type_support.cpp.o[0m
[3.075s] [ 68%] [32mBuilding C object CMakeFiles/realsense2_camera_msgs__rosidl_typesupport_introspection_c.dir/rosidl_typesupport_introspection_c/realsense2_camera_msgs/msg/detail/metadata__type_support.c.o[0m
[3.089s] [ 68%] Built target realsense2_camera_msgs__rosidl_typesupport_c
[3.095s] [ 69%] [32mBuilding C object CMakeFiles/realsense2_camera_msgs__rosidl_typesupport_introspection_c.dir/rosidl_typesupport_introspection_c/realsense2_camera_msgs/msg/detail/rgbd__type_support.c.o[0m
[3.096s] [ 71%] [32mBuilding C object CMakeFiles/realsense2_camera_msgs__rosidl_typesupport_introspection_c.dir/rosidl_typesupport_introspection_c/realsense2_camera_msgs/srv/detail/device_info__type_support.c.o[0m
[3.102s] [ 73%] [32mBuilding CXX object CMakeFiles/realsense2_camera_msgs__rosidl_typesupport_fastrtps_cpp.dir/rosidl_typesupport_fastrtps_cpp/realsense2_camera_msgs/srv/detail/dds_fastrtps/device_info__type_support.cpp.o[0m
[3.104s] [ 73%] Built target realsense2_camera_msgs__rosidl_typesupport_cpp
[3.112s] [ 74%] [32m[1mLinking CXX shared library librealsense2_camera_msgs__rosidl_typesupport_introspection_cpp.so[0m
[3.141s] [ 76%] [32m[1mLinking C shared library librealsense2_camera_msgs__rosidl_typesupport_introspection_c.so[0m
[3.171s] [ 76%] Built target realsense2_camera_msgs__rosidl_typesupport_introspection_c
[3.224s] [ 76%] Built target realsense2_camera_msgs__rosidl_typesupport_introspection_cpp
[3.354s] [ 77%] [32m[1mLinking CXX shared library librealsense2_camera_msgs__rosidl_typesupport_fastrtps_c.so[0m
[3.411s] [ 77%] Built target realsense2_camera_msgs__rosidl_typesupport_fastrtps_c
[3.447s] [ 79%] [32m[1mLinking CXX shared library librealsense2_camera_msgs__rosidl_typesupport_fastrtps_cpp.so[0m
[3.496s] [ 79%] Built target realsense2_camera_msgs__rosidl_typesupport_fastrtps_cpp
[3.507s] [ 79%] Built target realsense2_camera_msgs
[3.518s] [ 80%] [34m[1mGenerating Python code for ROS interfaces[0m
[4.085s] [ 80%] Built target realsense2_camera_msgs__py
[4.096s] [ 88%] [32mBuilding C object CMakeFiles/realsense2_camera_msgs__rosidl_generator_py.dir/rosidl_generator_py/realsense2_camera_msgs/msg/_rgbd_s.c.o[0m
[4.096s] [ 88%] [32mBuilding C object CMakeFiles/realsense2_camera_msgs__rosidl_generator_py.dir/rosidl_generator_py/realsense2_camera_msgs/srv/_device_info_s.c.o[0m
[4.097s] [ 88%] [32mBuilding C object CMakeFiles/realsense2_camera_msgs__rosidl_generator_py.dir/rosidl_generator_py/realsense2_camera_msgs/msg/_metadata_s.c.o[0m
[4.097s] [ 88%] [32mBuilding C object CMakeFiles/realsense2_camera_msgs__rosidl_generator_py.dir/rosidl_generator_py/realsense2_camera_msgs/msg/_imu_info_s.c.o[0m
[4.097s] [ 88%] [32mBuilding C object CMakeFiles/realsense2_camera_msgs__rosidl_generator_py.dir/rosidl_generator_py/realsense2_camera_msgs/msg/_extrinsics_s.c.o[0m
[4.190s] [ 90%] [32m[1mLinking C shared library rosidl_generator_py/realsense2_camera_msgs/librealsense2_camera_msgs__rosidl_generator_py.so[0m
[4.221s] [ 90%] Built target realsense2_camera_msgs__rosidl_generator_py
[4.232s] [ 95%] [32mBuilding C object CMakeFiles/realsense2_camera_msgs__rosidl_typesupport_fastrtps_c__pyext.dir/rosidl_generator_py/realsense2_camera_msgs/_realsense2_camera_msgs_s.ep.rosidl_typesupport_fastrtps_c.c.o[0m
[4.232s] [ 95%] [32mBuilding C object CMakeFiles/realsense2_camera_msgs__rosidl_typesupport_introspection_c__pyext.dir/rosidl_generator_py/realsense2_camera_msgs/_realsense2_camera_msgs_s.ep.rosidl_typesupport_introspection_c.c.o[0m
[4.232s] [ 95%] [32mBuilding C object CMakeFiles/realsense2_camera_msgs__rosidl_typesupport_c__pyext.dir/rosidl_generator_py/realsense2_camera_msgs/_realsense2_camera_msgs_s.ep.rosidl_typesupport_c.c.o[0m
[4.315s] [100%] [32m[1mLinking C shared library rosidl_generator_py/realsense2_camera_msgs/realsense2_camera_msgs_s__rosidl_typesupport_c.cpython-310-x86_64-linux-gnu.so[0m
[4.315s] [100%] [32m[1mLinking C shared library rosidl_generator_py/realsense2_camera_msgs/realsense2_camera_msgs_s__rosidl_typesupport_introspection_c.cpython-310-x86_64-linux-gnu.so[0m
[4.315s] [100%] [32m[1mLinking C shared library rosidl_generator_py/realsense2_camera_msgs/realsense2_camera_msgs_s__rosidl_typesupport_fastrtps_c.cpython-310-x86_64-linux-gnu.so[0m
[4.343s] [100%] Built target realsense2_camera_msgs__rosidl_typesupport_introspection_c__pyext
[4.343s] [100%] Built target realsense2_camera_msgs__rosidl_typesupport_c__pyext
[4.344s] [100%] Built target realsense2_camera_msgs__rosidl_typesupport_fastrtps_c__pyext
[4.351s] Invoked command in '/home/haechan/Repo_2025/machine_AI/cv_uav_control_for_landing/vertiport_detect/detecting_vertiport_ws/build/realsense2_camera_msgs' returned '0': CMAKE_PREFIX_PATH=${CMAKE_PREFIX_PATH}:/opt/ros/humble /usr/local/bin/cmake --build /home/haechan/Repo_2025/machine_AI/cv_uav_control_for_landing/vertiport_detect/detecting_vertiport_ws/build/realsense2_camera_msgs -- -j16 -l16
[4.357s] Invoking command in '/home/haechan/Repo_2025/machine_AI/cv_uav_control_for_landing/vertiport_detect/detecting_vertiport_ws/build/realsense2_camera_msgs': CMAKE_PREFIX_PATH=${CMAKE_PREFIX_PATH}:/opt/ros/humble /usr/local/bin/cmake --install /home/haechan/Repo_2025/machine_AI/cv_uav_control_for_landing/vertiport_detect/detecting_vertiport_ws/build/realsense2_camera_msgs
[4.361s] -- Install configuration: ""
[4.361s] -- Installing: /home/haechan/Repo_2025/machine_AI/cv_uav_control_for_landing/vertiport_detect/detecting_vertiport_ws/install/realsense2_camera_msgs/share/ament_index/resource_index/rosidl_interfaces/realsense2_camera_msgs
[4.361s] -- Installing: /home/haechan/Repo_2025/machine_AI/cv_uav_control_for_landing/vertiport_detect/detecting_vertiport_ws/install/realsense2_camera_msgs/include/realsense2_camera_msgs/realsense2_camera_msgs
[4.361s] -- Installing: /home/haechan/Repo_2025/machine_AI/cv_uav_control_for_landing/vertiport_detect/detecting_vertiport_ws/install/realsense2_camera_msgs/include/realsense2_camera_msgs/realsense2_camera_msgs/srv
[4.361s] -- Installing: /home/haechan/Repo_2025/machine_AI/cv_uav_control_for_landing/vertiport_detect/detecting_vertiport_ws/install/realsense2_camera_msgs/include/realsense2_camera_msgs/realsense2_camera_msgs/srv/device_info.h
[4.362s] -- Installing: /home/haechan/Repo_2025/machine_AI/cv_uav_control_for_landing/vertiport_detect/detecting_vertiport_ws/install/realsense2_camera_msgs/include/realsense2_camera_msgs/realsense2_camera_msgs/srv/detail
[4.362s] -- Installing: /home/haechan/Repo_2025/machine_AI/cv_uav_control_for_landing/vertiport_detect/detecting_vertiport_ws/install/realsense2_camera_msgs/include/realsense2_camera_msgs/realsense2_camera_msgs/srv/detail/device_info__functions.h
[4.362s] -- Installing: /home/haechan/Repo_2025/machine_AI/cv_uav_control_for_landing/vertiport_detect/detecting_vertiport_ws/install/realsense2_camera_msgs/include/realsense2_camera_msgs/realsense2_camera_msgs/srv/detail/device_info__struct.h
[4.362s] -- Installing: /home/haechan/Repo_2025/machine_AI/cv_uav_control_for_landing/vertiport_detect/detecting_vertiport_ws/install/realsense2_camera_msgs/include/realsense2_camera_msgs/realsense2_camera_msgs/srv/detail/device_info__functions.c
[4.362s] -- Installing: /home/haechan/Repo_2025/machine_AI/cv_uav_control_for_landing/vertiport_detect/detecting_vertiport_ws/install/realsense2_camera_msgs/include/realsense2_camera_msgs/realsense2_camera_msgs/srv/detail/device_info__type_support.h
[4.362s] -- Installing: /home/haechan/Repo_2025/machine_AI/cv_uav_control_for_landing/vertiport_detect/detecting_vertiport_ws/install/realsense2_camera_msgs/include/realsense2_camera_msgs/realsense2_camera_msgs/msg
[4.362s] -- Installing: /home/haechan/Repo_2025/machine_AI/cv_uav_control_for_landing/vertiport_detect/detecting_vertiport_ws/install/realsense2_camera_msgs/include/realsense2_camera_msgs/realsense2_camera_msgs/msg/metadata.h
[4.362s] -- Installing: /home/haechan/Repo_2025/machine_AI/cv_uav_control_for_landing/vertiport_detect/detecting_vertiport_ws/install/realsense2_camera_msgs/include/realsense2_camera_msgs/realsense2_camera_msgs/msg/rosidl_generator_c__visibility_control.h
[4.363s] -- Installing: /home/haechan/Repo_2025/machine_AI/cv_uav_control_for_landing/vertiport_detect/detecting_vertiport_ws/install/realsense2_camera_msgs/include/realsense2_camera_msgs/realsense2_camera_msgs/msg/imu_info.h
[4.363s] -- Installing: /home/haechan/Repo_2025/machine_AI/cv_uav_control_for_landing/vertiport_detect/detecting_vertiport_ws/install/realsense2_camera_msgs/include/realsense2_camera_msgs/realsense2_camera_msgs/msg/extrinsics.h
[4.363s] -- Installing: /home/haechan/Repo_2025/machine_AI/cv_uav_control_for_landing/vertiport_detect/detecting_vertiport_ws/install/realsense2_camera_msgs/include/realsense2_camera_msgs/realsense2_camera_msgs/msg/rgbd.h
[4.363s] -- Installing: /home/haechan/Repo_2025/machine_AI/cv_uav_control_for_landing/vertiport_detect/detecting_vertiport_ws/install/realsense2_camera_msgs/include/realsense2_camera_msgs/realsense2_camera_msgs/msg/detail
[4.363s] -- Installing: /home/haechan/Repo_2025/machine_AI/cv_uav_control_for_landing/vertiport_detect/detecting_vertiport_ws/install/realsense2_camera_msgs/include/realsense2_camera_msgs/realsense2_camera_msgs/msg/detail/imu_info__functions.h
[4.363s] -- Installing: /home/haechan/Repo_2025/machine_AI/cv_uav_control_for_landing/vertiport_detect/detecting_vertiport_ws/install/realsense2_camera_msgs/include/realsense2_camera_msgs/realsense2_camera_msgs/msg/detail/extrinsics__functions.c
[4.363s] -- Installing: /home/haechan/Repo_2025/machine_AI/cv_uav_control_for_landing/vertiport_detect/detecting_vertiport_ws/install/realsense2_camera_msgs/include/realsense2_camera_msgs/realsense2_camera_msgs/msg/detail/rgbd__struct.h
[4.363s] -- Installing: /home/haechan/Repo_2025/machine_AI/cv_uav_control_for_landing/vertiport_detect/detecting_vertiport_ws/install/realsense2_camera_msgs/include/realsense2_camera_msgs/realsense2_camera_msgs/msg/detail/rgbd__functions.c
[4.363s] -- Installing: /home/haechan/Repo_2025/machine_AI/cv_uav_control_for_landing/vertiport_detect/detecting_vertiport_ws/install/realsense2_camera_msgs/include/realsense2_camera_msgs/realsense2_camera_msgs/msg/detail/metadata__struct.h
[4.364s] -- Installing: /home/haechan/Repo_2025/machine_AI/cv_uav_control_for_landing/vertiport_detect/detecting_vertiport_ws/install/realsense2_camera_msgs/include/realsense2_camera_msgs/realsense2_camera_msgs/msg/detail/metadata__type_support.h
[4.364s] -- Installing: /home/haechan/Repo_2025/machine_AI/cv_uav_control_for_landing/vertiport_detect/detecting_vertiport_ws/install/realsense2_camera_msgs/include/realsense2_camera_msgs/realsense2_camera_msgs/msg/detail/extrinsics__functions.h
[4.364s] -- Installing: /home/haechan/Repo_2025/machine_AI/cv_uav_control_for_landing/vertiport_detect/detecting_vertiport_ws/install/realsense2_camera_msgs/include/realsense2_camera_msgs/realsense2_camera_msgs/msg/detail/metadata__functions.h
[4.364s] -- Installing: /home/haechan/Repo_2025/machine_AI/cv_uav_control_for_landing/vertiport_detect/detecting_vertiport_ws/install/realsense2_camera_msgs/include/realsense2_camera_msgs/realsense2_camera_msgs/msg/detail/extrinsics__struct.h
[4.364s] -- Installing: /home/haechan/Repo_2025/machine_AI/cv_uav_control_for_landing/vertiport_detect/detecting_vertiport_ws/install/realsense2_camera_msgs/include/realsense2_camera_msgs/realsense2_camera_msgs/msg/detail/rgbd__type_support.h
[4.364s] -- Installing: /home/haechan/Repo_2025/machine_AI/cv_uav_control_for_landing/vertiport_detect/detecting_vertiport_ws/install/realsense2_camera_msgs/include/realsense2_camera_msgs/realsense2_camera_msgs/msg/detail/imu_info__type_support.h
[4.364s] -- Installing: /home/haechan/Repo_2025/machine_AI/cv_uav_control_for_landing/vertiport_detect/detecting_vertiport_ws/install/realsense2_camera_msgs/include/realsense2_camera_msgs/realsense2_camera_msgs/msg/detail/extrinsics__type_support.h
[4.364s] -- Installing: /home/haechan/Repo_2025/machine_AI/cv_uav_control_for_landing/vertiport_detect/detecting_vertiport_ws/install/realsense2_camera_msgs/include/realsense2_camera_msgs/realsense2_camera_msgs/msg/detail/metadata__functions.c
[4.365s] -- Installing: /home/haechan/Repo_2025/machine_AI/cv_uav_control_for_landing/vertiport_detect/detecting_vertiport_ws/install/realsense2_camera_msgs/include/realsense2_camera_msgs/realsense2_camera_msgs/msg/detail/imu_info__functions.c
[4.365s] -- Installing: /home/haechan/Repo_2025/machine_AI/cv_uav_control_for_landing/vertiport_detect/detecting_vertiport_ws/install/realsense2_camera_msgs/include/realsense2_camera_msgs/realsense2_camera_msgs/msg/detail/rgbd__functions.h
[4.365s] -- Installing: /home/haechan/Repo_2025/machine_AI/cv_uav_control_for_landing/vertiport_detect/detecting_vertiport_ws/install/realsense2_camera_msgs/include/realsense2_camera_msgs/realsense2_camera_msgs/msg/detail/imu_info__struct.h
[4.365s] -- Installing: /home/haechan/Repo_2025/machine_AI/cv_uav_control_for_landing/vertiport_detect/detecting_vertiport_ws/install/realsense2_camera_msgs/share/realsense2_camera_msgs/environment/library_path.sh
[4.365s] -- Installing: /home/haechan/Repo_2025/machine_AI/cv_uav_control_for_landing/vertiport_detect/detecting_vertiport_ws/install/realsense2_camera_msgs/share/realsense2_camera_msgs/environment/library_path.dsv
[4.365s] -- Installing: /home/haechan/Repo_2025/machine_AI/cv_uav_control_for_landing/vertiport_detect/detecting_vertiport_ws/install/realsense2_camera_msgs/lib/librealsense2_camera_msgs__rosidl_generator_c.so
[4.366s] -- Set non-toolchain portion of runtime path of "/home/haechan/Repo_2025/machine_AI/cv_uav_control_for_landing/vertiport_detect/detecting_vertiport_ws/install/realsense2_camera_msgs/lib/librealsense2_camera_msgs__rosidl_generator_c.so" to ""
[4.366s] -- Up-to-date: /home/haechan/Repo_2025/machine_AI/cv_uav_control_for_landing/vertiport_detect/detecting_vertiport_ws/install/realsense2_camera_msgs/include/realsense2_camera_msgs/realsense2_camera_msgs
[4.366s] -- Up-to-date: /home/haechan/Repo_2025/machine_AI/cv_uav_control_for_landing/vertiport_detect/detecting_vertiport_ws/install/realsense2_camera_msgs/include/realsense2_camera_msgs/realsense2_camera_msgs/srv
[4.366s] -- Up-to-date: /home/haechan/Repo_2025/machine_AI/cv_uav_control_for_landing/vertiport_detect/detecting_vertiport_ws/install/realsense2_camera_msgs/include/realsense2_camera_msgs/realsense2_camera_msgs/srv/detail
[4.366s] -- Installing: /home/haechan/Repo_2025/machine_AI/cv_uav_control_for_landing/vertiport_detect/detecting_vertiport_ws/install/realsense2_camera_msgs/include/realsense2_camera_msgs/realsense2_camera_msgs/srv/detail/device_info__rosidl_typesupport_fastrtps_c.h
[4.366s] -- Up-to-date: /home/haechan/Repo_2025/machine_AI/cv_uav_control_for_landing/vertiport_detect/detecting_vertiport_ws/install/realsense2_camera_msgs/include/realsense2_camera_msgs/realsense2_camera_msgs/msg
[4.366s] -- Installing: /home/haechan/Repo_2025/machine_AI/cv_uav_control_for_landing/vertiport_detect/detecting_vertiport_ws/install/realsense2_camera_msgs/include/realsense2_camera_msgs/realsense2_camera_msgs/msg/rosidl_typesupport_fastrtps_c__visibility_control.h
[4.366s] -- Up-to-date: /home/haechan/Repo_2025/machine_AI/cv_uav_control_for_landing/vertiport_detect/detecting_vertiport_ws/install/realsense2_camera_msgs/include/realsense2_camera_msgs/realsense2_camera_msgs/msg/detail
[4.366s] -- Installing: /home/haechan/Repo_2025/machine_AI/cv_uav_control_for_landing/vertiport_detect/detecting_vertiport_ws/install/realsense2_camera_msgs/include/realsense2_camera_msgs/realsense2_camera_msgs/msg/detail/extrinsics__rosidl_typesupport_fastrtps_c.h
[4.366s] -- Installing: /home/haechan/Repo_2025/machine_AI/cv_uav_control_for_landing/vertiport_detect/detecting_vertiport_ws/install/realsense2_camera_msgs/include/realsense2_camera_msgs/realsense2_camera_msgs/msg/detail/rgbd__rosidl_typesupport_fastrtps_c.h
[4.367s] -- Installing: /home/haechan/Repo_2025/machine_AI/cv_uav_control_for_landing/vertiport_detect/detecting_vertiport_ws/install/realsense2_camera_msgs/include/realsense2_camera_msgs/realsense2_camera_msgs/msg/detail/metadata__rosidl_typesupport_fastrtps_c.h
[4.367s] -- Installing: /home/haechan/Repo_2025/machine_AI/cv_uav_control_for_landing/vertiport_detect/detecting_vertiport_ws/install/realsense2_camera_msgs/include/realsense2_camera_msgs/realsense2_camera_msgs/msg/detail/imu_info__rosidl_typesupport_fastrtps_c.h
[4.367s] -- Installing: /home/haechan/Repo_2025/machine_AI/cv_uav_control_for_landing/vertiport_detect/detecting_vertiport_ws/install/realsense2_camera_msgs/lib/librealsense2_camera_msgs__rosidl_typesupport_fastrtps_c.so
[4.367s] -- Set non-toolchain portion of runtime path of "/home/haechan/Repo_2025/machine_AI/cv_uav_control_for_landing/vertiport_detect/detecting_vertiport_ws/install/realsense2_camera_msgs/lib/librealsense2_camera_msgs__rosidl_typesupport_fastrtps_c.so" to ""
[4.367s] -- Up-to-date: /home/haechan/Repo_2025/machine_AI/cv_uav_control_for_landing/vertiport_detect/detecting_vertiport_ws/install/realsense2_camera_msgs/include/realsense2_camera_msgs/realsense2_camera_msgs
[4.367s] -- Up-to-date: /home/haechan/Repo_2025/machine_AI/cv_uav_control_for_landing/vertiport_detect/detecting_vertiport_ws/install/realsense2_camera_msgs/include/realsense2_camera_msgs/realsense2_camera_msgs/srv
[4.367s] -- Up-to-date: /home/haechan/Repo_2025/machine_AI/cv_uav_control_for_landing/vertiport_detect/detecting_vertiport_ws/install/realsense2_camera_msgs/include/realsense2_camera_msgs/realsense2_camera_msgs/srv/detail
[4.367s] -- Installing: /home/haechan/Repo_2025/machine_AI/cv_uav_control_for_landing/vertiport_detect/detecting_vertiport_ws/install/realsense2_camera_msgs/include/realsense2_camera_msgs/realsense2_camera_msgs/srv/detail/device_info__rosidl_typesupport_introspection_c.h
[4.368s] -- Installing: /home/haechan/Repo_2025/machine_AI/cv_uav_control_for_landing/vertiport_detect/detecting_vertiport_ws/install/realsense2_camera_msgs/include/realsense2_camera_msgs/realsense2_camera_msgs/srv/detail/device_info__type_support.c
[4.368s] -- Up-to-date: /home/haechan/Repo_2025/machine_AI/cv_uav_control_for_landing/vertiport_detect/detecting_vertiport_ws/install/realsense2_camera_msgs/include/realsense2_camera_msgs/realsense2_camera_msgs/msg
[4.368s] -- Installing: /home/haechan/Repo_2025/machine_AI/cv_uav_control_for_landing/vertiport_detect/detecting_vertiport_ws/install/realsense2_camera_msgs/include/realsense2_camera_msgs/realsense2_camera_msgs/msg/rosidl_typesupport_introspection_c__visibility_control.h
[4.368s] -- Up-to-date: /home/haechan/Repo_2025/machine_AI/cv_uav_control_for_landing/vertiport_detect/detecting_vertiport_ws/install/realsense2_camera_msgs/include/realsense2_camera_msgs/realsense2_camera_msgs/msg/detail
[4.368s] -- Installing: /home/haechan/Repo_2025/machine_AI/cv_uav_control_for_landing/vertiport_detect/detecting_vertiport_ws/install/realsense2_camera_msgs/include/realsense2_camera_msgs/realsense2_camera_msgs/msg/detail/extrinsics__rosidl_typesupport_introspection_c.h
[4.368s] -- Installing: /home/haechan/Repo_2025/machine_AI/cv_uav_control_for_landing/vertiport_detect/detecting_vertiport_ws/install/realsense2_camera_msgs/include/realsense2_camera_msgs/realsense2_camera_msgs/msg/detail/metadata__type_support.c
[4.368s] -- Installing: /home/haechan/Repo_2025/machine_AI/cv_uav_control_for_landing/vertiport_detect/detecting_vertiport_ws/install/realsense2_camera_msgs/include/realsense2_camera_msgs/realsense2_camera_msgs/msg/detail/imu_info__type_support.c
[4.368s] -- Installing: /home/haechan/Repo_2025/machine_AI/cv_uav_control_for_landing/vertiport_detect/detecting_vertiport_ws/install/realsense2_camera_msgs/include/realsense2_camera_msgs/realsense2_camera_msgs/msg/detail/rgbd__type_support.c
[4.368s] -- Installing: /home/haechan/Repo_2025/machine_AI/cv_uav_control_for_landing/vertiport_detect/detecting_vertiport_ws/install/realsense2_camera_msgs/include/realsense2_camera_msgs/realsense2_camera_msgs/msg/detail/rgbd__rosidl_typesupport_introspection_c.h
[4.369s] -- Installing: /home/haechan/Repo_2025/machine_AI/cv_uav_control_for_landing/vertiport_detect/detecting_vertiport_ws/install/realsense2_camera_msgs/include/realsense2_camera_msgs/realsense2_camera_msgs/msg/detail/extrinsics__type_support.c
[4.369s] -- Installing: /home/haechan/Repo_2025/machine_AI/cv_uav_control_for_landing/vertiport_detect/detecting_vertiport_ws/install/realsense2_camera_msgs/include/realsense2_camera_msgs/realsense2_camera_msgs/msg/detail/metadata__rosidl_typesupport_introspection_c.h
[4.369s] -- Installing: /home/haechan/Repo_2025/machine_AI/cv_uav_control_for_landing/vertiport_detect/detecting_vertiport_ws/install/realsense2_camera_msgs/include/realsense2_camera_msgs/realsense2_camera_msgs/msg/detail/imu_info__rosidl_typesupport_introspection_c.h
[4.369s] -- Installing: /home/haechan/Repo_2025/machine_AI/cv_uav_control_for_landing/vertiport_detect/detecting_vertiport_ws/install/realsense2_camera_msgs/lib/librealsense2_camera_msgs__rosidl_typesupport_introspection_c.so
[4.369s] -- Set non-toolchain portion of runtime path of "/home/haechan/Repo_2025/machine_AI/cv_uav_control_for_landing/vertiport_detect/detecting_vertiport_ws/install/realsense2_camera_msgs/lib/librealsense2_camera_msgs__rosidl_typesupport_introspection_c.so" to ""
[4.369s] -- Installing: /home/haechan/Repo_2025/machine_AI/cv_uav_control_for_landing/vertiport_detect/detecting_vertiport_ws/install/realsense2_camera_msgs/lib/librealsense2_camera_msgs__rosidl_typesupport_c.so
[4.370s] -- Set non-toolchain portion of runtime path of "/home/haechan/Repo_2025/machine_AI/cv_uav_control_for_landing/vertiport_detect/detecting_vertiport_ws/install/realsense2_camera_msgs/lib/librealsense2_camera_msgs__rosidl_typesupport_c.so" to ""
[4.370s] -- Up-to-date: /home/haechan/Repo_2025/machine_AI/cv_uav_control_for_landing/vertiport_detect/detecting_vertiport_ws/install/realsense2_camera_msgs/include/realsense2_camera_msgs/realsense2_camera_msgs
[4.370s] -- Up-to-date: /home/haechan/Repo_2025/machine_AI/cv_uav_control_for_landing/vertiport_detect/detecting_vertiport_ws/install/realsense2_camera_msgs/include/realsense2_camera_msgs/realsense2_camera_msgs/srv
[4.370s] -- Installing: /home/haechan/Repo_2025/machine_AI/cv_uav_control_for_landing/vertiport_detect/detecting_vertiport_ws/install/realsense2_camera_msgs/include/realsense2_camera_msgs/realsense2_camera_msgs/srv/device_info.hpp
[4.370s] -- Up-to-date: /home/haechan/Repo_2025/machine_AI/cv_uav_control_for_landing/vertiport_detect/detecting_vertiport_ws/install/realsense2_camera_msgs/include/realsense2_camera_msgs/realsense2_camera_msgs/srv/detail
[4.370s] -- Installing: /home/haechan/Repo_2025/machine_AI/cv_uav_control_for_landing/vertiport_detect/detecting_vertiport_ws/install/realsense2_camera_msgs/include/realsense2_camera_msgs/realsense2_camera_msgs/srv/detail/device_info__builder.hpp
[4.370s] -- Installing: /home/haechan/Repo_2025/machine_AI/cv_uav_control_for_landing/vertiport_detect/detecting_vertiport_ws/install/realsense2_camera_msgs/include/realsense2_camera_msgs/realsense2_camera_msgs/srv/detail/device_info__struct.hpp
[4.370s] -- Installing: /home/haechan/Repo_2025/machine_AI/cv_uav_control_for_landing/vertiport_detect/detecting_vertiport_ws/install/realsense2_camera_msgs/include/realsense2_camera_msgs/realsense2_camera_msgs/srv/detail/device_info__traits.hpp
[4.370s] -- Installing: /home/haechan/Repo_2025/machine_AI/cv_uav_control_for_landing/vertiport_detect/detecting_vertiport_ws/install/realsense2_camera_msgs/include/realsense2_camera_msgs/realsense2_camera_msgs/srv/detail/device_info__type_support.hpp
[4.371s] -- Up-to-date: /home/haechan/Repo_2025/machine_AI/cv_uav_control_for_landing/vertiport_detect/detecting_vertiport_ws/install/realsense2_camera_msgs/include/realsense2_camera_msgs/realsense2_camera_msgs/msg
[4.371s] -- Installing: /home/haechan/Repo_2025/machine_AI/cv_uav_control_for_landing/vertiport_detect/detecting_vertiport_ws/install/realsense2_camera_msgs/include/realsense2_camera_msgs/realsense2_camera_msgs/msg/rosidl_generator_cpp__visibility_control.hpp
[4.371s] -- Installing: /home/haechan/Repo_2025/machine_AI/cv_uav_control_for_landing/vertiport_detect/detecting_vertiport_ws/install/realsense2_camera_msgs/include/realsense2_camera_msgs/realsense2_camera_msgs/msg/metadata.hpp
[4.371s] -- Installing: /home/haechan/Repo_2025/machine_AI/cv_uav_control_for_landing/vertiport_detect/detecting_vertiport_ws/install/realsense2_camera_msgs/include/realsense2_camera_msgs/realsense2_camera_msgs/msg/imu_info.hpp
[4.371s] -- Installing: /home/haechan/Repo_2025/machine_AI/cv_uav_control_for_landing/vertiport_detect/detecting_vertiport_ws/install/realsense2_camera_msgs/include/realsense2_camera_msgs/realsense2_camera_msgs/msg/rgbd.hpp
[4.371s] -- Up-to-date: /home/haechan/Repo_2025/machine_AI/cv_uav_control_for_landing/vertiport_detect/detecting_vertiport_ws/install/realsense2_camera_msgs/include/realsense2_camera_msgs/realsense2_camera_msgs/msg/detail
[4.371s] -- Installing: /home/haechan/Repo_2025/machine_AI/cv_uav_control_for_landing/vertiport_detect/detecting_vertiport_ws/install/realsense2_camera_msgs/include/realsense2_camera_msgs/realsense2_camera_msgs/msg/detail/imu_info__struct.hpp
[4.371s] -- Installing: /home/haechan/Repo_2025/machine_AI/cv_uav_control_for_landing/vertiport_detect/detecting_vertiport_ws/install/realsense2_camera_msgs/include/realsense2_camera_msgs/realsense2_camera_msgs/msg/detail/rgbd__struct.hpp
[4.371s] -- Installing: /home/haechan/Repo_2025/machine_AI/cv_uav_control_for_landing/vertiport_detect/detecting_vertiport_ws/install/realsense2_camera_msgs/include/realsense2_camera_msgs/realsense2_camera_msgs/msg/detail/extrinsics__struct.hpp
[4.371s] -- Installing: /home/haechan/Repo_2025/machine_AI/cv_uav_control_for_landing/vertiport_detect/detecting_vertiport_ws/install/realsense2_camera_msgs/include/realsense2_camera_msgs/realsense2_camera_msgs/msg/detail/rgbd__type_support.hpp
[4.371s] -- Installing: /home/haechan/Repo_2025/machine_AI/cv_uav_control_for_landing/vertiport_detect/detecting_vertiport_ws/install/realsense2_camera_msgs/include/realsense2_camera_msgs/realsense2_camera_msgs/msg/detail/imu_info__builder.hpp
[4.372s] -- Installing: /home/haechan/Repo_2025/machine_AI/cv_uav_control_for_landing/vertiport_detect/detecting_vertiport_ws/install/realsense2_camera_msgs/include/realsense2_camera_msgs/realsense2_camera_msgs/msg/detail/extrinsics__traits.hpp
[4.372s] -- Installing: /home/haechan/Repo_2025/machine_AI/cv_uav_control_for_landing/vertiport_detect/detecting_vertiport_ws/install/realsense2_camera_msgs/include/realsense2_camera_msgs/realsense2_camera_msgs/msg/detail/imu_info__traits.hpp
[4.372s] -- Installing: /home/haechan/Repo_2025/machine_AI/cv_uav_control_for_landing/vertiport_detect/detecting_vertiport_ws/install/realsense2_camera_msgs/include/realsense2_camera_msgs/realsense2_camera_msgs/msg/detail/rgbd__traits.hpp
[4.372s] -- Installing: /home/haechan/Repo_2025/machine_AI/cv_uav_control_for_landing/vertiport_detect/detecting_vertiport_ws/install/realsense2_camera_msgs/include/realsense2_camera_msgs/realsense2_camera_msgs/msg/detail/imu_info__type_support.hpp
[4.372s] -- Installing: /home/haechan/Repo_2025/machine_AI/cv_uav_control_for_landing/vertiport_detect/detecting_vertiport_ws/install/realsense2_camera_msgs/include/realsense2_camera_msgs/realsense2_camera_msgs/msg/detail/metadata__builder.hpp
[4.372s] -- Installing: /home/haechan/Repo_2025/machine_AI/cv_uav_control_for_landing/vertiport_detect/detecting_vertiport_ws/install/realsense2_camera_msgs/include/realsense2_camera_msgs/realsense2_camera_msgs/msg/detail/rgbd__builder.hpp
[4.372s] -- Installing: /home/haechan/Repo_2025/machine_AI/cv_uav_control_for_landing/vertiport_detect/detecting_vertiport_ws/install/realsense2_camera_msgs/include/realsense2_camera_msgs/realsense2_camera_msgs/msg/detail/extrinsics__builder.hpp
[4.372s] -- Installing: /home/haechan/Repo_2025/machine_AI/cv_uav_control_for_landing/vertiport_detect/detecting_vertiport_ws/install/realsense2_camera_msgs/include/realsense2_camera_msgs/realsense2_camera_msgs/msg/detail/metadata__type_support.hpp
[4.372s] -- Installing: /home/haechan/Repo_2025/machine_AI/cv_uav_control_for_landing/vertiport_detect/detecting_vertiport_ws/install/realsense2_camera_msgs/include/realsense2_camera_msgs/realsense2_camera_msgs/msg/detail/metadata__traits.hpp
[4.372s] -- Installing: /home/haechan/Repo_2025/machine_AI/cv_uav_control_for_landing/vertiport_detect/detecting_vertiport_ws/install/realsense2_camera_msgs/include/realsense2_camera_msgs/realsense2_camera_msgs/msg/detail/extrinsics__type_support.hpp
[4.373s] -- Installing: /home/haechan/Repo_2025/machine_AI/cv_uav_control_for_landing/vertiport_detect/detecting_vertiport_ws/install/realsense2_camera_msgs/include/realsense2_camera_msgs/realsense2_camera_msgs/msg/detail/metadata__struct.hpp
[4.373s] -- Installing: /home/haechan/Repo_2025/machine_AI/cv_uav_control_for_landing/vertiport_detect/detecting_vertiport_ws/install/realsense2_camera_msgs/include/realsense2_camera_msgs/realsense2_camera_msgs/msg/extrinsics.hpp
[4.373s] -- Up-to-date: /home/haechan/Repo_2025/machine_AI/cv_uav_control_for_landing/vertiport_detect/detecting_vertiport_ws/install/realsense2_camera_msgs/include/realsense2_camera_msgs/realsense2_camera_msgs
[4.373s] -- Up-to-date: /home/haechan/Repo_2025/machine_AI/cv_uav_control_for_landing/vertiport_detect/detecting_vertiport_ws/install/realsense2_camera_msgs/include/realsense2_camera_msgs/realsense2_camera_msgs/srv
[4.373s] -- Up-to-date: /home/haechan/Repo_2025/machine_AI/cv_uav_control_for_landing/vertiport_detect/detecting_vertiport_ws/install/realsense2_camera_msgs/include/realsense2_camera_msgs/realsense2_camera_msgs/srv/detail
[4.373s] -- Installing: /home/haechan/Repo_2025/machine_AI/cv_uav_control_for_landing/vertiport_detect/detecting_vertiport_ws/install/realsense2_camera_msgs/include/realsense2_camera_msgs/realsense2_camera_msgs/srv/detail/dds_fastrtps
[4.373s] -- Installing: /home/haechan/Repo_2025/machine_AI/cv_uav_control_for_landing/vertiport_detect/detecting_vertiport_ws/install/realsense2_camera_msgs/include/realsense2_camera_msgs/realsense2_camera_msgs/srv/detail/device_info__rosidl_typesupport_fastrtps_cpp.hpp
[4.373s] -- Up-to-date: /home/haechan/Repo_2025/machine_AI/cv_uav_control_for_landing/vertiport_detect/detecting_vertiport_ws/install/realsense2_camera_msgs/include/realsense2_camera_msgs/realsense2_camera_msgs/msg
[4.373s] -- Installing: /home/haechan/Repo_2025/machine_AI/cv_uav_control_for_landing/vertiport_detect/detecting_vertiport_ws/install/realsense2_camera_msgs/include/realsense2_camera_msgs/realsense2_camera_msgs/msg/rosidl_typesupport_fastrtps_cpp__visibility_control.h
[4.373s] -- Up-to-date: /home/haechan/Repo_2025/machine_AI/cv_uav_control_for_landing/vertiport_detect/detecting_vertiport_ws/install/realsense2_camera_msgs/include/realsense2_camera_msgs/realsense2_camera_msgs/msg/detail
[4.373s] -- Installing: /home/haechan/Repo_2025/machine_AI/cv_uav_control_for_landing/vertiport_detect/detecting_vertiport_ws/install/realsense2_camera_msgs/include/realsense2_camera_msgs/realsense2_camera_msgs/msg/detail/dds_fastrtps
[4.373s] -- Installing: /home/haechan/Repo_2025/machine_AI/cv_uav_control_for_landing/vertiport_detect/detecting_vertiport_ws/install/realsense2_camera_msgs/include/realsense2_camera_msgs/realsense2_camera_msgs/msg/detail/rgbd__rosidl_typesupport_fastrtps_cpp.hpp
[4.373s] -- Installing: /home/haechan/Repo_2025/machine_AI/cv_uav_control_for_landing/vertiport_detect/detecting_vertiport_ws/install/realsense2_camera_msgs/include/realsense2_camera_msgs/realsense2_camera_msgs/msg/detail/extrinsics__rosidl_typesupport_fastrtps_cpp.hpp
[4.374s] -- Installing: /home/haechan/Repo_2025/machine_AI/cv_uav_control_for_landing/vertiport_detect/detecting_vertiport_ws/install/realsense2_camera_msgs/include/realsense2_camera_msgs/realsense2_camera_msgs/msg/detail/metadata__rosidl_typesupport_fastrtps_cpp.hpp
[4.374s] -- Installing: /home/haechan/Repo_2025/machine_AI/cv_uav_control_for_landing/vertiport_detect/detecting_vertiport_ws/install/realsense2_camera_msgs/include/realsense2_camera_msgs/realsense2_camera_msgs/msg/detail/imu_info__rosidl_typesupport_fastrtps_cpp.hpp
[4.374s] -- Installing: /home/haechan/Repo_2025/machine_AI/cv_uav_control_for_landing/vertiport_detect/detecting_vertiport_ws/install/realsense2_camera_msgs/lib/librealsense2_camera_msgs__rosidl_typesupport_fastrtps_cpp.so
[4.374s] -- Set non-toolchain portion of runtime path of "/home/haechan/Repo_2025/machine_AI/cv_uav_control_for_landing/vertiport_detect/detecting_vertiport_ws/install/realsense2_camera_msgs/lib/librealsense2_camera_msgs__rosidl_typesupport_fastrtps_cpp.so" to ""
[4.374s] -- Up-to-date: /home/haechan/Repo_2025/machine_AI/cv_uav_control_for_landing/vertiport_detect/detecting_vertiport_ws/install/realsense2_camera_msgs/include/realsense2_camera_msgs/realsense2_camera_msgs
[4.374s] -- Up-to-date: /home/haechan/Repo_2025/machine_AI/cv_uav_control_for_landing/vertiport_detect/detecting_vertiport_ws/install/realsense2_camera_msgs/include/realsense2_camera_msgs/realsense2_camera_msgs/srv
[4.374s] -- Up-to-date: /home/haechan/Repo_2025/machine_AI/cv_uav_control_for_landing/vertiport_detect/detecting_vertiport_ws/install/realsense2_camera_msgs/include/realsense2_camera_msgs/realsense2_camera_msgs/srv/detail
[4.374s] -- Installing: /home/haechan/Repo_2025/machine_AI/cv_uav_control_for_landing/vertiport_detect/detecting_vertiport_ws/install/realsense2_camera_msgs/include/realsense2_camera_msgs/realsense2_camera_msgs/srv/detail/device_info__type_support.cpp
[4.375s] -- Installing: /home/haechan/Repo_2025/machine_AI/cv_uav_control_for_landing/vertiport_detect/detecting_vertiport_ws/install/realsense2_camera_msgs/include/realsense2_camera_msgs/realsense2_camera_msgs/srv/detail/device_info__rosidl_typesupport_introspection_cpp.hpp
[4.375s] -- Up-to-date: /home/haechan/Repo_2025/machine_AI/cv_uav_control_for_landing/vertiport_detect/detecting_vertiport_ws/install/realsense2_camera_msgs/include/realsense2_camera_msgs/realsense2_camera_msgs/msg
[4.375s] -- Up-to-date: /home/haechan/Repo_2025/machine_AI/cv_uav_control_for_landing/vertiport_detect/detecting_vertiport_ws/install/realsense2_camera_msgs/include/realsense2_camera_msgs/realsense2_camera_msgs/msg/detail
[4.375s] -- Installing: /home/haechan/Repo_2025/machine_AI/cv_uav_control_for_landing/vertiport_detect/detecting_vertiport_ws/install/realsense2_camera_msgs/include/realsense2_camera_msgs/realsense2_camera_msgs/msg/detail/extrinsics__type_support.cpp
[4.375s] -- Installing: /home/haechan/Repo_2025/machine_AI/cv_uav_control_for_landing/vertiport_detect/detecting_vertiport_ws/install/realsense2_camera_msgs/include/realsense2_camera_msgs/realsense2_camera_msgs/msg/detail/rgbd__type_support.cpp
[4.375s] -- Installing: /home/haechan/Repo_2025/machine_AI/cv_uav_control_for_landing/vertiport_detect/detecting_vertiport_ws/install/realsense2_camera_msgs/include/realsense2_camera_msgs/realsense2_camera_msgs/msg/detail/metadata__type_support.cpp
[4.375s] -- Installing: /home/haechan/Repo_2025/machine_AI/cv_uav_control_for_landing/vertiport_detect/detecting_vertiport_ws/install/realsense2_camera_msgs/include/realsense2_camera_msgs/realsense2_camera_msgs/msg/detail/imu_info__type_support.cpp
[4.375s] -- Installing: /home/haechan/Repo_2025/machine_AI/cv_uav_control_for_landing/vertiport_detect/detecting_vertiport_ws/install/realsense2_camera_msgs/include/realsense2_camera_msgs/realsense2_camera_msgs/msg/detail/extrinsics__rosidl_typesupport_introspection_cpp.hpp
[4.375s] -- Installing: /home/haechan/Repo_2025/machine_AI/cv_uav_control_for_landing/vertiport_detect/detecting_vertiport_ws/install/realsense2_camera_msgs/include/realsense2_camera_msgs/realsense2_camera_msgs/msg/detail/metadata__rosidl_typesupport_introspection_cpp.hpp
[4.375s] -- Installing: /home/haechan/Repo_2025/machine_AI/cv_uav_control_for_landing/vertiport_detect/detecting_vertiport_ws/install/realsense2_camera_msgs/include/realsense2_camera_msgs/realsense2_camera_msgs/msg/detail/rgbd__rosidl_typesupport_introspection_cpp.hpp
[4.375s] -- Installing: /home/haechan/Repo_2025/machine_AI/cv_uav_control_for_landing/vertiport_detect/detecting_vertiport_ws/install/realsense2_camera_msgs/include/realsense2_camera_msgs/realsense2_camera_msgs/msg/detail/imu_info__rosidl_typesupport_introspection_cpp.hpp
[4.376s] -- Installing: /home/haechan/Repo_2025/machine_AI/cv_uav_control_for_landing/vertiport_detect/detecting_vertiport_ws/install/realsense2_camera_msgs/lib/librealsense2_camera_msgs__rosidl_typesupport_introspection_cpp.so
[4.376s] -- Set non-toolchain portion of runtime path of "/home/haechan/Repo_2025/machine_AI/cv_uav_control_for_landing/vertiport_detect/detecting_vertiport_ws/install/realsense2_camera_msgs/lib/librealsense2_camera_msgs__rosidl_typesupport_introspection_cpp.so" to ""
[4.376s] -- Installing: /home/haechan/Repo_2025/machine_AI/cv_uav_control_for_landing/vertiport_detect/detecting_vertiport_ws/install/realsense2_camera_msgs/lib/librealsense2_camera_msgs__rosidl_typesupport_cpp.so
[4.376s] -- Set non-toolchain portion of runtime path of "/home/haechan/Repo_2025/machine_AI/cv_uav_control_for_landing/vertiport_detect/detecting_vertiport_ws/install/realsense2_camera_msgs/lib/librealsense2_camera_msgs__rosidl_typesupport_cpp.so" to ""
[4.376s] -- Installing: /home/haechan/Repo_2025/machine_AI/cv_uav_control_for_landing/vertiport_detect/detecting_vertiport_ws/install/realsense2_camera_msgs/share/realsense2_camera_msgs/environment/pythonpath.sh
[4.377s] -- Installing: /home/haechan/Repo_2025/machine_AI/cv_uav_control_for_landing/vertiport_detect/detecting_vertiport_ws/install/realsense2_camera_msgs/share/realsense2_camera_msgs/environment/pythonpath.dsv
[4.377s] -- Installing: /home/haechan/Repo_2025/machine_AI/cv_uav_control_for_landing/vertiport_detect/detecting_vertiport_ws/install/realsense2_camera_msgs/local/lib/python3.10/dist-packages/realsense2_camera_msgs-4.55.1-py3.10.egg-info
[4.377s] -- Installing: /home/haechan/Repo_2025/machine_AI/cv_uav_control_for_landing/vertiport_detect/detecting_vertiport_ws/install/realsense2_camera_msgs/local/lib/python3.10/dist-packages/realsense2_camera_msgs-4.55.1-py3.10.egg-info/dependency_links.txt
[4.377s] -- Installing: /home/haechan/Repo_2025/machine_AI/cv_uav_control_for_landing/vertiport_detect/detecting_vertiport_ws/install/realsense2_camera_msgs/local/lib/python3.10/dist-packages/realsense2_camera_msgs-4.55.1-py3.10.egg-info/top_level.txt
[4.377s] -- Installing: /home/haechan/Repo_2025/machine_AI/cv_uav_control_for_landing/vertiport_detect/detecting_vertiport_ws/install/realsense2_camera_msgs/local/lib/python3.10/dist-packages/realsense2_camera_msgs-4.55.1-py3.10.egg-info/SOURCES.txt
[4.377s] -- Installing: /home/haechan/Repo_2025/machine_AI/cv_uav_control_for_landing/vertiport_detect/detecting_vertiport_ws/install/realsense2_camera_msgs/local/lib/python3.10/dist-packages/realsense2_camera_msgs-4.55.1-py3.10.egg-info/PKG-INFO
[4.377s] -- Installing: /home/haechan/Repo_2025/machine_AI/cv_uav_control_for_landing/vertiport_detect/detecting_vertiport_ws/install/realsense2_camera_msgs/local/lib/python3.10/dist-packages/realsense2_camera_msgs
[4.377s] -- Installing: /home/haechan/Repo_2025/machine_AI/cv_uav_control_for_landing/vertiport_detect/detecting_vertiport_ws/install/realsense2_camera_msgs/local/lib/python3.10/dist-packages/realsense2_camera_msgs/_realsense2_camera_msgs_s.ep.rosidl_typesupport_fastrtps_c.c
[4.377s] -- Installing: /home/haechan/Repo_2025/machine_AI/cv_uav_control_for_landing/vertiport_detect/detecting_vertiport_ws/install/realsense2_camera_msgs/local/lib/python3.10/dist-packages/realsense2_camera_msgs/srv
[4.378s] -- Installing: /home/haechan/Repo_2025/machine_AI/cv_uav_control_for_landing/vertiport_detect/detecting_vertiport_ws/install/realsense2_camera_msgs/local/lib/python3.10/dist-packages/realsense2_camera_msgs/srv/_device_info_s.c
[4.378s] -- Installing: /home/haechan/Repo_2025/machine_AI/cv_uav_control_for_landing/vertiport_detect/detecting_vertiport_ws/install/realsense2_camera_msgs/local/lib/python3.10/dist-packages/realsense2_camera_msgs/srv/__init__.py
[4.378s] -- Installing: /home/haechan/Repo_2025/machine_AI/cv_uav_control_for_landing/vertiport_detect/detecting_vertiport_ws/install/realsense2_camera_msgs/local/lib/python3.10/dist-packages/realsense2_camera_msgs/srv/_device_info.py
[4.378s] -- Installing: /home/haechan/Repo_2025/machine_AI/cv_uav_control_for_landing/vertiport_detect/detecting_vertiport_ws/install/realsense2_camera_msgs/local/lib/python3.10/dist-packages/realsense2_camera_msgs/msg
[4.378s] -- Installing: /home/haechan/Repo_2025/machine_AI/cv_uav_control_for_landing/vertiport_detect/detecting_vertiport_ws/install/realsense2_camera_msgs/local/lib/python3.10/dist-packages/realsense2_camera_msgs/msg/_extrinsics_s.c
[4.378s] -- Installing: /home/haechan/Repo_2025/machine_AI/cv_uav_control_for_landing/vertiport_detect/detecting_vertiport_ws/install/realsense2_camera_msgs/local/lib/python3.10/dist-packages/realsense2_camera_msgs/msg/_metadata.py
[4.378s] -- Installing: /home/haechan/Repo_2025/machine_AI/cv_uav_control_for_landing/vertiport_detect/detecting_vertiport_ws/install/realsense2_camera_msgs/local/lib/python3.10/dist-packages/realsense2_camera_msgs/msg/_imu_info_s.c
[4.378s] -- Installing: /home/haechan/Repo_2025/machine_AI/cv_uav_control_for_landing/vertiport_detect/detecting_vertiport_ws/install/realsense2_camera_msgs/local/lib/python3.10/dist-packages/realsense2_camera_msgs/msg/_extrinsics.py
[4.378s] -- Installing: /home/haechan/Repo_2025/machine_AI/cv_uav_control_for_landing/vertiport_detect/detecting_vertiport_ws/install/realsense2_camera_msgs/local/lib/python3.10/dist-packages/realsense2_camera_msgs/msg/_imu_info.py
[4.379s] -- Installing: /home/haechan/Repo_2025/machine_AI/cv_uav_control_for_landing/vertiport_detect/detecting_vertiport_ws/install/realsense2_camera_msgs/local/lib/python3.10/dist-packages/realsense2_camera_msgs/msg/__init__.py
[4.379s] -- Installing: /home/haechan/Repo_2025/machine_AI/cv_uav_control_for_landing/vertiport_detect/detecting_vertiport_ws/install/realsense2_camera_msgs/local/lib/python3.10/dist-packages/realsense2_camera_msgs/msg/_rgbd_s.c
[4.379s] -- Installing: /home/haechan/Repo_2025/machine_AI/cv_uav_control_for_landing/vertiport_detect/detecting_vertiport_ws/install/realsense2_camera_msgs/local/lib/python3.10/dist-packages/realsense2_camera_msgs/msg/_rgbd.py
[4.379s] -- Installing: /home/haechan/Repo_2025/machine_AI/cv_uav_control_for_landing/vertiport_detect/detecting_vertiport_ws/install/realsense2_camera_msgs/local/lib/python3.10/dist-packages/realsense2_camera_msgs/msg/_metadata_s.c
[4.379s] -- Installing: /home/haechan/Repo_2025/machine_AI/cv_uav_control_for_landing/vertiport_detect/detecting_vertiport_ws/install/realsense2_camera_msgs/local/lib/python3.10/dist-packages/realsense2_camera_msgs/_realsense2_camera_msgs_s.ep.rosidl_typesupport_c.c
[4.379s] -- Installing: /home/haechan/Repo_2025/machine_AI/cv_uav_control_for_landing/vertiport_detect/detecting_vertiport_ws/install/realsense2_camera_msgs/local/lib/python3.10/dist-packages/realsense2_camera_msgs/realsense2_camera_msgs_s__rosidl_typesupport_introspection_c.cpython-310-x86_64-linux-gnu.so
[4.379s] -- Installing: /home/haechan/Repo_2025/machine_AI/cv_uav_control_for_landing/vertiport_detect/detecting_vertiport_ws/install/realsense2_camera_msgs/local/lib/python3.10/dist-packages/realsense2_camera_msgs/__init__.py
[4.379s] -- Installing: /home/haechan/Repo_2025/machine_AI/cv_uav_control_for_landing/vertiport_detect/detecting_vertiport_ws/install/realsense2_camera_msgs/local/lib/python3.10/dist-packages/realsense2_camera_msgs/realsense2_camera_msgs_s__rosidl_typesupport_c.cpython-310-x86_64-linux-gnu.so
[4.379s] -- Installing: /home/haechan/Repo_2025/machine_AI/cv_uav_control_for_landing/vertiport_detect/detecting_vertiport_ws/install/realsense2_camera_msgs/local/lib/python3.10/dist-packages/realsense2_camera_msgs/librealsense2_camera_msgs__rosidl_generator_py.so
[4.380s] -- Installing: /home/haechan/Repo_2025/machine_AI/cv_uav_control_for_landing/vertiport_detect/detecting_vertiport_ws/install/realsense2_camera_msgs/local/lib/python3.10/dist-packages/realsense2_camera_msgs/_realsense2_camera_msgs_s.ep.rosidl_typesupport_introspection_c.c
[4.380s] -- Installing: /home/haechan/Repo_2025/machine_AI/cv_uav_control_for_landing/vertiport_detect/detecting_vertiport_ws/install/realsense2_camera_msgs/local/lib/python3.10/dist-packages/realsense2_camera_msgs/realsense2_camera_msgs_s__rosidl_typesupport_fastrtps_c.cpython-310-x86_64-linux-gnu.so
[4.411s] Listing '/home/haechan/Repo_2025/machine_AI/cv_uav_control_for_landing/vertiport_detect/detecting_vertiport_ws/install/realsense2_camera_msgs/local/lib/python3.10/dist-packages/realsense2_camera_msgs'...
[4.411s] Compiling '/home/haechan/Repo_2025/machine_AI/cv_uav_control_for_landing/vertiport_detect/detecting_vertiport_ws/install/realsense2_camera_msgs/local/lib/python3.10/dist-packages/realsense2_camera_msgs/__init__.py'...
[4.412s] Listing '/home/haechan/Repo_2025/machine_AI/cv_uav_control_for_landing/vertiport_detect/detecting_vertiport_ws/install/realsense2_camera_msgs/local/lib/python3.10/dist-packages/realsense2_camera_msgs/msg'...
[4.412s] Compiling '/home/haechan/Repo_2025/machine_AI/cv_uav_control_for_landing/vertiport_detect/detecting_vertiport_ws/install/realsense2_camera_msgs/local/lib/python3.10/dist-packages/realsense2_camera_msgs/msg/__init__.py'...
[4.412s] Compiling '/home/haechan/Repo_2025/machine_AI/cv_uav_control_for_landing/vertiport_detect/detecting_vertiport_ws/install/realsense2_camera_msgs/local/lib/python3.10/dist-packages/realsense2_camera_msgs/msg/_extrinsics.py'...
[4.412s] Compiling '/home/haechan/Repo_2025/machine_AI/cv_uav_control_for_landing/vertiport_detect/detecting_vertiport_ws/install/realsense2_camera_msgs/local/lib/python3.10/dist-packages/realsense2_camera_msgs/msg/_imu_info.py'...
[4.412s] Compiling '/home/haechan/Repo_2025/machine_AI/cv_uav_control_for_landing/vertiport_detect/detecting_vertiport_ws/install/realsense2_camera_msgs/local/lib/python3.10/dist-packages/realsense2_camera_msgs/msg/_metadata.py'...
[4.412s] Compiling '/home/haechan/Repo_2025/machine_AI/cv_uav_control_for_landing/vertiport_detect/detecting_vertiport_ws/install/realsense2_camera_msgs/local/lib/python3.10/dist-packages/realsense2_camera_msgs/msg/_rgbd.py'...
[4.412s] Listing '/home/haechan/Repo_2025/machine_AI/cv_uav_control_for_landing/vertiport_detect/detecting_vertiport_ws/install/realsense2_camera_msgs/local/lib/python3.10/dist-packages/realsense2_camera_msgs/srv'...
[4.412s] Compiling '/home/haechan/Repo_2025/machine_AI/cv_uav_control_for_landing/vertiport_detect/detecting_vertiport_ws/install/realsense2_camera_msgs/local/lib/python3.10/dist-packages/realsense2_camera_msgs/srv/__init__.py'...
[4.412s] Compiling '/home/haechan/Repo_2025/machine_AI/cv_uav_control_for_landing/vertiport_detect/detecting_vertiport_ws/install/realsense2_camera_msgs/local/lib/python3.10/dist-packages/realsense2_camera_msgs/srv/_device_info.py'...
[4.415s] -- Installing: /home/haechan/Repo_2025/machine_AI/cv_uav_control_for_landing/vertiport_detect/detecting_vertiport_ws/install/realsense2_camera_msgs/local/lib/python3.10/dist-packages/realsense2_camera_msgs/realsense2_camera_msgs_s__rosidl_typesupport_fastrtps_c.cpython-310-x86_64-linux-gnu.so
[4.416s] -- Set non-toolchain portion of runtime path of "/home/haechan/Repo_2025/machine_AI/cv_uav_control_for_landing/vertiport_detect/detecting_vertiport_ws/install/realsense2_camera_msgs/local/lib/python3.10/dist-packages/realsense2_camera_msgs/realsense2_camera_msgs_s__rosidl_typesupport_fastrtps_c.cpython-310-x86_64-linux-gnu.so" to ""
[4.416s] -- Installing: /home/haechan/Repo_2025/machine_AI/cv_uav_control_for_landing/vertiport_detect/detecting_vertiport_ws/install/realsense2_camera_msgs/local/lib/python3.10/dist-packages/realsense2_camera_msgs/realsense2_camera_msgs_s__rosidl_typesupport_introspection_c.cpython-310-x86_64-linux-gnu.so
[4.416s] -- Set non-toolchain portion of runtime path of "/home/haechan/Repo_2025/machine_AI/cv_uav_control_for_landing/vertiport_detect/detecting_vertiport_ws/install/realsense2_camera_msgs/local/lib/python3.10/dist-packages/realsense2_camera_msgs/realsense2_camera_msgs_s__rosidl_typesupport_introspection_c.cpython-310-x86_64-linux-gnu.so" to ""
[4.417s] -- Installing: /home/haechan/Repo_2025/machine_AI/cv_uav_control_for_landing/vertiport_detect/detecting_vertiport_ws/install/realsense2_camera_msgs/local/lib/python3.10/dist-packages/realsense2_camera_msgs/realsense2_camera_msgs_s__rosidl_typesupport_c.cpython-310-x86_64-linux-gnu.so
[4.417s] -- Set non-toolchain portion of runtime path of "/home/haechan/Repo_2025/machine_AI/cv_uav_control_for_landing/vertiport_detect/detecting_vertiport_ws/install/realsense2_camera_msgs/local/lib/python3.10/dist-packages/realsense2_camera_msgs/realsense2_camera_msgs_s__rosidl_typesupport_c.cpython-310-x86_64-linux-gnu.so" to ""
[4.417s] -- Installing: /home/haechan/Repo_2025/machine_AI/cv_uav_control_for_landing/vertiport_detect/detecting_vertiport_ws/install/realsense2_camera_msgs/lib/librealsense2_camera_msgs__rosidl_generator_py.so
[4.417s] -- Set non-toolchain portion of runtime path of "/home/haechan/Repo_2025/machine_AI/cv_uav_control_for_landing/vertiport_detect/detecting_vertiport_ws/install/realsense2_camera_msgs/lib/librealsense2_camera_msgs__rosidl_generator_py.so" to ""
[4.417s] -- Installing: /home/haechan/Repo_2025/machine_AI/cv_uav_control_for_landing/vertiport_detect/detecting_vertiport_ws/install/realsense2_camera_msgs/share/realsense2_camera_msgs/msg/IMUInfo.idl
[4.418s] -- Installing: /home/haechan/Repo_2025/machine_AI/cv_uav_control_for_landing/vertiport_detect/detecting_vertiport_ws/install/realsense2_camera_msgs/share/realsense2_camera_msgs/msg/Extrinsics.idl
[4.418s] -- Installing: /home/haechan/Repo_2025/machine_AI/cv_uav_control_for_landing/vertiport_detect/detecting_vertiport_ws/install/realsense2_camera_msgs/share/realsense2_camera_msgs/msg/Metadata.idl
[4.418s] -- Installing: /home/haechan/Repo_2025/machine_AI/cv_uav_control_for_landing/vertiport_detect/detecting_vertiport_ws/install/realsense2_camera_msgs/share/realsense2_camera_msgs/msg/RGBD.idl
[4.418s] -- Installing: /home/haechan/Repo_2025/machine_AI/cv_uav_control_for_landing/vertiport_detect/detecting_vertiport_ws/install/realsense2_camera_msgs/share/realsense2_camera_msgs/srv/DeviceInfo.idl
[4.418s] -- Installing: /home/haechan/Repo_2025/machine_AI/cv_uav_control_for_landing/vertiport_detect/detecting_vertiport_ws/install/realsense2_camera_msgs/share/realsense2_camera_msgs/msg/IMUInfo.msg
[4.419s] -- Installing: /home/haechan/Repo_2025/machine_AI/cv_uav_control_for_landing/vertiport_detect/detecting_vertiport_ws/install/realsense2_camera_msgs/share/realsense2_camera_msgs/msg/Extrinsics.msg
[4.419s] -- Installing: /home/haechan/Repo_2025/machine_AI/cv_uav_control_for_landing/vertiport_detect/detecting_vertiport_ws/install/realsense2_camera_msgs/share/realsense2_camera_msgs/msg/Metadata.msg
[4.419s] -- Installing: /home/haechan/Repo_2025/machine_AI/cv_uav_control_for_landing/vertiport_detect/detecting_vertiport_ws/install/realsense2_camera_msgs/share/realsense2_camera_msgs/msg/RGBD.msg
[4.419s] -- Installing: /home/haechan/Repo_2025/machine_AI/cv_uav_control_for_landing/vertiport_detect/detecting_vertiport_ws/install/realsense2_camera_msgs/share/realsense2_camera_msgs/srv/DeviceInfo.srv
[4.419s] -- Installing: /home/haechan/Repo_2025/machine_AI/cv_uav_control_for_landing/vertiport_detect/detecting_vertiport_ws/install/realsense2_camera_msgs/share/realsense2_camera_msgs/srv/DeviceInfo_Request.msg
[4.419s] -- Installing: /home/haechan/Repo_2025/machine_AI/cv_uav_control_for_landing/vertiport_detect/detecting_vertiport_ws/install/realsense2_camera_msgs/share/realsense2_camera_msgs/srv/DeviceInfo_Response.msg
[4.420s] -- Installing: /home/haechan/Repo_2025/machine_AI/cv_uav_control_for_landing/vertiport_detect/detecting_vertiport_ws/install/realsense2_camera_msgs/share/ament_index/resource_index/package_run_dependencies/realsense2_camera_msgs
[4.420s] -- Installing: /home/haechan/Repo_2025/machine_AI/cv_uav_control_for_landing/vertiport_detect/detecting_vertiport_ws/install/realsense2_camera_msgs/share/ament_index/resource_index/parent_prefix_path/realsense2_camera_msgs
[4.420s] -- Installing: /home/haechan/Repo_2025/machine_AI/cv_uav_control_for_landing/vertiport_detect/detecting_vertiport_ws/install/realsense2_camera_msgs/share/realsense2_camera_msgs/environment/ament_prefix_path.sh
[4.420s] -- Installing: /home/haechan/Repo_2025/machine_AI/cv_uav_control_for_landing/vertiport_detect/detecting_vertiport_ws/install/realsense2_camera_msgs/share/realsense2_camera_msgs/environment/ament_prefix_path.dsv
[4.420s] -- Installing: /home/haechan/Repo_2025/machine_AI/cv_uav_control_for_landing/vertiport_detect/detecting_vertiport_ws/install/realsense2_camera_msgs/share/realsense2_camera_msgs/environment/path.sh
[4.420s] -- Installing: /home/haechan/Repo_2025/machine_AI/cv_uav_control_for_landing/vertiport_detect/detecting_vertiport_ws/install/realsense2_camera_msgs/share/realsense2_camera_msgs/environment/path.dsv
[4.421s] -- Installing: /home/haechan/Repo_2025/machine_AI/cv_uav_control_for_landing/vertiport_detect/detecting_vertiport_ws/install/realsense2_camera_msgs/share/realsense2_camera_msgs/local_setup.bash
[4.421s] -- Installing: /home/haechan/Repo_2025/machine_AI/cv_uav_control_for_landing/vertiport_detect/detecting_vertiport_ws/install/realsense2_camera_msgs/share/realsense2_camera_msgs/local_setup.sh
[4.421s] -- Installing: /home/haechan/Repo_2025/machine_AI/cv_uav_control_for_landing/vertiport_detect/detecting_vertiport_ws/install/realsense2_camera_msgs/share/realsense2_camera_msgs/local_setup.zsh
[4.421s] -- Installing: /home/haechan/Repo_2025/machine_AI/cv_uav_control_for_landing/vertiport_detect/detecting_vertiport_ws/install/realsense2_camera_msgs/share/realsense2_camera_msgs/local_setup.dsv
[4.421s] -- Installing: /home/haechan/Repo_2025/machine_AI/cv_uav_control_for_landing/vertiport_detect/detecting_vertiport_ws/install/realsense2_camera_msgs/share/realsense2_camera_msgs/package.dsv
[4.421s] -- Installing: /home/haechan/Repo_2025/machine_AI/cv_uav_control_for_landing/vertiport_detect/detecting_vertiport_ws/install/realsense2_camera_msgs/share/ament_index/resource_index/packages/realsense2_camera_msgs
[4.422s] -- Installing: /home/haechan/Repo_2025/machine_AI/cv_uav_control_for_landing/vertiport_detect/detecting_vertiport_ws/install/realsense2_camera_msgs/share/realsense2_camera_msgs/cmake/export_realsense2_camera_msgs__rosidl_generator_cExport.cmake
[4.422s] -- Installing: /home/haechan/Repo_2025/machine_AI/cv_uav_control_for_landing/vertiport_detect/detecting_vertiport_ws/install/realsense2_camera_msgs/share/realsense2_camera_msgs/cmake/export_realsense2_camera_msgs__rosidl_generator_cExport-noconfig.cmake
[4.422s] -- Installing: /home/haechan/Repo_2025/machine_AI/cv_uav_control_for_landing/vertiport_detect/detecting_vertiport_ws/install/realsense2_camera_msgs/share/realsense2_camera_msgs/cmake/export_realsense2_camera_msgs__rosidl_typesupport_fastrtps_cExport.cmake
[4.423s] -- Installing: /home/haechan/Repo_2025/machine_AI/cv_uav_control_for_landing/vertiport_detect/detecting_vertiport_ws/install/realsense2_camera_msgs/share/realsense2_camera_msgs/cmake/export_realsense2_camera_msgs__rosidl_typesupport_fastrtps_cExport-noconfig.cmake
[4.424s] -- Installing: /home/haechan/Repo_2025/machine_AI/cv_uav_control_for_landing/vertiport_detect/detecting_vertiport_ws/install/realsense2_camera_msgs/share/realsense2_camera_msgs/cmake/realsense2_camera_msgs__rosidl_typesupport_introspection_cExport.cmake
[4.424s] -- Installing: /home/haechan/Repo_2025/machine_AI/cv_uav_control_for_landing/vertiport_detect/detecting_vertiport_ws/install/realsense2_camera_msgs/share/realsense2_camera_msgs/cmake/realsense2_camera_msgs__rosidl_typesupport_introspection_cExport-noconfig.cmake
[4.424s] -- Installing: /home/haechan/Repo_2025/machine_AI/cv_uav_control_for_landing/vertiport_detect/detecting_vertiport_ws/install/realsense2_camera_msgs/share/realsense2_camera_msgs/cmake/realsense2_camera_msgs__rosidl_typesupport_cExport.cmake
[4.424s] -- Installing: /home/haechan/Repo_2025/machine_AI/cv_uav_control_for_landing/vertiport_detect/detecting_vertiport_ws/install/realsense2_camera_msgs/share/realsense2_camera_msgs/cmake/realsense2_camera_msgs__rosidl_typesupport_cExport-noconfig.cmake
[4.424s] -- Installing: /home/haechan/Repo_2025/machine_AI/cv_uav_control_for_landing/vertiport_detect/detecting_vertiport_ws/install/realsense2_camera_msgs/share/realsense2_camera_msgs/cmake/export_realsense2_camera_msgs__rosidl_generator_cppExport.cmake
[4.425s] -- Installing: /home/haechan/Repo_2025/machine_AI/cv_uav_control_for_landing/vertiport_detect/detecting_vertiport_ws/install/realsense2_camera_msgs/share/realsense2_camera_msgs/cmake/export_realsense2_camera_msgs__rosidl_typesupport_fastrtps_cppExport.cmake
[4.425s] -- Installing: /home/haechan/Repo_2025/machine_AI/cv_uav_control_for_landing/vertiport_detect/detecting_vertiport_ws/install/realsense2_camera_msgs/share/realsense2_camera_msgs/cmake/export_realsense2_camera_msgs__rosidl_typesupport_fastrtps_cppExport-noconfig.cmake
[4.425s] -- Installing: /home/haechan/Repo_2025/machine_AI/cv_uav_control_for_landing/vertiport_detect/detecting_vertiport_ws/install/realsense2_camera_msgs/share/realsense2_camera_msgs/cmake/realsense2_camera_msgs__rosidl_typesupport_introspection_cppExport.cmake
[4.425s] -- Installing: /home/haechan/Repo_2025/machine_AI/cv_uav_control_for_landing/vertiport_detect/detecting_vertiport_ws/install/realsense2_camera_msgs/share/realsense2_camera_msgs/cmake/realsense2_camera_msgs__rosidl_typesupport_introspection_cppExport-noconfig.cmake
[4.425s] -- Installing: /home/haechan/Repo_2025/machine_AI/cv_uav_control_for_landing/vertiport_detect/detecting_vertiport_ws/install/realsense2_camera_msgs/share/realsense2_camera_msgs/cmake/realsense2_camera_msgs__rosidl_typesupport_cppExport.cmake
[4.425s] -- Installing: /home/haechan/Repo_2025/machine_AI/cv_uav_control_for_landing/vertiport_detect/detecting_vertiport_ws/install/realsense2_camera_msgs/share/realsense2_camera_msgs/cmake/realsense2_camera_msgs__rosidl_typesupport_cppExport-noconfig.cmake
[4.426s] -- Installing: /home/haechan/Repo_2025/machine_AI/cv_uav_control_for_landing/vertiport_detect/detecting_vertiport_ws/install/realsense2_camera_msgs/share/realsense2_camera_msgs/cmake/export_realsense2_camera_msgs__rosidl_generator_pyExport.cmake
[4.426s] -- Installing: /home/haechan/Repo_2025/machine_AI/cv_uav_control_for_landing/vertiport_detect/detecting_vertiport_ws/install/realsense2_camera_msgs/share/realsense2_camera_msgs/cmake/export_realsense2_camera_msgs__rosidl_generator_pyExport-noconfig.cmake
[4.426s] -- Installing: /home/haechan/Repo_2025/machine_AI/cv_uav_control_for_landing/vertiport_detect/detecting_vertiport_ws/install/realsense2_camera_msgs/share/realsense2_camera_msgs/cmake/rosidl_cmake-extras.cmake
[4.426s] -- Installing: /home/haechan/Repo_2025/machine_AI/cv_uav_control_for_landing/vertiport_detect/detecting_vertiport_ws/install/realsense2_camera_msgs/share/realsense2_camera_msgs/cmake/ament_cmake_export_dependencies-extras.cmake
[4.426s] -- Installing: /home/haechan/Repo_2025/machine_AI/cv_uav_control_for_landing/vertiport_detect/detecting_vertiport_ws/install/realsense2_camera_msgs/share/realsense2_camera_msgs/cmake/ament_cmake_export_include_directories-extras.cmake
[4.427s] -- Installing: /home/haechan/Repo_2025/machine_AI/cv_uav_control_for_landing/vertiport_detect/detecting_vertiport_ws/install/realsense2_camera_msgs/share/realsense2_camera_msgs/cmake/ament_cmake_export_libraries-extras.cmake
[4.427s] -- Installing: /home/haechan/Repo_2025/machine_AI/cv_uav_control_for_landing/vertiport_detect/detecting_vertiport_ws/install/realsense2_camera_msgs/share/realsense2_camera_msgs/cmake/ament_cmake_export_targets-extras.cmake
[4.427s] -- Installing: /home/haechan/Repo_2025/machine_AI/cv_uav_control_for_landing/vertiport_detect/detecting_vertiport_ws/install/realsense2_camera_msgs/share/realsense2_camera_msgs/cmake/rosidl_cmake_export_typesupport_targets-extras.cmake
[4.427s] -- Installing: /home/haechan/Repo_2025/machine_AI/cv_uav_control_for_landing/vertiport_detect/detecting_vertiport_ws/install/realsense2_camera_msgs/share/realsense2_camera_msgs/cmake/rosidl_cmake_export_typesupport_libraries-extras.cmake
[4.427s] -- Installing: /home/haechan/Repo_2025/machine_AI/cv_uav_control_for_landing/vertiport_detect/detecting_vertiport_ws/install/realsense2_camera_msgs/share/realsense2_camera_msgs/cmake/realsense2_camera_msgsConfig.cmake
[4.427s] -- Installing: /home/haechan/Repo_2025/machine_AI/cv_uav_control_for_landing/vertiport_detect/detecting_vertiport_ws/install/realsense2_camera_msgs/share/realsense2_camera_msgs/cmake/realsense2_camera_msgsConfig-version.cmake
[4.427s] -- Installing: /home/haechan/Repo_2025/machine_AI/cv_uav_control_for_landing/vertiport_detect/detecting_vertiport_ws/install/realsense2_camera_msgs/share/realsense2_camera_msgs/package.xml
[4.430s] Invoked command in '/home/haechan/Repo_2025/machine_AI/cv_uav_control_for_landing/vertiport_detect/detecting_vertiport_ws/build/realsense2_camera_msgs' returned '0': CMAKE_PREFIX_PATH=${CMAKE_PREFIX_PATH}:/opt/ros/humble /usr/local/bin/cmake --install /home/haechan/Repo_2025/machine_AI/cv_uav_control_for_landing/vertiport_detect/detecting_vertiport_ws/build/realsense2_camera_msgs
