[0.608s] Invoking command in '/home/haechan/Repo_2025/machine_AI/cv_uav_control_for_landing/vertiport_detect/detecting_vertiport_ws/src/cv_control_for_landing': PYTHONPATH=/home/haechan/Repo_2025/machine_AI/cv_uav_control_for_landing/vertiport_detect/detecting_vertiport_ws/build/cv_control_for_landing/prefix_override:/usr/lib/python3/dist-packages/colcon_core/task/python/colcon_distutils_commands:/home/haechan/Repo_2025/machine_AI/cv_uav_control_for_landing/vertiport_detect/detecting_vertiport_ws/install/cv_control_for_landing/lib/python3.10/site-packages:${PYTHONPATH} /usr/bin/python3 -W ignore:setup.py install is deprecated -W ignore:easy_install command is deprecated setup.py egg_info --egg-base ../../build/cv_control_for_landing build --build-base /home/haechan/Repo_2025/machine_AI/cv_uav_control_for_landing/vertiport_detect/detecting_vertiport_ws/build/cv_control_for_landing/build install --record /home/haechan/Repo_2025/machine_AI/cv_uav_control_for_landing/vertiport_detect/detecting_vertiport_ws/build/cv_control_for_landing/install.log --single-version-externally-managed install_data
[0.792s] running egg_info
[0.804s] creating ../../build/cv_control_for_landing/cv_control_for_landing.egg-info
[0.805s] writing ../../build/cv_control_for_landing/cv_control_for_landing.egg-info/PKG-INFO
[0.805s] writing dependency_links to ../../build/cv_control_for_landing/cv_control_for_landing.egg-info/dependency_links.txt
[0.805s] writing entry points to ../../build/cv_control_for_landing/cv_control_for_landing.egg-info/entry_points.txt
[0.805s] writing requirements to ../../build/cv_control_for_landing/cv_control_for_landing.egg-info/requires.txt
[0.805s] writing top-level names to ../../build/cv_control_for_landing/cv_control_for_landing.egg-info/top_level.txt
[0.805s] writing manifest file '../../build/cv_control_for_landing/cv_control_for_landing.egg-info/SOURCES.txt'
[0.832s] reading manifest file '../../build/cv_control_for_landing/cv_control_for_landing.egg-info/SOURCES.txt'
[0.833s] writing manifest file '../../build/cv_control_for_landing/cv_control_for_landing.egg-info/SOURCES.txt'
[0.833s] running build
[0.833s] running build_py
[0.833s] creating /home/haechan/Repo_2025/machine_AI/cv_uav_control_for_landing/vertiport_detect/detecting_vertiport_ws/build/cv_control_for_landing/build/lib/cv_control_for_landing
[0.834s] copying cv_control_for_landing/RealSenseCameraLauncher.py -> /home/haechan/Repo_2025/machine_AI/cv_uav_control_for_landing/vertiport_detect/detecting_vertiport_ws/build/cv_control_for_landing/build/lib/cv_control_for_landing
[0.834s] copying cv_control_for_landing/yolo_center_publisher.py -> /home/haechan/Repo_2025/machine_AI/cv_uav_control_for_landing/vertiport_detect/detecting_vertiport_ws/build/cv_control_for_landing/build/lib/cv_control_for_landing
[0.834s] copying cv_control_for_landing/realsense_viewer.py -> /home/haechan/Repo_2025/machine_AI/cv_uav_control_for_landing/vertiport_detect/detecting_vertiport_ws/build/cv_control_for_landing/build/lib/cv_control_for_landing
[0.834s] copying cv_control_for_landing/__init__.py -> /home/haechan/Repo_2025/machine_AI/cv_uav_control_for_landing/vertiport_detect/detecting_vertiport_ws/build/cv_control_for_landing/build/lib/cv_control_for_landing
[0.834s] copying cv_control_for_landing/vertiport_landing_control.py -> /home/haechan/Repo_2025/machine_AI/cv_uav_control_for_landing/vertiport_detect/detecting_vertiport_ws/build/cv_control_for_landing/build/lib/cv_control_for_landing
[0.834s] running install
[0.837s] running install_lib
[0.850s] creating /home/haechan/Repo_2025/machine_AI/cv_uav_control_for_landing/vertiport_detect/detecting_vertiport_ws/install/cv_control_for_landing/lib/python3.10/site-packages/cv_control_for_landing
[0.850s] copying /home/haechan/Repo_2025/machine_AI/cv_uav_control_for_landing/vertiport_detect/detecting_vertiport_ws/build/cv_control_for_landing/build/lib/cv_control_for_landing/RealSenseCameraLauncher.py -> /home/haechan/Repo_2025/machine_AI/cv_uav_control_for_landing/vertiport_detect/detecting_vertiport_ws/install/cv_control_for_landing/lib/python3.10/site-packages/cv_control_for_landing
[0.850s] copying /home/haechan/Repo_2025/machine_AI/cv_uav_control_for_landing/vertiport_detect/detecting_vertiport_ws/build/cv_control_for_landing/build/lib/cv_control_for_landing/yolo_center_publisher.py -> /home/haechan/Repo_2025/machine_AI/cv_uav_control_for_landing/vertiport_detect/detecting_vertiport_ws/install/cv_control_for_landing/lib/python3.10/site-packages/cv_control_for_landing
[0.851s] copying /home/haechan/Repo_2025/machine_AI/cv_uav_control_for_landing/vertiport_detect/detecting_vertiport_ws/build/cv_control_for_landing/build/lib/cv_control_for_landing/realsense_viewer.py -> /home/haechan/Repo_2025/machine_AI/cv_uav_control_for_landing/vertiport_detect/detecting_vertiport_ws/install/cv_control_for_landing/lib/python3.10/site-packages/cv_control_for_landing
[0.851s] copying /home/haechan/Repo_2025/machine_AI/cv_uav_control_for_landing/vertiport_detect/detecting_vertiport_ws/build/cv_control_for_landing/build/lib/cv_control_for_landing/__init__.py -> /home/haechan/Repo_2025/machine_AI/cv_uav_control_for_landing/vertiport_detect/detecting_vertiport_ws/install/cv_control_for_landing/lib/python3.10/site-packages/cv_control_for_landing
[0.851s] copying /home/haechan/Repo_2025/machine_AI/cv_uav_control_for_landing/vertiport_detect/detecting_vertiport_ws/build/cv_control_for_landing/build/lib/cv_control_for_landing/vertiport_landing_control.py -> /home/haechan/Repo_2025/machine_AI/cv_uav_control_for_landing/vertiport_detect/detecting_vertiport_ws/install/cv_control_for_landing/lib/python3.10/site-packages/cv_control_for_landing
[0.851s] byte-compiling /home/haechan/Repo_2025/machine_AI/cv_uav_control_for_landing/vertiport_detect/detecting_vertiport_ws/install/cv_control_for_landing/lib/python3.10/site-packages/cv_control_for_landing/RealSenseCameraLauncher.py to RealSenseCameraLauncher.cpython-310.pyc
[0.851s] byte-compiling /home/haechan/Repo_2025/machine_AI/cv_uav_control_for_landing/vertiport_detect/detecting_vertiport_ws/install/cv_control_for_landing/lib/python3.10/site-packages/cv_control_for_landing/yolo_center_publisher.py to yolo_center_publisher.cpython-310.pyc
[0.852s]   File "/home/haechan/Repo_2025/machine_AI/cv_uav_control_for_landing/vertiport_detect/detecting_vertiport_ws/install/cv_control_for_landing/lib/python3.10/site-packages/cv_control_for_landing/yolo_center_publisher.py", line 78
[0.852s]     depth_value = self.latest_depth_image[cy, cx]  mm 단위
[0.852s]                                                    ^^
[0.852s] SyntaxError: invalid syntax
[0.852s] 
[0.852s] byte-compiling /home/haechan/Repo_2025/machine_AI/cv_uav_control_for_landing/vertiport_detect/detecting_vertiport_ws/install/cv_control_for_landing/lib/python3.10/site-packages/cv_control_for_landing/realsense_viewer.py to realsense_viewer.cpython-310.pyc
[0.852s] byte-compiling /home/haechan/Repo_2025/machine_AI/cv_uav_control_for_landing/vertiport_detect/detecting_vertiport_ws/install/cv_control_for_landing/lib/python3.10/site-packages/cv_control_for_landing/__init__.py to __init__.cpython-310.pyc
[0.852s] byte-compiling /home/haechan/Repo_2025/machine_AI/cv_uav_control_for_landing/vertiport_detect/detecting_vertiport_ws/install/cv_control_for_landing/lib/python3.10/site-packages/cv_control_for_landing/vertiport_landing_control.py to vertiport_landing_control.cpython-310.pyc
[0.852s] running install_data
[0.853s] creating /home/haechan/Repo_2025/machine_AI/cv_uav_control_for_landing/vertiport_detect/detecting_vertiport_ws/install/cv_control_for_landing/share/ament_index/resource_index/packages
[0.853s] copying resource/cv_control_for_landing -> /home/haechan/Repo_2025/machine_AI/cv_uav_control_for_landing/vertiport_detect/detecting_vertiport_ws/install/cv_control_for_landing/share/ament_index/resource_index/packages
[0.853s] copying package.xml -> /home/haechan/Repo_2025/machine_AI/cv_uav_control_for_landing/vertiport_detect/detecting_vertiport_ws/install/cv_control_for_landing/share/cv_control_for_landing
[0.853s] creating /home/haechan/Repo_2025/machine_AI/cv_uav_control_for_landing/vertiport_detect/detecting_vertiport_ws/install/cv_control_for_landing/share/cv_control_for_landing/launch
[0.853s] copying launch/realsense_launch.py -> /home/haechan/Repo_2025/machine_AI/cv_uav_control_for_landing/vertiport_detect/detecting_vertiport_ws/install/cv_control_for_landing/share/cv_control_for_landing/launch
[0.853s] running install_egg_info
[0.867s] Copying ../../build/cv_control_for_landing/cv_control_for_landing.egg-info to /home/haechan/Repo_2025/machine_AI/cv_uav_control_for_landing/vertiport_detect/detecting_vertiport_ws/install/cv_control_for_landing/lib/python3.10/site-packages/cv_control_for_landing-0.0.0-py3.10.egg-info
[0.868s] running install_scripts
[0.970s] Installing realsense_viewer script to /home/haechan/Repo_2025/machine_AI/cv_uav_control_for_landing/vertiport_detect/detecting_vertiport_ws/install/cv_control_for_landing/lib/cv_control_for_landing
[0.971s] Installing yolo_center_publisher script to /home/haechan/Repo_2025/machine_AI/cv_uav_control_for_landing/vertiport_detect/detecting_vertiport_ws/install/cv_control_for_landing/lib/cv_control_for_landing
[0.971s] writing list of installed files to '/home/haechan/Repo_2025/machine_AI/cv_uav_control_for_landing/vertiport_detect/detecting_vertiport_ws/build/cv_control_for_landing/install.log'
[1.004s] Invoked command in '/home/haechan/Repo_2025/machine_AI/cv_uav_control_for_landing/vertiport_detect/detecting_vertiport_ws/src/cv_control_for_landing' returned '0': PYTHONPATH=/home/haechan/Repo_2025/machine_AI/cv_uav_control_for_landing/vertiport_detect/detecting_vertiport_ws/build/cv_control_for_landing/prefix_override:/usr/lib/python3/dist-packages/colcon_core/task/python/colcon_distutils_commands:/home/haechan/Repo_2025/machine_AI/cv_uav_control_for_landing/vertiport_detect/detecting_vertiport_ws/install/cv_control_for_landing/lib/python3.10/site-packages:${PYTHONPATH} /usr/bin/python3 -W ignore:setup.py install is deprecated -W ignore:easy_install command is deprecated setup.py egg_info --egg-base ../../build/cv_control_for_landing build --build-base /home/haechan/Repo_2025/machine_AI/cv_uav_control_for_landing/vertiport_detect/detecting_vertiport_ws/build/cv_control_for_landing/build install --record /home/haechan/Repo_2025/machine_AI/cv_uav_control_for_landing/vertiport_detect/detecting_vertiport_ws/build/cv_control_for_landing/install.log --single-version-externally-managed install_data
